LogisticRegression(C=0.008, max_iter=1000, multi_class='multinomial',
                   solver='saga')
['./../../data/input/gene_sets/jeff_cux1_biding_targets.txt']
./../../data/output/export_script/all_cells_all_genes_data_headers.txt
[0.6845637583892618, 0.6711409395973155, 0.6778523489932886, 0.697986577181208, 0.6912751677852349, 0.6375838926174496, 0.6845637583892618, 0.6812080536912751, 0.6342281879194631, 0.6577181208053692, 0.6912751677852349, 0.6677852348993288, 0.6510067114093959, 0.7046979865771812, 0.6845637583892618, 0.674496644295302, 0.6812080536912751, 0.6912751677852349, 0.6409395973154363, 0.6510067114093959, 0.697986577181208, 0.6845637583892618, 0.6543624161073825, 0.6677852348993288, 0.6644295302013423, 0.7181208053691275, 0.6644295302013423, 0.6610738255033557, 0.6711409395973155, 0.6644295302013423, 0.6342281879194631, 0.7114093959731543, 0.714765100671141, 0.697986577181208, 0.6946308724832215, 0.7281879194630873, 0.6610738255033557, 0.6375838926174496, 0.6946308724832215, 0.697986577181208, 0.6711409395973155, 0.6677852348993288, 0.674496644295302, 0.6610738255033557, 0.6677852348993288, 0.6476510067114094, 0.7013422818791947, 0.714765100671141, 0.6879194630872483, 0.714765100671141]

Average accuracy: 0.6777181208053692
Standard deviation: 0.023383844808095584
LogisticRegression(C=0.008, max_iter=1000, multi_class='multinomial',
                   solver='saga')
['./../../data/input/gene_sets/jeff_cux1_biding_targets.txt']
./../../data/output/export_script/three_cells_all_genes_data_headers.txt
[0.75, 0.7234848484848485, 0.7234848484848485, 0.7386363636363636, 0.7348484848484849, 0.7234848484848485, 0.7348484848484849, 0.7272727272727273, 0.6931818181818182, 0.7159090909090909, 0.7121212121212122, 0.7083333333333334, 0.7613636363636364, 0.7272727272727273, 0.7196969696969697, 0.7424242424242424, 0.7159090909090909, 0.7196969696969697, 0.7159090909090909, 0.7045454545454546, 0.7386363636363636, 0.6931818181818182, 0.7045454545454546, 0.7007575757575758, 0.7234848484848485, 0.7121212121212122, 0.7234848484848485, 0.7386363636363636, 0.6856060606060606, 0.696969696969697, 0.7234848484848485, 0.7196969696969697, 0.7272727272727273, 0.7045454545454546, 0.7348484848484849, 0.7083333333333334, 0.7121212121212122, 0.7348484848484849, 0.7727272727272727, 0.7234848484848485, 0.75, 0.7196969696969697, 0.7765151515151515, 0.7310606060606061, 0.7045454545454546, 0.7386363636363636, 0.7348484848484849, 0.6931818181818182, 0.7272727272727273, 0.7310606060606061]

Average accuracy: 0.7235606060606062
Standard deviation: 0.019022393888200095
LogisticRegression(C=0.008, max_iter=1000, multi_class='multinomial',
                   solver='saga')
['./../../data/input/gene_sets/jeff_cux1_biding_targets.txt', './../../data/input/gene_sets/molly_cux1_biding_intersect.txt']
./../../data/output/export_script/all_cells_all_genes_data_headers.txt
[0.6342281879194631, 0.6812080536912751, 0.6677852348993288, 0.7214765100671141, 0.6644295302013423, 0.674496644295302, 0.6208053691275168, 0.6812080536912751, 0.6442953020134228, 0.7214765100671141, 0.6912751677852349, 0.6812080536912751, 0.6778523489932886, 0.6543624161073825, 0.6543624161073825, 0.6812080536912751, 0.6677852348993288, 0.6342281879194631, 0.7181208053691275, 0.6409395973154363, 0.7013422818791947, 0.5939597315436241, 0.6476510067114094, 0.62751677852349, 0.674496644295302, 0.6073825503355704, 0.674496644295302, 0.6778523489932886, 0.6375838926174496, 0.6476510067114094, 0.6610738255033557, 0.6208053691275168, 0.6543624161073825, 0.6442953020134228, 0.6845637583892618, 0.6711409395973155, 0.6476510067114094, 0.6644295302013423, 0.6442953020134228, 0.6409395973154363, 0.6510067114093959, 0.6946308724832215, 0.6543624161073825, 0.6644295302013423, 0.6577181208053692, 0.6442953020134228, 0.6476510067114094, 0.6610738255033557, 0.7046979865771812, 0.6510067114093959]

Average accuracy: 0.6613422818791946
Standard deviation: 0.026986542964848977
LogisticRegression(C=0.008, max_iter=1000, multi_class='multinomial',
                   solver='saga')
['./../../data/input/gene_sets/jeff_cux1_biding_targets.txt', './../../data/input/gene_sets/molly_cux1_biding_intersect.txt']
./../../data/output/export_script/three_cells_all_genes_data_headers.txt
[0.7121212121212122, 0.6818181818181818, 0.6931818181818182, 0.7159090909090909, 0.6893939393939394, 0.6893939393939394, 0.7386363636363636, 0.6931818181818182, 0.7121212121212122, 0.7159090909090909, 0.7272727272727273, 0.7007575757575758, 0.7537878787878788, 0.7196969696969697, 0.7727272727272727, 0.7424242424242424, 0.6856060606060606, 0.696969696969697, 0.7007575757575758, 0.7234848484848485, 0.7348484848484849, 0.6931818181818182, 0.6666666666666666, 0.7424242424242424, 0.7159090909090909, 0.7007575757575758, 0.7234848484848485, 0.7537878787878788, 0.7007575757575758, 0.7386363636363636, 0.7196969696969697, 0.7272727272727273, 0.696969696969697, 0.75, 0.7234848484848485, 0.6742424242424242, 0.7083333333333334, 0.696969696969697, 0.6856060606060606, 0.7537878787878788, 0.7045454545454546, 0.7045454545454546, 0.7159090909090909, 0.7651515151515151, 0.7121212121212122, 0.6893939393939394, 0.7045454545454546, 0.7462121212121212, 0.7159090909090909, 0.7121212121212122]

Average accuracy: 0.7148484848484848
Standard deviation: 0.023897162596536205
LogisticRegression(C=0.008, max_iter=1000, multi_class='multinomial',
                   solver='saga')
['./../../data/input/gene_sets/jeff_cux1_biding_targets.txt', './../../data/input/gene_sets/weihan_cux1_biding_intersect.txt']
./../../data/output/export_script/all_cells_all_genes_data_headers.txt
[0.674496644295302, 0.6912751677852349, 0.6879194630872483, 0.697986577181208, 0.7248322147651006, 0.697986577181208, 0.6476510067114094, 0.6778523489932886, 0.6879194630872483, 0.6644295302013423, 0.6812080536912751, 0.674496644295302, 0.6879194630872483, 0.6644295302013423, 0.697986577181208, 0.6476510067114094, 0.6845637583892618, 0.7046979865771812, 0.6677852348993288, 0.714765100671141, 0.6912751677852349, 0.6644295302013423, 0.7013422818791947, 0.7248322147651006, 0.674496644295302, 0.6644295302013423, 0.697986577181208, 0.6543624161073825, 0.6644295302013423, 0.6879194630872483, 0.6476510067114094, 0.674496644295302, 0.714765100671141, 0.6409395973154363, 0.6912751677852349, 0.6879194630872483, 0.6778523489932886, 0.697986577181208, 0.62751677852349, 0.7248322147651006, 0.62751677852349, 0.6845637583892618, 0.6778523489932886, 0.6946308724832215, 0.6946308724832215, 0.6610738255033557, 0.6778523489932886, 0.7080536912751678, 0.6375838926174496, 0.7181208053691275]

Average accuracy: 0.6814093959731544
Standard deviation: 0.024052796154245965
LogisticRegression(C=0.008, max_iter=1000, multi_class='multinomial',
                   solver='saga')
['./../../data/input/gene_sets/jeff_cux1_biding_targets.txt', './../../data/input/gene_sets/weihan_cux1_biding_intersect.txt']
./../../data/output/export_script/three_cells_all_genes_data_headers.txt
[0.7310606060606061, 0.7537878787878788, 0.7424242424242424, 0.7196969696969697, 0.696969696969697, 0.7007575757575758, 0.7462121212121212, 0.7045454545454546, 0.7045454545454546, 0.7537878787878788, 0.7007575757575758, 0.7196969696969697, 0.7575757575757576, 0.7045454545454546, 0.7272727272727273, 0.7424242424242424, 0.7007575757575758, 0.7613636363636364, 0.7462121212121212, 0.7121212121212122, 0.7083333333333334, 0.7537878787878788, 0.7803030303030303, 0.7386363636363636, 0.7234848484848485, 0.7272727272727273, 0.7234848484848485, 0.678030303030303, 0.6856060606060606, 0.7272727272727273, 0.7613636363636364, 0.7196969696969697, 0.7121212121212122, 0.7083333333333334, 0.7272727272727273, 0.7234848484848485, 0.7462121212121212, 0.7045454545454546, 0.696969696969697, 0.7196969696969697, 0.7234848484848485, 0.7348484848484849, 0.7310606060606061, 0.7424242424242424, 0.7007575757575758, 0.75, 0.7083333333333334, 0.7310606060606061, 0.7272727272727273, 0.7689393939393939]

Average accuracy: 0.7262121212121211
Standard deviation: 0.022384280526574398
MLPClassifier(alpha=0.72, hidden_layer_sizes=(100, 20), max_iter=1000)
['./../../data/input/gene_sets/jeff_cux1_biding_targets.txt']
./../../data/output/export_script/all_cells_all_genes_data_headers.txt
[0.6577181208053692, 0.7315436241610739, 0.6073825503355704, 0.6409395973154363, 0.5469798657718121, 0.674496644295302, 0.6510067114093959, 0.6140939597315436, 0.7181208053691275, 0.7214765100671141, 0.6912751677852349, 0.610738255033557, 0.6879194630872483, 0.7046979865771812, 0.6845637583892618, 0.6342281879194631, 0.35906040268456374, 0.6442953020134228, 0.6174496644295302, 0.6610738255033557, 0.6375838926174496, 0.6140939597315436, 0.6375838926174496, 0.6812080536912751, 0.610738255033557, 0.697986577181208, 0.6442953020134228, 0.4161073825503356, 0.6677852348993288, 0.697986577181208, 0.674496644295302, 0.6711409395973155, 0.674496644295302, 0.6577181208053692, 0.674496644295302, 0.6677852348993288, 0.5838926174496645, 0.6308724832214765, 0.6644295302013423, 0.6476510067114094, 0.674496644295302, 0.6912751677852349, 0.6912751677852349, 0.7248322147651006, 0.5838926174496645, 0.34563758389261745, 0.7013422818791947, 0.6577181208053692, 0.5469798657718121, 0.6610738255033557]

Average accuracy: 0.6397986577181207
Standard deviation: 0.07899705190809789
MLPClassifier(alpha=0.72, hidden_layer_sizes=(100, 20), max_iter=1000)
['./../../data/input/gene_sets/jeff_cux1_biding_targets.txt']
./../../data/output/export_script/three_cells_all_genes_data_headers.txt
[0.7121212121212122, 0.7613636363636364, 0.6931818181818182, 0.7045454545454546, 0.7462121212121212, 0.7575757575757576, 0.48863636363636365, 0.6742424242424242, 0.7310606060606061, 0.7196969696969697, 0.7424242424242424, 0.6515151515151515, 0.7424242424242424, 0.7537878787878788, 0.6515151515151515, 0.5265151515151515, 0.14772727272727273, 0.6553030303030303, 0.7348484848484849, 0.6022727272727273, 0.7083333333333334, 0.6590909090909091, 0.7651515151515151, 0.7651515151515151, 0.7386363636363636, 0.7348484848484849, 0.7424242424242424, 0.7121212121212122, 0.6477272727272727, 0.7537878787878788, 0.7196969696969697, 0.7083333333333334, 0.6931818181818182, 0.7196969696969697, 0.6363636363636364, 0.7727272727272727, 0.7121212121212122, 0.7613636363636364, 0.7234848484848485, 0.7575757575757576, 0.7840909090909091, 0.7840909090909091, 0.4166666666666667, 0.7462121212121212, 0.6515151515151515, 0.6893939393939394, 0.678030303030303, 0.7196969696969697, 0.6363636363636364, 0.7310606060606061]

Average accuracy: 0.6893181818181817
Standard deviation: 0.10515710949226248
MLPClassifier(alpha=0.72, hidden_layer_sizes=(100, 20), max_iter=1000)
['./../../data/input/gene_sets/jeff_cux1_biding_targets.txt', './../../data/input/gene_sets/molly_cux1_biding_intersect.txt']
./../../data/output/export_script/all_cells_all_genes_data_headers.txt
[0.6409395973154363, 0.62751677852349, 0.6510067114093959, 0.6174496644295302, 0.5805369127516778, 0.5973154362416108, 0.6442953020134228, 0.6778523489932886, 0.6778523489932886, 0.6476510067114094, 0.6711409395973155, 0.6644295302013423, 0.6409395973154363, 0.674496644295302, 0.6174496644295302, 0.6577181208053692, 0.6442953020134228, 0.6577181208053692, 0.6241610738255033, 0.6476510067114094, 0.62751677852349, 0.6644295302013423, 0.6778523489932886, 0.6610738255033557, 0.6610738255033557, 0.6476510067114094, 0.674496644295302, 0.6409395973154363, 0.6812080536912751, 0.6644295302013423, 0.6208053691275168, 0.6510067114093959, 0.6342281879194631, 0.6375838926174496, 0.5704697986577181, 0.6510067114093959, 0.6442953020134228, 0.6610738255033557, 0.6711409395973155, 0.6879194630872483, 0.6510067114093959, 0.6006711409395973, 0.6543624161073825, 0.6644295302013423, 0.6442953020134228, 0.6677852348993288, 0.6845637583892618, 0.6610738255033557, 0.6241610738255033, 0.62751677852349]

Average accuracy: 0.6474496644295303
Standard deviation: 0.025480473662863296
MLPClassifier(alpha=0.72, hidden_layer_sizes=(100, 20), max_iter=1000)
['./../../data/input/gene_sets/jeff_cux1_biding_targets.txt', './../../data/input/gene_sets/molly_cux1_biding_intersect.txt']
./../../data/output/export_script/three_cells_all_genes_data_headers.txt
[0.6856060606060606, 0.7424242424242424, 0.7007575757575758, 0.7045454545454546, 0.6628787878787878, 0.6931818181818182, 0.7575757575757576, 0.678030303030303, 0.7196969696969697, 0.696969696969697, 0.6893939393939394, 0.7045454545454546, 0.7234848484848485, 0.6818181818181818, 0.6628787878787878, 0.7007575757575758, 0.7196969696969697, 0.7234848484848485, 0.678030303030303, 0.7196969696969697, 0.7537878787878788, 0.7386363636363636, 0.6742424242424242, 0.7045454545454546, 0.678030303030303, 0.7007575757575758, 0.6818181818181818, 0.6931818181818182, 0.7007575757575758, 0.7310606060606061, 0.678030303030303, 0.6931818181818182, 0.7727272727272727, 0.7272727272727273, 0.7234848484848485, 0.7045454545454546, 0.7348484848484849, 0.7348484848484849, 0.7310606060606061, 0.696969696969697, 0.7007575757575758, 0.7159090909090909, 0.6628787878787878, 0.7007575757575758, 0.6553030303030303, 0.7083333333333334, 0.7196969696969697, 0.7310606060606061, 0.7272727272727273, 0.7727272727272727]

Average accuracy: 0.7078787878787878
Standard deviation: 0.027300490918804262
MLPClassifier(alpha=0.72, hidden_layer_sizes=(100, 20), max_iter=1000)
['./../../data/input/gene_sets/jeff_cux1_biding_targets.txt', './../../data/input/gene_sets/weihan_cux1_biding_intersect.txt']
./../../data/output/export_script/all_cells_all_genes_data_headers.txt
[0.6476510067114094, 0.6812080536912751, 0.6644295302013423, 0.6677852348993288, 0.6778523489932886, 0.6610738255033557, 0.6912751677852349, 0.6543624161073825, 0.6577181208053692, 0.674496644295302, 0.6845637583892618, 0.6946308724832215, 0.6510067114093959, 0.6644295302013423, 0.6711409395973155, 0.6610738255033557, 0.6476510067114094, 0.6442953020134228, 0.7046979865771812, 0.6946308724832215, 0.6812080536912751, 0.6241610738255033, 0.6409395973154363, 0.6778523489932886, 0.6879194630872483, 0.6812080536912751, 0.6174496644295302, 0.6577181208053692, 0.6845637583892618, 0.6644295302013423, 0.674496644295302, 0.7080536912751678, 0.697986577181208, 0.610738255033557, 0.674496644295302, 0.674496644295302, 0.6677852348993288, 0.697986577181208, 0.6510067114093959, 0.6308724832214765, 0.6879194630872483, 0.674496644295302, 0.6442953020134228, 0.6812080536912751, 0.7013422818791947, 0.6912751677852349, 0.6476510067114094, 0.6812080536912751, 0.6510067114093959, 0.6610738255033557]

Average accuracy: 0.6684563758389261
Standard deviation: 0.0222085800104353
MLPClassifier(alpha=0.72, hidden_layer_sizes=(100, 20), max_iter=1000)
['./../../data/input/gene_sets/jeff_cux1_biding_targets.txt', './../../data/input/gene_sets/weihan_cux1_biding_intersect.txt']
./../../data/output/export_script/three_cells_all_genes_data_headers.txt
[0.6590909090909091, 0.7159090909090909, 0.7083333333333334, 0.7272727272727273, 0.7045454545454546, 0.6553030303030303, 0.7272727272727273, 0.7159090909090909, 0.7689393939393939, 0.7310606060606061, 0.7348484848484849, 0.7272727272727273, 0.75, 0.7159090909090909, 0.6818181818181818, 0.7007575757575758, 0.6628787878787878, 0.7007575757575758, 0.7007575757575758, 0.6893939393939394, 0.7537878787878788, 0.7424242424242424, 0.7121212121212122, 0.7159090909090909, 0.7045454545454546, 0.678030303030303, 0.7121212121212122, 0.7348484848484849, 0.696969696969697, 0.7462121212121212, 0.7234848484848485, 0.7159090909090909, 0.7083333333333334, 0.7045454545454546, 0.678030303030303, 0.7083333333333334, 0.6856060606060606, 0.7234848484848485, 0.7083333333333334, 0.7045454545454546, 0.7083333333333334, 0.7196969696969697, 0.6628787878787878, 0.6704545454545454, 0.7272727272727273, 0.7083333333333334, 0.7272727272727273, 0.7234848484848485, 0.7272727272727273, 0.7045454545454546]

Average accuracy: 0.7103030303030302
Standard deviation: 0.024363334839080954
GridSearchCV(estimator=MLPClassifier(),
             param_grid={'alpha': [1e-05, 0.72, 10],
                         'hidden_layer_sizes': [(100, 20), (250, 100),
                                                (250, 30)],
                         'solver': ['adam', 'lbfgs']})
['./../../data/input/gene_sets/jeff_cux1_biding_targets.txt']
./../../data/output/export_script/all_cells_all_genes_data_headers.txt
{'mean_fit_time': array([12.24094143, 16.46387029, 15.63942547, 32.92560596, 19.92723641,
       29.13732514, 35.04902954, 31.75076075, 51.44900475, 57.80346928,
       58.01117134, 56.8355278 , 25.21857624, 30.49284267, 43.128578  ,
       56.72150369, 43.79034686, 56.48229175]), 'std_fit_time': array([ 1.38932103,  4.53218179,  0.95247002,  3.86690911,  0.70320279,
        2.79457858,  2.41144042,  2.60585808, 15.45067625,  0.70059799,
        4.92897421,  0.67652871,  3.38163688,  1.66908178, 11.25968402,
        0.60216581,  6.75648433,  0.80144367]), 'mean_score_time': array([0.04978414, 0.05208445, 0.05201554, 0.049544  , 0.05252714,
       0.05010862, 0.05189972, 0.05113025, 0.05475917, 0.05257378,
       0.05385594, 0.05111251, 0.05119872, 0.0509562 , 0.05377464,
       0.05097198, 0.05571756, 0.05269442]), 'std_score_time': array([0.00126806, 0.00274644, 0.00117725, 0.00223226, 0.00245832,
       0.00228453, 0.00124344, 0.00381116, 0.00049388, 0.00143832,
       0.00044073, 0.00159314, 0.00158826, 0.00209623, 0.00150363,
       0.00154133, 0.00048311, 0.00143972]), 'param_alpha': masked_array(data=[1e-05, 1e-05, 1e-05, 1e-05, 1e-05, 1e-05, 0.72, 0.72,
                   0.72, 0.72, 0.72, 0.72, 10, 10, 10, 10, 10, 10],
             mask=[False, False, False, False, False, False, False, False,
                   False, False, False, False, False, False, False, False,
                   False, False],
       fill_value='?',
            dtype=object), 'param_hidden_layer_sizes': masked_array(data=[(100, 20), (100, 20), (250, 100), (250, 100),
                   (250, 30), (250, 30), (100, 20), (100, 20), (250, 100),
                   (250, 100), (250, 30), (250, 30), (100, 20), (100, 20),
                   (250, 100), (250, 100), (250, 30), (250, 30)],
             mask=[False, False, False, False, False, False, False, False,
                   False, False, False, False, False, False, False, False,
                   False, False],
       fill_value='?',
            dtype=object), 'param_solver': masked_array(data=['adam', 'lbfgs', 'adam', 'lbfgs', 'adam', 'lbfgs',
                   'adam', 'lbfgs', 'adam', 'lbfgs', 'adam', 'lbfgs',
                   'adam', 'lbfgs', 'adam', 'lbfgs', 'adam', 'lbfgs'],
             mask=[False, False, False, False, False, False, False, False,
                   False, False, False, False, False, False, False, False,
                   False, False],
       fill_value='?',
            dtype=object), 'params': [{'alpha': 1e-05, 'hidden_layer_sizes': (100, 20), 'solver': 'adam'}, {'alpha': 1e-05, 'hidden_layer_sizes': (100, 20), 'solver': 'lbfgs'}, {'alpha': 1e-05, 'hidden_layer_sizes': (250, 100), 'solver': 'adam'}, {'alpha': 1e-05, 'hidden_layer_sizes': (250, 100), 'solver': 'lbfgs'}, {'alpha': 1e-05, 'hidden_layer_sizes': (250, 30), 'solver': 'adam'}, {'alpha': 1e-05, 'hidden_layer_sizes': (250, 30), 'solver': 'lbfgs'}, {'alpha': 0.72, 'hidden_layer_sizes': (100, 20), 'solver': 'adam'}, {'alpha': 0.72, 'hidden_layer_sizes': (100, 20), 'solver': 'lbfgs'}, {'alpha': 0.72, 'hidden_layer_sizes': (250, 100), 'solver': 'adam'}, {'alpha': 0.72, 'hidden_layer_sizes': (250, 100), 'solver': 'lbfgs'}, {'alpha': 0.72, 'hidden_layer_sizes': (250, 30), 'solver': 'adam'}, {'alpha': 0.72, 'hidden_layer_sizes': (250, 30), 'solver': 'lbfgs'}, {'alpha': 10, 'hidden_layer_sizes': (100, 20), 'solver': 'adam'}, {'alpha': 10, 'hidden_layer_sizes': (100, 20), 'solver': 'lbfgs'}, {'alpha': 10, 'hidden_layer_sizes': (250, 100), 'solver': 'adam'}, {'alpha': 10, 'hidden_layer_sizes': (250, 100), 'solver': 'lbfgs'}, {'alpha': 10, 'hidden_layer_sizes': (250, 30), 'solver': 'adam'}, {'alpha': 10, 'hidden_layer_sizes': (250, 30), 'solver': 'lbfgs'}], 'split0_test_score': array([0.61087866, 0.60251046, 0.61506276, 0.64016736, 0.61506276,
       0.64016736, 0.59414226, 0.57322176, 0.63179916, 0.61924686,
       0.51882845, 0.61924686, 0.63179916, 0.64016736, 0.62761506,
       0.61924686, 0.66108787, 0.56485356]), 'split1_test_score': array([0.69747899, 0.68067227, 0.68487395, 0.70168067, 0.68907563,
       0.68487395, 0.72268908, 0.63865546, 0.66806723, 0.65546218,
       0.70588235, 0.63445378, 0.51260504, 0.68907563, 0.68067227,
       0.6302521 , 0.73529412, 0.6302521 ]), 'split2_test_score': array([0.71428571, 0.65966387, 0.70588235, 0.67647059, 0.72268908,
       0.72689076, 0.68067227, 0.67226891, 0.71848739, 0.6302521 ,
       0.71428571, 0.59663866, 0.67647059, 0.64705882, 0.67226891,
       0.67226891, 0.69747899, 0.65966387]), 'split3_test_score': array([0.70588235, 0.63445378, 0.64705882, 0.6092437 , 0.68907563,
       0.61764706, 0.03361345, 0.60084034, 0.68067227, 0.61344538,
       0.6512605 , 0.58403361, 0.6302521 , 0.60504202, 0.66386555,
       0.61344538, 0.6092437 , 0.59663866]), 'split4_test_score': array([0.64705882, 0.60504202, 0.6512605 , 0.6302521 , 0.63445378,
       0.60084034, 0.51680672, 0.58823529, 0.65966387, 0.57563025,
       0.64705882, 0.55042017, 0.6302521 , 0.61344538, 0.6302521 ,
       0.57983193, 0.6302521 , 0.61344538]), 'mean_test_score': array([0.67511691, 0.63646848, 0.66082768, 0.65156288, 0.67007138,
       0.65408389, 0.50958475, 0.61464435, 0.67173798, 0.61880736,
       0.64746317, 0.59695862, 0.6162758 , 0.63895784, 0.65493478,
       0.62300904, 0.66667135, 0.61297071]), 'std_test_score': array([0.03973557, 0.03045268, 0.03157115, 0.03318767, 0.03946012,
       0.04605444, 0.24836876, 0.03605813, 0.02835383, 0.0259529 ,
       0.06991356, 0.02910546, 0.05477716, 0.02959747, 0.02190092,
       0.0298291 , 0.04541733, 0.03181546]), 'rank_test_score': array([ 1, 11,  5,  8,  3,  7, 18, 15,  2, 13,  9, 17, 14, 10,  6, 12,  4,
       16], dtype=int32)}
MLPClassifier(alpha=1e-05, hidden_layer_sizes=(100, 20))
{'alpha': 1e-05, 'hidden_layer_sizes': (100, 20), 'solver': 'adam'}
GridSearchCV(estimator=MLPClassifier(),
             param_grid={'alpha': [1e-05, 0.72, 10],
                         'hidden_layer_sizes': [(100, 20), (250, 100),
                                                (250, 30)],
                         'solver': ['adam', 'lbfgs']})
['./../../data/input/gene_sets/jeff_cux1_biding_targets.txt']
./../../data/output/export_script/three_cells_all_genes_data_headers.txt
{'mean_fit_time': array([12.09750819, 13.78163395, 17.09212523, 22.80318823, 18.70174327,
       25.50194206, 33.31816421, 32.28486209, 52.95511255, 59.29424291,
       43.30356174, 58.4194715 , 20.62137671, 33.57156582, 46.49733162,
       57.34793777, 40.08528185, 56.37199478]), 'std_fit_time': array([ 1.57263431,  2.36301562,  0.79266303,  1.11056462,  1.44704919,
        3.79472987,  1.06150807,  2.13225967, 11.43738479,  0.75870661,
        5.7631354 ,  0.92268762,  3.43533962,  1.13764641, 10.09035781,
        1.48307113,  7.14907673,  0.51535158]), 'mean_score_time': array([0.04936209, 0.04838362, 0.05195675, 0.04900408, 0.05176067,
       0.05104713, 0.0510468 , 0.04868293, 0.05401139, 0.05244236,
       0.05409784, 0.0519516 , 0.05049424, 0.04863906, 0.05293474,
       0.05158491, 0.05302901, 0.05309324]), 'std_score_time': array([0.00024049, 0.00167796, 0.00090603, 0.00188493, 0.00097872,
       0.00305268, 0.00138754, 0.00336889, 0.0003633 , 0.00156056,
       0.00013297, 0.00170929, 0.00149003, 0.00191635, 0.00121915,
       0.00266935, 0.00116447, 0.00291068]), 'param_alpha': masked_array(data=[1e-05, 1e-05, 1e-05, 1e-05, 1e-05, 1e-05, 0.72, 0.72,
                   0.72, 0.72, 0.72, 0.72, 10, 10, 10, 10, 10, 10],
             mask=[False, False, False, False, False, False, False, False,
                   False, False, False, False, False, False, False, False,
                   False, False],
       fill_value='?',
            dtype=object), 'param_hidden_layer_sizes': masked_array(data=[(100, 20), (100, 20), (250, 100), (250, 100),
                   (250, 30), (250, 30), (100, 20), (100, 20), (250, 100),
                   (250, 100), (250, 30), (250, 30), (100, 20), (100, 20),
                   (250, 100), (250, 100), (250, 30), (250, 30)],
             mask=[False, False, False, False, False, False, False, False,
                   False, False, False, False, False, False, False, False,
                   False, False],
       fill_value='?',
            dtype=object), 'param_solver': masked_array(data=['adam', 'lbfgs', 'adam', 'lbfgs', 'adam', 'lbfgs',
                   'adam', 'lbfgs', 'adam', 'lbfgs', 'adam', 'lbfgs',
                   'adam', 'lbfgs', 'adam', 'lbfgs', 'adam', 'lbfgs'],
             mask=[False, False, False, False, False, False, False, False,
                   False, False, False, False, False, False, False, False,
                   False, False],
       fill_value='?',
            dtype=object), 'params': [{'alpha': 1e-05, 'hidden_layer_sizes': (100, 20), 'solver': 'adam'}, {'alpha': 1e-05, 'hidden_layer_sizes': (100, 20), 'solver': 'lbfgs'}, {'alpha': 1e-05, 'hidden_layer_sizes': (250, 100), 'solver': 'adam'}, {'alpha': 1e-05, 'hidden_layer_sizes': (250, 100), 'solver': 'lbfgs'}, {'alpha': 1e-05, 'hidden_layer_sizes': (250, 30), 'solver': 'adam'}, {'alpha': 1e-05, 'hidden_layer_sizes': (250, 30), 'solver': 'lbfgs'}, {'alpha': 0.72, 'hidden_layer_sizes': (100, 20), 'solver': 'adam'}, {'alpha': 0.72, 'hidden_layer_sizes': (100, 20), 'solver': 'lbfgs'}, {'alpha': 0.72, 'hidden_layer_sizes': (250, 100), 'solver': 'adam'}, {'alpha': 0.72, 'hidden_layer_sizes': (250, 100), 'solver': 'lbfgs'}, {'alpha': 0.72, 'hidden_layer_sizes': (250, 30), 'solver': 'adam'}, {'alpha': 0.72, 'hidden_layer_sizes': (250, 30), 'solver': 'lbfgs'}, {'alpha': 10, 'hidden_layer_sizes': (100, 20), 'solver': 'adam'}, {'alpha': 10, 'hidden_layer_sizes': (100, 20), 'solver': 'lbfgs'}, {'alpha': 10, 'hidden_layer_sizes': (250, 100), 'solver': 'adam'}, {'alpha': 10, 'hidden_layer_sizes': (250, 100), 'solver': 'lbfgs'}, {'alpha': 10, 'hidden_layer_sizes': (250, 30), 'solver': 'adam'}, {'alpha': 10, 'hidden_layer_sizes': (250, 30), 'solver': 'lbfgs'}], 'split0_test_score': array([0.72169811, 0.73113208, 0.70754717, 0.70283019, 0.72641509,
       0.70283019, 0.72641509, 0.72641509, 0.6745283 , 0.67924528,
       0.55188679, 0.69339623, 0.69339623, 0.71226415, 0.73113208,
       0.69339623, 0.71698113, 0.63207547]), 'split1_test_score': array([0.7535545 , 0.73459716, 0.75829384, 0.71563981, 0.76303318,
       0.72037915, 0.75829384, 0.70616114, 0.79146919, 0.73933649,
       0.72037915, 0.72511848, 0.76777251, 0.71090047, 0.76303318,
       0.71090047, 0.68720379, 0.73459716]), 'split2_test_score': array([0.70616114, 0.64454976, 0.69194313, 0.60663507, 0.69668246,
       0.63507109, 0.66824645, 0.58767773, 0.72037915, 0.61611374,
       0.7014218 , 0.61137441, 0.66350711, 0.63033175, 0.66350711,
       0.65402844, 0.62085308, 0.63981043]), 'split3_test_score': array([0.73459716, 0.6492891 , 0.71563981, 0.7014218 , 0.73459716,
       0.67298578, 0.74881517, 0.64454976, 0.78199052, 0.63981043,
       0.77251185, 0.60663507, 0.72985782, 0.65402844, 0.70616114,
       0.68720379, 0.68720379, 0.67298578]), 'split4_test_score': array([0.77725118, 0.72037915, 0.76303318, 0.71563981, 0.77251185,
       0.69668246, 0.78672986, 0.69194313, 0.7014218 , 0.7014218 ,
       0.77251185, 0.71563981, 0.71563981, 0.72037915, 0.72985782,
       0.63981043, 0.69194313, 0.69668246]), 'mean_test_score': array([0.73865242, 0.69598945, 0.72729142, 0.68843334, 0.73864795,
       0.68558973, 0.73770008, 0.67134937, 0.73395779, 0.67518555,
       0.70374229, 0.6704328 , 0.7140347 , 0.68558079, 0.71873826,
       0.67706787, 0.68083698, 0.67523026]), 'std_test_score': array([0.02478513, 0.04036677, 0.02833274, 0.04134564, 0.02708711,
       0.0294672 , 0.03975607, 0.04977421, 0.04558407, 0.04372881,
       0.08099477, 0.05122414, 0.03498481, 0.03636488, 0.03300895,
       0.02620279, 0.03196525, 0.0377003 ]), 'rank_test_score': array([ 1,  9,  5, 10,  2, 11,  3, 17,  4, 16,  8, 18,  7, 12,  6, 14, 13,
       15], dtype=int32)}
MLPClassifier(alpha=1e-05, hidden_layer_sizes=(100, 20))
{'alpha': 1e-05, 'hidden_layer_sizes': (100, 20), 'solver': 'adam'}
GridSearchCV(estimator=MLPClassifier(),
             param_grid={'alpha': [1e-05, 0.72, 10],
                         'hidden_layer_sizes': [(100, 20), (250, 100),
                                                (250, 30)],
                         'solver': ['adam', 'lbfgs']})
['./../../data/input/gene_sets/jeff_cux1_biding_targets.txt', './../../data/input/gene_sets/molly_cux1_biding_intersect.txt']
./../../data/output/export_script/all_cells_all_genes_data_headers.txt
{'mean_fit_time': array([ 1.68653774,  1.29614477,  1.92508345,  3.94174352,  2.11804352,
        3.15380425,  3.54898629,  4.49117646,  6.48657498, 11.95755925,
        5.86718702, 11.04787388,  3.25556378,  4.54254985,  5.10464005,
       12.30441709,  4.07006073, 11.29646845]), 'std_fit_time': array([0.10906362, 0.39601262, 0.0510451 , 0.51889547, 0.04995494,
       0.72163298, 0.03876239, 0.66360151, 0.2234051 , 1.12058698,
       0.46968496, 1.12212795, 0.22771859, 0.4551993 , 0.67013315,
       0.44819979, 0.61364464, 0.62420706]), 'mean_score_time': array([0.00750732, 0.01383414, 0.00817623, 0.01528611, 0.00801125,
       0.01586356, 0.00757551, 0.01601238, 0.00803957, 0.01677065,
       0.0081408 , 0.0178308 , 0.00767441, 0.01632028, 0.00808706,
       0.01636243, 0.00804906, 0.01870494]), 'std_score_time': array([3.11455344e-05, 4.82396314e-03, 3.10512118e-04, 3.48754862e-03,
       1.91113965e-04, 3.92045191e-03, 6.85661326e-05, 4.16569669e-03,
       4.83138882e-05, 4.15663104e-03, 2.90583015e-04, 1.05150274e-03,
       3.26434632e-04, 4.17808036e-03, 4.32167068e-05, 3.43903018e-03,
       2.99906745e-04, 1.55819135e-03]), 'param_alpha': masked_array(data=[1e-05, 1e-05, 1e-05, 1e-05, 1e-05, 1e-05, 0.72, 0.72,
                   0.72, 0.72, 0.72, 0.72, 10, 10, 10, 10, 10, 10],
             mask=[False, False, False, False, False, False, False, False,
                   False, False, False, False, False, False, False, False,
                   False, False],
       fill_value='?',
            dtype=object), 'param_hidden_layer_sizes': masked_array(data=[(100, 20), (100, 20), (250, 100), (250, 100),
                   (250, 30), (250, 30), (100, 20), (100, 20), (250, 100),
                   (250, 100), (250, 30), (250, 30), (100, 20), (100, 20),
                   (250, 100), (250, 100), (250, 30), (250, 30)],
             mask=[False, False, False, False, False, False, False, False,
                   False, False, False, False, False, False, False, False,
                   False, False],
       fill_value='?',
            dtype=object), 'param_solver': masked_array(data=['adam', 'lbfgs', 'adam', 'lbfgs', 'adam', 'lbfgs',
                   'adam', 'lbfgs', 'adam', 'lbfgs', 'adam', 'lbfgs',
                   'adam', 'lbfgs', 'adam', 'lbfgs', 'adam', 'lbfgs'],
             mask=[False, False, False, False, False, False, False, False,
                   False, False, False, False, False, False, False, False,
                   False, False],
       fill_value='?',
            dtype=object), 'params': [{'alpha': 1e-05, 'hidden_layer_sizes': (100, 20), 'solver': 'adam'}, {'alpha': 1e-05, 'hidden_layer_sizes': (100, 20), 'solver': 'lbfgs'}, {'alpha': 1e-05, 'hidden_layer_sizes': (250, 100), 'solver': 'adam'}, {'alpha': 1e-05, 'hidden_layer_sizes': (250, 100), 'solver': 'lbfgs'}, {'alpha': 1e-05, 'hidden_layer_sizes': (250, 30), 'solver': 'adam'}, {'alpha': 1e-05, 'hidden_layer_sizes': (250, 30), 'solver': 'lbfgs'}, {'alpha': 0.72, 'hidden_layer_sizes': (100, 20), 'solver': 'adam'}, {'alpha': 0.72, 'hidden_layer_sizes': (100, 20), 'solver': 'lbfgs'}, {'alpha': 0.72, 'hidden_layer_sizes': (250, 100), 'solver': 'adam'}, {'alpha': 0.72, 'hidden_layer_sizes': (250, 100), 'solver': 'lbfgs'}, {'alpha': 0.72, 'hidden_layer_sizes': (250, 30), 'solver': 'adam'}, {'alpha': 0.72, 'hidden_layer_sizes': (250, 30), 'solver': 'lbfgs'}, {'alpha': 10, 'hidden_layer_sizes': (100, 20), 'solver': 'adam'}, {'alpha': 10, 'hidden_layer_sizes': (100, 20), 'solver': 'lbfgs'}, {'alpha': 10, 'hidden_layer_sizes': (250, 100), 'solver': 'adam'}, {'alpha': 10, 'hidden_layer_sizes': (250, 100), 'solver': 'lbfgs'}, {'alpha': 10, 'hidden_layer_sizes': (250, 30), 'solver': 'adam'}, {'alpha': 10, 'hidden_layer_sizes': (250, 30), 'solver': 'lbfgs'}], 'split0_test_score': array([0.67364017, 0.63179916, 0.67782427, 0.62343096, 0.62761506,
       0.60669456, 0.69037657, 0.64853556, 0.69456067, 0.69037657,
       0.67782427, 0.65271967, 0.69456067, 0.64016736, 0.68619247,
       0.65690377, 0.65690377, 0.68619247]), 'split1_test_score': array([0.62184874, 0.54201681, 0.62605042, 0.58403361, 0.62184874,
       0.60084034, 0.6092437 , 0.59663866, 0.6302521 , 0.60084034,
       0.6092437 , 0.60504202, 0.62184874, 0.60084034, 0.6092437 ,
       0.61344538, 0.62184874, 0.62184874]), 'split2_test_score': array([0.64285714, 0.60084034, 0.63445378, 0.6302521 , 0.63865546,
       0.6512605 , 0.64285714, 0.66806723, 0.63445378, 0.61764706,
       0.64285714, 0.65546218, 0.63865546, 0.6302521 , 0.64285714,
       0.64285714, 0.6512605 , 0.63865546]), 'split3_test_score': array([0.65966387, 0.65546218, 0.70168067, 0.64705882, 0.69747899,
       0.65546218, 0.68907563, 0.66806723, 0.71008403, 0.67226891,
       0.69747899, 0.67226891, 0.68907563, 0.69327731, 0.68487395,
       0.71008403, 0.68067227, 0.68907563]), 'split4_test_score': array([0.65966387, 0.58403361, 0.62605042, 0.60084034, 0.6512605 ,
       0.62605042, 0.64705882, 0.61764706, 0.63865546, 0.60504202,
       0.62184874, 0.60504202, 0.67226891, 0.62605042, 0.66806723,
       0.63445378, 0.65546218, 0.64705882]), 'mean_test_score': array([0.65153476, 0.60283042, 0.65321191, 0.61712317, 0.64737175,
       0.6280616 , 0.65572237, 0.63979115, 0.66160121, 0.63723498,
       0.64985057, 0.63810696, 0.66328188, 0.63811751, 0.6582469 ,
       0.65154882, 0.65322949, 0.65656622]), 'std_test_score': array([0.01776161, 0.0391532 , 0.03092685, 0.02221869, 0.02699475,
       0.02231848, 0.03070567, 0.02838322, 0.03371399, 0.03686746,
       0.03326537, 0.02781494, 0.02845211, 0.0304758 , 0.02906734,
       0.03247985, 0.01876283, 0.02664982]), 'rank_test_score': array([ 9, 18,  7, 17, 11, 16,  5, 12,  2, 15, 10, 14,  1, 13,  3,  8,  6,
        4], dtype=int32)}
MLPClassifier(alpha=10, hidden_layer_sizes=(100, 20))
{'alpha': 10, 'hidden_layer_sizes': (100, 20), 'solver': 'adam'}
GridSearchCV(estimator=MLPClassifier(),
             param_grid={'alpha': [1e-05, 0.72, 10],
                         'hidden_layer_sizes': [(100, 20), (250, 100),
                                                (250, 30)],
                         'solver': ['adam', 'lbfgs']})
['./../../data/input/gene_sets/jeff_cux1_biding_targets.txt', './../../data/input/gene_sets/molly_cux1_biding_intersect.txt']
./../../data/output/export_script/three_cells_all_genes_data_headers.txt
{'mean_fit_time': array([ 1.34353132,  1.42553554,  1.66963263,  3.56724901,  1.78626642,
        2.73428235,  3.29455638,  4.06053605,  5.39178419, 11.71945524,
        5.31837487, 11.67106957,  2.49847326,  4.50656137,  3.05955877,
       11.88480854,  3.64171743, 10.33059487]), 'std_fit_time': array([0.04474513, 0.10131134, 0.06564005, 0.17335076, 0.03898039,
       0.63522285, 0.23744442, 0.71553087, 1.15030888, 0.76378225,
       0.28791398, 0.19793042, 0.35574989, 0.10912977, 0.5425057 ,
       0.83187626, 0.28818058, 0.19368595]), 'mean_score_time': array([0.00755033, 0.01699815, 0.00800357, 0.01877227, 0.00779843,
       0.01494174, 0.00744858, 0.01628709, 0.00806236, 0.01629658,
       0.00799751, 0.01597977, 0.00749292, 0.01776786, 0.00797839,
       0.01895308, 0.00793562, 0.01368866]), 'std_score_time': array([9.36698749e-05, 1.14707257e-03, 1.11822797e-04, 1.27948969e-03,
       3.89657952e-05, 6.10193121e-03, 4.98730638e-05, 4.21728004e-03,
       2.03853657e-04, 3.76414941e-03, 2.55207328e-04, 3.42817302e-03,
       2.81053970e-04, 8.79616071e-04, 1.32542067e-04, 2.83276878e-03,
       2.00220204e-04, 3.97652075e-03]), 'param_alpha': masked_array(data=[1e-05, 1e-05, 1e-05, 1e-05, 1e-05, 1e-05, 0.72, 0.72,
                   0.72, 0.72, 0.72, 0.72, 10, 10, 10, 10, 10, 10],
             mask=[False, False, False, False, False, False, False, False,
                   False, False, False, False, False, False, False, False,
                   False, False],
       fill_value='?',
            dtype=object), 'param_hidden_layer_sizes': masked_array(data=[(100, 20), (100, 20), (250, 100), (250, 100),
                   (250, 30), (250, 30), (100, 20), (100, 20), (250, 100),
                   (250, 100), (250, 30), (250, 30), (100, 20), (100, 20),
                   (250, 100), (250, 100), (250, 30), (250, 30)],
             mask=[False, False, False, False, False, False, False, False,
                   False, False, False, False, False, False, False, False,
                   False, False],
       fill_value='?',
            dtype=object), 'param_solver': masked_array(data=['adam', 'lbfgs', 'adam', 'lbfgs', 'adam', 'lbfgs',
                   'adam', 'lbfgs', 'adam', 'lbfgs', 'adam', 'lbfgs',
                   'adam', 'lbfgs', 'adam', 'lbfgs', 'adam', 'lbfgs'],
             mask=[False, False, False, False, False, False, False, False,
                   False, False, False, False, False, False, False, False,
                   False, False],
       fill_value='?',
            dtype=object), 'params': [{'alpha': 1e-05, 'hidden_layer_sizes': (100, 20), 'solver': 'adam'}, {'alpha': 1e-05, 'hidden_layer_sizes': (100, 20), 'solver': 'lbfgs'}, {'alpha': 1e-05, 'hidden_layer_sizes': (250, 100), 'solver': 'adam'}, {'alpha': 1e-05, 'hidden_layer_sizes': (250, 100), 'solver': 'lbfgs'}, {'alpha': 1e-05, 'hidden_layer_sizes': (250, 30), 'solver': 'adam'}, {'alpha': 1e-05, 'hidden_layer_sizes': (250, 30), 'solver': 'lbfgs'}, {'alpha': 0.72, 'hidden_layer_sizes': (100, 20), 'solver': 'adam'}, {'alpha': 0.72, 'hidden_layer_sizes': (100, 20), 'solver': 'lbfgs'}, {'alpha': 0.72, 'hidden_layer_sizes': (250, 100), 'solver': 'adam'}, {'alpha': 0.72, 'hidden_layer_sizes': (250, 100), 'solver': 'lbfgs'}, {'alpha': 0.72, 'hidden_layer_sizes': (250, 30), 'solver': 'adam'}, {'alpha': 0.72, 'hidden_layer_sizes': (250, 30), 'solver': 'lbfgs'}, {'alpha': 10, 'hidden_layer_sizes': (100, 20), 'solver': 'adam'}, {'alpha': 10, 'hidden_layer_sizes': (100, 20), 'solver': 'lbfgs'}, {'alpha': 10, 'hidden_layer_sizes': (250, 100), 'solver': 'adam'}, {'alpha': 10, 'hidden_layer_sizes': (250, 100), 'solver': 'lbfgs'}, {'alpha': 10, 'hidden_layer_sizes': (250, 30), 'solver': 'adam'}, {'alpha': 10, 'hidden_layer_sizes': (250, 30), 'solver': 'lbfgs'}], 'split0_test_score': array([0.73113208, 0.69811321, 0.75943396, 0.70754717, 0.73584906,
       0.68867925, 0.72641509, 0.71698113, 0.75      , 0.70283019,
       0.70283019, 0.69811321, 0.73113208, 0.74528302, 0.74528302,
       0.72641509, 0.71698113, 0.72169811]), 'split1_test_score': array([0.77725118, 0.73933649, 0.77251185, 0.72985782, 0.75829384,
       0.75829384, 0.78672986, 0.75829384, 0.76777251, 0.72511848,
       0.78199052, 0.72985782, 0.75829384, 0.77251185, 0.80094787,
       0.74407583, 0.8056872 , 0.73933649]), 'split2_test_score': array([0.67772512, 0.68720379, 0.71090047, 0.6492891 , 0.69194313,
       0.65876777, 0.67298578, 0.67772512, 0.69194313, 0.6492891 ,
       0.69194313, 0.62559242, 0.69194313, 0.69668246, 0.64454976,
       0.66824645, 0.67772512, 0.69194313]), 'split3_test_score': array([0.7014218 , 0.66824645, 0.74407583, 0.68246445, 0.72511848,
       0.68720379, 0.68720379, 0.67772512, 0.71090047, 0.66824645,
       0.67772512, 0.65402844, 0.68246445, 0.68246445, 0.67298578,
       0.69194313, 0.66824645, 0.69194313]), 'split4_test_score': array([0.65402844, 0.62085308, 0.65402844, 0.62559242, 0.65876777,
       0.63033175, 0.69194313, 0.64454976, 0.66824645, 0.63033175,
       0.68246445, 0.62559242, 0.68720379, 0.66350711, 0.67298578,
       0.67298578, 0.68246445, 0.67298578]), 'mean_test_score': array([0.70831172, 0.6827506 , 0.72819011, 0.67895019, 0.71399446,
       0.68465528, 0.71305553, 0.69505499, 0.71777251, 0.67516319,
       0.70739068, 0.66663686, 0.71020746, 0.71208978, 0.70735044,
       0.70073326, 0.71022087, 0.70358133]), 'std_test_score': array([0.04290246, 0.03872848, 0.04240716, 0.03781152, 0.03492864,
       0.04258294, 0.0408069 , 0.03906747, 0.03662192, 0.03460683,
       0.03827773, 0.04126964, 0.02960597, 0.04056584, 0.05745458,
       0.02980173, 0.0504931 , 0.02372186]), 'rank_test_score': array([ 8, 15,  1, 16,  3, 14,  4, 13,  2, 17,  9, 18,  7,  5, 10, 12,  6,
       11], dtype=int32)}
MLPClassifier(alpha=1e-05, hidden_layer_sizes=(250, 100))
{'alpha': 1e-05, 'hidden_layer_sizes': (250, 100), 'solver': 'adam'}
GridSearchCV(estimator=MLPClassifier(),
             param_grid={'alpha': [1e-05, 0.72, 10],
                         'hidden_layer_sizes': [(100, 20), (250, 100),
                                                (250, 30)],
                         'solver': ['adam', 'lbfgs']})
['./../../data/input/gene_sets/jeff_cux1_biding_targets.txt', './../../data/input/gene_sets/weihan_cux1_biding_intersect.txt']
./../../data/output/export_script/all_cells_all_genes_data_headers.txt
{'mean_fit_time': array([ 1.5348814 ,  1.79592481,  1.85305805,  4.05398726,  2.0122849 ,
        3.68198595,  3.59256854,  4.54108377,  6.31444983, 12.85985546,
        6.19550552, 11.03541875,  2.76862369,  4.67132387,  4.22154775,
       12.09211483,  4.23326201, 11.05520072]), 'std_fit_time': array([0.09228194, 0.35656985, 0.04896968, 0.25489365, 0.05500291,
       0.1538636 , 0.02326845, 0.89866731, 0.47139161, 0.33540642,
       0.00998013, 0.71041602, 0.58298415, 0.45872567, 0.737759  ,
       0.79691421, 0.4590588 , 0.44877446]), 'mean_score_time': array([0.00763311, 0.01601982, 0.00816946, 0.01904306, 0.00809083,
       0.01706429, 0.00778732, 0.01669526, 0.00829778, 0.0179554 ,
       0.00832219, 0.01837811, 0.00777693, 0.01723418, 0.00839853,
       0.01899619, 0.00824056, 0.01848216]), 'std_score_time': array([5.73083282e-05, 3.98011814e-03, 2.86020426e-05, 2.24197853e-03,
       6.95861455e-05, 1.19252426e-04, 2.28595485e-04, 4.46674697e-03,
       1.48315566e-04, 6.71276942e-04, 3.60034235e-04, 5.27068199e-03,
       1.23577886e-04, 1.32369434e-03, 2.04972544e-04, 5.31266779e-03,
       3.15820506e-04, 1.37595162e-03]), 'param_alpha': masked_array(data=[1e-05, 1e-05, 1e-05, 1e-05, 1e-05, 1e-05, 0.72, 0.72,
                   0.72, 0.72, 0.72, 0.72, 10, 10, 10, 10, 10, 10],
             mask=[False, False, False, False, False, False, False, False,
                   False, False, False, False, False, False, False, False,
                   False, False],
       fill_value='?',
            dtype=object), 'param_hidden_layer_sizes': masked_array(data=[(100, 20), (100, 20), (250, 100), (250, 100),
                   (250, 30), (250, 30), (100, 20), (100, 20), (250, 100),
                   (250, 100), (250, 30), (250, 30), (100, 20), (100, 20),
                   (250, 100), (250, 100), (250, 30), (250, 30)],
             mask=[False, False, False, False, False, False, False, False,
                   False, False, False, False, False, False, False, False,
                   False, False],
       fill_value='?',
            dtype=object), 'param_solver': masked_array(data=['adam', 'lbfgs', 'adam', 'lbfgs', 'adam', 'lbfgs',
                   'adam', 'lbfgs', 'adam', 'lbfgs', 'adam', 'lbfgs',
                   'adam', 'lbfgs', 'adam', 'lbfgs', 'adam', 'lbfgs'],
             mask=[False, False, False, False, False, False, False, False,
                   False, False, False, False, False, False, False, False,
                   False, False],
       fill_value='?',
            dtype=object), 'params': [{'alpha': 1e-05, 'hidden_layer_sizes': (100, 20), 'solver': 'adam'}, {'alpha': 1e-05, 'hidden_layer_sizes': (100, 20), 'solver': 'lbfgs'}, {'alpha': 1e-05, 'hidden_layer_sizes': (250, 100), 'solver': 'adam'}, {'alpha': 1e-05, 'hidden_layer_sizes': (250, 100), 'solver': 'lbfgs'}, {'alpha': 1e-05, 'hidden_layer_sizes': (250, 30), 'solver': 'adam'}, {'alpha': 1e-05, 'hidden_layer_sizes': (250, 30), 'solver': 'lbfgs'}, {'alpha': 0.72, 'hidden_layer_sizes': (100, 20), 'solver': 'adam'}, {'alpha': 0.72, 'hidden_layer_sizes': (100, 20), 'solver': 'lbfgs'}, {'alpha': 0.72, 'hidden_layer_sizes': (250, 100), 'solver': 'adam'}, {'alpha': 0.72, 'hidden_layer_sizes': (250, 100), 'solver': 'lbfgs'}, {'alpha': 0.72, 'hidden_layer_sizes': (250, 30), 'solver': 'adam'}, {'alpha': 0.72, 'hidden_layer_sizes': (250, 30), 'solver': 'lbfgs'}, {'alpha': 10, 'hidden_layer_sizes': (100, 20), 'solver': 'adam'}, {'alpha': 10, 'hidden_layer_sizes': (100, 20), 'solver': 'lbfgs'}, {'alpha': 10, 'hidden_layer_sizes': (250, 100), 'solver': 'adam'}, {'alpha': 10, 'hidden_layer_sizes': (250, 100), 'solver': 'lbfgs'}, {'alpha': 10, 'hidden_layer_sizes': (250, 30), 'solver': 'adam'}, {'alpha': 10, 'hidden_layer_sizes': (250, 30), 'solver': 'lbfgs'}], 'split0_test_score': array([0.65690377, 0.65271967, 0.66527197, 0.64016736, 0.68200837,
       0.66945607, 0.67782427, 0.65690377, 0.67782427, 0.65271967,
       0.69874477, 0.64853556, 0.68619247, 0.66945607, 0.69456067,
       0.64853556, 0.67364017, 0.66945607]), 'split1_test_score': array([0.67647059, 0.69327731, 0.70588235, 0.68487395, 0.70588235,
       0.67647059, 0.69327731, 0.71848739, 0.71008403, 0.66806723,
       0.73109244, 0.72268908, 0.72268908, 0.72268908, 0.72689076,
       0.71008403, 0.73529412, 0.70588235]), 'split2_test_score': array([0.64705882, 0.6092437 , 0.62605042, 0.65546218, 0.63445378,
       0.61764706, 0.61764706, 0.62184874, 0.63865546, 0.60084034,
       0.63865546, 0.61764706, 0.64285714, 0.61344538, 0.65546218,
       0.6302521 , 0.6512605 , 0.63445378]), 'split3_test_score': array([0.66386555, 0.61764706, 0.66806723, 0.64705882, 0.69327731,
       0.67226891, 0.66806723, 0.67226891, 0.68487395, 0.64285714,
       0.65966387, 0.63445378, 0.65546218, 0.65966387, 0.69327731,
       0.67226891, 0.66806723, 0.65966387]), 'split4_test_score': array([0.64705882, 0.62184874, 0.68067227, 0.61344538, 0.65546218,
       0.61344538, 0.6512605 , 0.62184874, 0.64285714, 0.62184874,
       0.64705882, 0.62184874, 0.64285714, 0.64285714, 0.63865546,
       0.64705882, 0.64705882, 0.64705882]), 'mean_test_score': array([0.65827151, 0.63894729, 0.66918885, 0.64820154, 0.6742168 ,
       0.6498576 , 0.66161527, 0.65827151, 0.67085897, 0.63726662,
       0.67504307, 0.64903484, 0.6700116 , 0.66162231, 0.68176928,
       0.66163989, 0.67506417, 0.66330298]), 'std_test_score': array([0.01109792, 0.03088622, 0.02590678, 0.02311462, 0.02592123,
       0.02813534, 0.02587381, 0.03599163, 0.02685036, 0.0235937 ,
       0.03477642, 0.03837207, 0.03073484, 0.03596526, 0.03125017,
       0.0276743 , 0.03171607, 0.0243321 ]), 'rank_test_score': array([13, 17,  7, 16,  4, 14, 11, 12,  5, 18,  3, 15,  6, 10,  1,  9,  2,
        8], dtype=int32)}
MLPClassifier(alpha=10, hidden_layer_sizes=(250, 100))
{'alpha': 10, 'hidden_layer_sizes': (250, 100), 'solver': 'adam'}
GridSearchCV(estimator=MLPClassifier(),
             param_grid={'alpha': [1e-05, 0.72, 10],
                         'hidden_layer_sizes': [(100, 20), (250, 100),
                                                (250, 30)],
                         'solver': ['adam', 'lbfgs']})
['./../../data/input/gene_sets/jeff_cux1_biding_targets.txt', './../../data/input/gene_sets/weihan_cux1_biding_intersect.txt']
./../../data/output/export_script/three_cells_all_genes_data_headers.txt
{'mean_fit_time': array([ 1.24904075,  1.44728279,  1.61205745,  3.28298926,  1.72869306,
        2.93941526,  3.32101474,  4.72518945,  5.22495947, 12.4655643 ,
        5.14100399, 11.21195159,  2.36041965,  4.08920231,  3.17927337,
       12.23960977,  4.04495063, 10.97766342]), 'std_fit_time': array([0.05820409, 0.12319333, 0.03806684, 0.20384502, 0.06507611,
       0.31535402, 0.07827724, 0.03524327, 0.9083673 , 0.61734652,
       0.88474228, 0.56827514, 0.52226929, 0.86414983, 0.47241445,
       0.66843919, 0.93679902, 0.84504492]), 'mean_score_time': array([0.00774846, 0.01797481, 0.0082181 , 0.01701016, 0.00809007,
       0.01609154, 0.00760117, 0.01734486, 0.00834665, 0.01990595,
       0.00819345, 0.01665311, 0.00769687, 0.0159761 , 0.0082633 ,
       0.01761808, 0.00814538, 0.01728187]), 'std_score_time': array([2.49463164e-04, 4.70310061e-04, 4.41287994e-05, 4.41651848e-03,
       7.51691698e-05, 3.54035262e-03, 8.15361703e-05, 1.53348174e-03,
       1.53407311e-04, 2.21929680e-03, 2.78583857e-04, 3.76589566e-03,
       2.63875626e-04, 4.16933746e-03, 2.18517067e-04, 4.49829888e-03,
       1.96698154e-04, 4.40839322e-03]), 'param_alpha': masked_array(data=[1e-05, 1e-05, 1e-05, 1e-05, 1e-05, 1e-05, 0.72, 0.72,
                   0.72, 0.72, 0.72, 0.72, 10, 10, 10, 10, 10, 10],
             mask=[False, False, False, False, False, False, False, False,
                   False, False, False, False, False, False, False, False,
                   False, False],
       fill_value='?',
            dtype=object), 'param_hidden_layer_sizes': masked_array(data=[(100, 20), (100, 20), (250, 100), (250, 100),
                   (250, 30), (250, 30), (100, 20), (100, 20), (250, 100),
                   (250, 100), (250, 30), (250, 30), (100, 20), (100, 20),
                   (250, 100), (250, 100), (250, 30), (250, 30)],
             mask=[False, False, False, False, False, False, False, False,
                   False, False, False, False, False, False, False, False,
                   False, False],
       fill_value='?',
            dtype=object), 'param_solver': masked_array(data=['adam', 'lbfgs', 'adam', 'lbfgs', 'adam', 'lbfgs',
                   'adam', 'lbfgs', 'adam', 'lbfgs', 'adam', 'lbfgs',
                   'adam', 'lbfgs', 'adam', 'lbfgs', 'adam', 'lbfgs'],
             mask=[False, False, False, False, False, False, False, False,
                   False, False, False, False, False, False, False, False,
                   False, False],
       fill_value='?',
            dtype=object), 'params': [{'alpha': 1e-05, 'hidden_layer_sizes': (100, 20), 'solver': 'adam'}, {'alpha': 1e-05, 'hidden_layer_sizes': (100, 20), 'solver': 'lbfgs'}, {'alpha': 1e-05, 'hidden_layer_sizes': (250, 100), 'solver': 'adam'}, {'alpha': 1e-05, 'hidden_layer_sizes': (250, 100), 'solver': 'lbfgs'}, {'alpha': 1e-05, 'hidden_layer_sizes': (250, 30), 'solver': 'adam'}, {'alpha': 1e-05, 'hidden_layer_sizes': (250, 30), 'solver': 'lbfgs'}, {'alpha': 0.72, 'hidden_layer_sizes': (100, 20), 'solver': 'adam'}, {'alpha': 0.72, 'hidden_layer_sizes': (100, 20), 'solver': 'lbfgs'}, {'alpha': 0.72, 'hidden_layer_sizes': (250, 100), 'solver': 'adam'}, {'alpha': 0.72, 'hidden_layer_sizes': (250, 100), 'solver': 'lbfgs'}, {'alpha': 0.72, 'hidden_layer_sizes': (250, 30), 'solver': 'adam'}, {'alpha': 0.72, 'hidden_layer_sizes': (250, 30), 'solver': 'lbfgs'}, {'alpha': 10, 'hidden_layer_sizes': (100, 20), 'solver': 'adam'}, {'alpha': 10, 'hidden_layer_sizes': (100, 20), 'solver': 'lbfgs'}, {'alpha': 10, 'hidden_layer_sizes': (250, 100), 'solver': 'adam'}, {'alpha': 10, 'hidden_layer_sizes': (250, 100), 'solver': 'lbfgs'}, {'alpha': 10, 'hidden_layer_sizes': (250, 30), 'solver': 'adam'}, {'alpha': 10, 'hidden_layer_sizes': (250, 30), 'solver': 'lbfgs'}], 'split0_test_score': array([0.70283019, 0.69811321, 0.71698113, 0.69339623, 0.74528302,
       0.6509434 , 0.70754717, 0.73113208, 0.5990566 , 0.72169811,
       0.73113208, 0.70754717, 0.75471698, 0.71226415, 0.74528302,
       0.70283019, 0.75471698, 0.70283019]), 'split1_test_score': array([0.70616114, 0.70616114, 0.72511848, 0.69194313, 0.71563981,
       0.7014218 , 0.69668246, 0.68246445, 0.67772512, 0.67298578,
       0.67298578, 0.66824645, 0.72511848, 0.67772512, 0.68720379,
       0.67298578, 0.7014218 , 0.67772512]), 'split2_test_score': array([0.75829384, 0.71090047, 0.77251185, 0.72511848, 0.75829384,
       0.7014218 , 0.7535545 , 0.72985782, 0.73933649, 0.69194313,
       0.74407583, 0.74407583, 0.78199052, 0.74407583, 0.76303318,
       0.72511848, 0.79146919, 0.72985782]), 'split3_test_score': array([0.72037915, 0.68720379, 0.70616114, 0.67772512, 0.71563981,
       0.67772512, 0.69668246, 0.67298578, 0.70616114, 0.7014218 ,
       0.69668246, 0.66824645, 0.72037915, 0.7014218 , 0.71563981,
       0.68720379, 0.71090047, 0.67772512]), 'split4_test_score': array([0.69668246, 0.65876777, 0.71563981, 0.67772512, 0.71090047,
       0.64454976, 0.68720379, 0.68720379, 0.70616114, 0.65402844,
       0.66824645, 0.66824645, 0.65876777, 0.66824645, 0.69668246,
       0.7014218 , 0.7014218 , 0.68720379]), 'mean_test_score': array([0.71686936, 0.69222928, 0.72728248, 0.69318161, 0.72915139,
       0.67521238, 0.70833408, 0.70072878, 0.6856881 , 0.68841545,
       0.70262452, 0.69127247, 0.72819458, 0.70074667, 0.72156845,
       0.69791201, 0.73198605, 0.69506841]), 'std_test_score': array([0.02212501, 0.01855941, 0.02340154, 0.01731676, 0.01901438,
       0.02412203, 0.02350964, 0.02473478, 0.04750761, 0.02328041,
       0.03041877, 0.03047509, 0.0412021 , 0.02682082, 0.02869528,
       0.01739357, 0.03568722, 0.01966713]), 'rank_test_score': array([ 6, 14,  4, 13,  2, 18,  7, 10, 17, 16,  8, 15,  3,  9,  5, 11,  1,
       12], dtype=int32)}
MLPClassifier(alpha=10, hidden_layer_sizes=(250, 30))
{'alpha': 10, 'hidden_layer_sizes': (250, 30), 'solver': 'adam'}
