LogisticRegression(C=0.008, max_iter=1000, multi_class='multinomial',
                   solver='saga')
['./../../data/input/gene_sets/wl001_shRNA_LowRen_DEGs.txt']
./../../data/output/export_script/all_cells_all_genes_data_headers.txt
[0.7348993288590604, 0.7348993288590604, 0.7214765100671141, 0.714765100671141, 0.6946308724832215, 0.7114093959731543, 0.6946308724832215, 0.7013422818791947, 0.7416107382550335, 0.6845637583892618, 0.7248322147651006, 0.7281879194630873, 0.7214765100671141, 0.7281879194630873, 0.7718120805369127, 0.7214765100671141, 0.697986577181208, 0.7080536912751678, 0.697986577181208, 0.7315436241610739, 0.7348993288590604, 0.714765100671141, 0.7248322147651006, 0.7248322147651006, 0.7550335570469798, 0.7281879194630873, 0.7281879194630873, 0.738255033557047, 0.7046979865771812, 0.697986577181208, 0.6946308724832215, 0.6912751677852349, 0.7114093959731543, 0.6778523489932886, 0.738255033557047, 0.7281879194630873, 0.6946308724832215, 0.6912751677852349, 0.7281879194630873, 0.7080536912751678, 0.6946308724832215, 0.7449664429530202, 0.7281879194630873, 0.697986577181208, 0.7046979865771812, 0.7181208053691275, 0.6845637583892618, 0.7181208053691275, 0.674496644295302, 0.7248322147651006]

Average accuracy: 0.7154362416107383
Standard deviation: 0.02023464890158568
LogisticRegression(C=0.008, max_iter=1000, multi_class='multinomial',
                   solver='saga')
['./../../data/input/gene_sets/wl001_shRNA_LowRen_DEGs.txt']
./../../data/output/export_script/three_cells_all_genes_data_headers.txt
[0.7310606060606061, 0.7727272727272727, 0.7272727272727273, 0.7651515151515151, 0.7840909090909091, 0.7689393939393939, 0.7840909090909091, 0.7424242424242424, 0.7727272727272727, 0.7575757575757576, 0.7651515151515151, 0.7121212121212122, 0.7462121212121212, 0.7575757575757576, 0.7462121212121212, 0.75, 0.7613636363636364, 0.7689393939393939, 0.7348484848484849, 0.7840909090909091, 0.8143939393939394, 0.7424242424242424, 0.7916666666666666, 0.7651515151515151, 0.7386363636363636, 0.75, 0.7424242424242424, 0.7651515151515151, 0.7537878787878788, 0.696969696969697, 0.7386363636363636, 0.7613636363636364, 0.7954545454545454, 0.7424242424242424, 0.803030303030303, 0.7424242424242424, 0.7045454545454546, 0.8181818181818182, 0.7348484848484849, 0.7424242424242424, 0.7689393939393939, 0.75, 0.7424242424242424, 0.8068181818181818, 0.7613636363636364, 0.7348484848484849, 0.7765151515151515, 0.7196969696969697, 0.7386363636363636, 0.8068181818181818]

Average accuracy: 0.7576515151515153
Standard deviation: 0.02693914254919006
LogisticRegression(C=0.008, max_iter=1000, multi_class='multinomial',
                   solver='saga')
['./../../data/input/gene_sets/Molly_shCux1_bulk_RNA_DEGs.txt']
./../../data/output/export_script/all_cells_all_genes_data_headers.txt
[0.7348993288590604, 0.7315436241610739, 0.7348993288590604, 0.7583892617449665, 0.7315436241610739, 0.6778523489932886, 0.7516778523489933, 0.7583892617449665, 0.7315436241610739, 0.7449664429530202, 0.6845637583892618, 0.7181208053691275, 0.6946308724832215, 0.761744966442953, 0.697986577181208, 0.7013422818791947, 0.7516778523489933, 0.7046979865771812, 0.7114093959731543, 0.7885906040268457, 0.697986577181208, 0.7583892617449665, 0.6912751677852349, 0.738255033557047, 0.7281879194630873, 0.697986577181208, 0.714765100671141, 0.7248322147651006, 0.7181208053691275, 0.7181208053691275, 0.6879194630872483, 0.7583892617449665, 0.7348993288590604, 0.697986577181208, 0.714765100671141, 0.6610738255033557, 0.7315436241610739, 0.6912751677852349, 0.7348993288590604, 0.6644295302013423, 0.7248322147651006, 0.738255033557047, 0.738255033557047, 0.7080536912751678, 0.6946308724832215, 0.785234899328859, 0.7080536912751678, 0.7281879194630873, 0.697986577181208, 0.7818791946308725]

Average accuracy: 0.7228187919463087
Standard deviation: 0.029069003795580826
LogisticRegression(C=0.008, max_iter=1000, multi_class='multinomial',
                   solver='saga')
['./../../data/input/gene_sets/Molly_shCux1_bulk_RNA_DEGs.txt']
./../../data/output/export_script/three_cells_all_genes_data_headers.txt
[0.8181818181818182, 0.7803030303030303, 0.7386363636363636, 0.7424242424242424, 0.7348484848484849, 0.7613636363636364, 0.7803030303030303, 0.7424242424242424, 0.7689393939393939, 0.7954545454545454, 0.7651515151515151, 0.75, 0.7765151515151515, 0.7613636363636364, 0.821969696969697, 0.7386363636363636, 0.7689393939393939, 0.7537878787878788, 0.7651515151515151, 0.7765151515151515, 0.7424242424242424, 0.7424242424242424, 0.7424242424242424, 0.7613636363636364, 0.7575757575757576, 0.7689393939393939, 0.7689393939393939, 0.7651515151515151, 0.7575757575757576, 0.7462121212121212, 0.7462121212121212, 0.7765151515151515, 0.7348484848484849, 0.7727272727272727, 0.7916666666666666, 0.7613636363636364, 0.7992424242424242, 0.7613636363636364, 0.7462121212121212, 0.7386363636363636, 0.7424242424242424, 0.7462121212121212, 0.7840909090909091, 0.7348484848484849, 0.7424242424242424, 0.7083333333333334, 0.7424242424242424, 0.8257575757575758, 0.7462121212121212, 0.7992424242424242]

Average accuracy: 0.7618939393939393
Standard deviation: 0.024088169274353307
