GridSearchCV(estimator=MLPClassifier(),
             param_grid={'alpha': [1e-05, 0.72, 1, 3, 5, 7, 9, 11],
                         'hidden_layer_sizes': [(100, 20), (250, 100),
                                                (250, 30), (300, 150),
                                                (300, 50)],
                         'solver': ['adam', 'lbfgs']})
['./../../data/input/gene_sets/jeff_cux1_biding_targets.txt']
./../../data/output/export_script/all_cells_all_genes_data_headers.txt
[0.6040268456375839, 0.5771812080536913, 0.6241610738255033, 0.6073825503355704, 0.5805369127516778, 0.6006711409395973, 0.5771812080536913, 0.5335570469798657, 0.5503355704697986]

Average accuracy: 0.5838926174496645
Standard deviation: 0.02712383814984819
GridSearchCV(estimator=MLPClassifier(),
             param_grid={'alpha': [1e-05, 0.72, 1, 3, 5, 7, 9, 11],
                         'hidden_layer_sizes': [(100, 20), (250, 100),
                                                (250, 30), (300, 150),
                                                (300, 50)],
                         'solver': ['adam', 'lbfgs']})
['./../../data/input/gene_sets/jeff_cux1_biding_targets.txt']
./../../data/output/export_script/three_cells_all_genes_data_headers.txt
[0.6439393939393939, 0.678030303030303, 0.6742424242424242, 0.6553030303030303, 0.6212121212121212, 0.6439393939393939, 0.6590909090909091, 0.6022727272727273, 0.696969696969697]

Average accuracy: 0.6527777777777778
Standard deviation: 0.027489319516511665
GridSearchCV(estimator=MLPClassifier(),
             param_grid={'alpha': [1e-05, 0.72, 1, 3, 5, 7, 9, 11],
                         'hidden_layer_sizes': [(100, 20), (250, 100),
                                                (250, 30), (300, 150),
                                                (300, 50)],
                         'solver': ['adam', 'lbfgs']})
['./../../data/input/gene_sets/jeff_cux1_biding_targets.txt', './../../data/input/gene_sets/molly_cux1_biding_intersect.txt']
./../../data/output/export_script/all_cells_all_genes_data_headers.txt
