


CUX1 RELATED GENES



MODEL --- LogisticRegression(C=0.008, max_iter=1000, multi_class='multinomial', n_jobs=-1,
                   solver='saga')
     Data file: ./../../data/output/export_script/three_cells_all_genes_data_headers.txt
     Genes files: ['./../../data/input/gene_sets/jeff_cux1_biding_targets.txt']
     Average accuracy: 0.6667592592592592
     Standard deviation: 0.03280823548288884



MODEL --- LogisticRegression(C=0.008, max_iter=1000, multi_class='multinomial', n_jobs=-1,
                   solver='saga')
     Data file: ./../../data/output/export_script/all_cells_all_genes_data_headers.txt
     Genes files: ['./../../data/input/gene_sets/jeff_cux1_biding_targets.txt']
     Average accuracy: 0.5842207307979119
     Standard deviation: 0.02933111052034691



MODEL --- GridSearchCV(estimator=MLPClassifier(), n_jobs=-1,
             param_grid={'alpha': [1e-05, 0.72, 1, 5, 9, 11],
                         'hidden_layer_sizes': [(100, 20), (250, 100),
                                                (250, 30), (150, 50)],
                         'solver': ['adam']})
     Data file: ./../../data/output/export_script/three_cells_all_genes_data_headers.txt
     Genes files: ['./../../data/input/gene_sets/jeff_cux1_biding_targets.txt']
     Best estimator: MLPClassifier(alpha=9, hidden_layer_sizes=(150, 50))
     Best parameters: {'alpha': 9, 'hidden_layer_sizes': (150, 50), 'solver': 'adam'}
     Starting run of that model with optimal parameters...



CUX1 RELATED GENES DEGS



MODEL --- LogisticRegression(C=0.008, max_iter=1000, multi_class='multinomial', n_jobs=-1,
                   solver='saga')
     Data file: ./../../data/output/export_script/three_cells_all_genes_data_headers.txt
     Genes files: ['./../../data/input/gene_sets/wl001_shRNA_LowRen_DEGs.txt']
     Average accuracy: 0.7287037037037037
     Standard deviation: 0.025108032177453762



MODEL --- LogisticRegression(C=0.008, max_iter=1000, multi_class='multinomial', n_jobs=-1,
                   solver='saga')
     Data file: ./../../data/output/export_script/all_cells_all_genes_data_headers.txt
     Genes files: ['./../../data/input/gene_sets/wl001_shRNA_LowRen_DEGs.txt']
     Average accuracy: 0.6759358687546607
     Standard deviation: 0.02549561504082687



MODEL --- GridSearchCV(estimator=MLPClassifier(), n_jobs=-1,
             param_grid={'alpha': [1e-05, 0.72, 1, 5, 9, 11],
                         'hidden_layer_sizes': [(100, 20), (250, 100),
                                                (250, 30), (150, 50)],
                         'solver': ['adam']})
     Data file: ./../../data/output/export_script/three_cells_all_genes_data_headers.txt
     Genes files: ['./../../data/input/gene_sets/wl001_shRNA_LowRen_DEGs.txt']
     Best estimator: MLPClassifier(alpha=11, hidden_layer_sizes=(150, 50))
     Best parameters: {'alpha': 11, 'hidden_layer_sizes': (150, 50), 'solver': 'adam'}
     Starting run of that model with optimal parameters...
