


CUX1 RELATED GENES

MODEL --- GridSearchCV(estimator=MLPClassifier(), n_jobs=-1,
             param_grid={'alpha': [1e-05, 0.72, 1, 5, 9, 11],
                         'hidden_layer_sizes': [(100, 20), (250, 100),
                                                (250, 30), (150, 50)],
                         'solver': ['adam']})
     Data file: ./../../data/output/export_script/three_cells_all_genes_data_headers.txt
     Genes files: ['./../../data/input/gene_sets/jeff_cux1_biding_targets.txt']
     Best estimator: MLPClassifier(alpha=1e-05, hidden_layer_sizes=(250, 30))
     Best parameters: {'alpha': 1e-05, 'hidden_layer_sizes': (250, 30), 'solver': 'adam'}
     Starting run of that model with optimal parameters...

MODEL --- MLPClassifier(alpha=1e-05, hidden_layer_sizes=(250, 30))
     Data file: ./../../data/output/export_script/three_cells_all_genes_data_headers.txt
     Genes files: ['./../../data/input/gene_sets/jeff_cux1_biding_targets.txt']
     Average accuracy: 0.6512794612794612
     Standard deviation: 0.030915660085499487

MODEL --- GridSearchCV(estimator=MLPClassifier(), n_jobs=-1,
             param_grid={'alpha': [1e-05, 0.72, 1, 5, 9, 11],
                         'hidden_layer_sizes': [(100, 20), (250, 100),
                                                (250, 30), (150, 50)],
                         'solver': ['adam']})
     Data file: ./../../data/output/export_script/all_cells_all_genes_data_headers.txt
     Genes files: ['./../../data/input/gene_sets/jeff_cux1_biding_targets.txt']
     Best estimator: MLPClassifier(alpha=9, hidden_layer_sizes=(250, 100))
     Best parameters: {'alpha': 9, 'hidden_layer_sizes': (250, 100), 'solver': 'adam'}
     Starting run of that model with optimal parameters...

MODEL --- MLPClassifier(alpha=9, hidden_layer_sizes=(250, 100))
     Data file: ./../../data/output/export_script/all_cells_all_genes_data_headers.txt
     Genes files: ['./../../data/input/gene_sets/jeff_cux1_biding_targets.txt']
     Average accuracy: 0.5845563012677106
     Standard deviation: 0.03234863658936218

MODEL --- GridSearchCV(estimator=MLPClassifier(), n_jobs=-1,
             param_grid={'alpha': [1e-05, 0.72, 1, 5, 9, 11],
                         'hidden_layer_sizes': [(100, 20), (250, 100),
                                                (250, 30), (150, 50)],
                         'solver': ['adam']})
     Data file: ./../../data/output/export_script/three_cells_all_genes_data_headers.txt
     Genes files: ['./../../data/input/gene_sets/jeff_cux1_biding_targets.txt', './../../data/input/gene_sets/molly_cux1_biding_intersect.txt']
     Warning: Unable to sample dataframe, less than 1,000 columns. Will proceed without sampling
