


NEGATIVE CONTROL: 1,000 RDM GENES



MODEL --- LogisticRegression(C=0.008, max_iter=1000, multi_class='multinomial', n_jobs=-1,
                   solver='saga')
     Data file: ./../../data/output/export_script/three_cells_all_genes_data_headers.txt
     Genes files: ['./../../data/input/gene_sets/all_genes.txt']
     Average accuracy: 0.6217424242424242
     Standard deviation: 0.03944335317105523



MODEL --- LogisticRegression(C=0.008, max_iter=1000, multi_class='multinomial', n_jobs=-1,
                   solver='saga')
     Data file: ./../../data/output/export_script/all_cells_all_genes_data_headers.txt
     Genes files: ['./../../data/input/gene_sets/all_genes.txt']
     Average accuracy: 0.5713571961222967
     Standard deviation: 0.04201873869276717



MODEL --- GridSearchCV(estimator=MLPClassifier(), n_jobs=-1,
             param_grid={'alpha': [1e-05, 0.72, 1, 5, 9, 11],
                         'hidden_layer_sizes': [(100, 20), (250, 100),
                                                (250, 30), (150, 50)],
                         'solver': ['adam']})
     Data file: ./../../data/output/export_script/three_cells_all_genes_data_headers.txt
     Genes files: ['./../../data/input/gene_sets/all_genes.txt']
     Best estimator: MLPClassifier(alpha=11, hidden_layer_sizes=(100, 20))
     Best parameters: {'alpha': 11, 'hidden_layer_sizes': (100, 20), 'solver': 'adam'}
     Starting run of that model with optimal parameters...
