Fri Apr  8 00:44:06 CDT 2022


\HUMAN HSC RELATED GENES

MODEL --- LogisticRegression(C=0.008, max_iter=1000, multi_class='multinomial', n_jobs=-1,
                   solver='saga')
     Data file: ./../../../data/in_vivo/analyses_input/all_cells_all_genes_data_headers.txt
     Genes files: ['./../../../data/gene_sets/human_cd34_deg_loose.txt']
     Warning: Unable to sample dataframe, less than 1,000 columns. Will proceed without sampling
     Average accuracy: 0.42444561419172666
     Standard deviation: 0.04152081159804358
     Accuracy array = [0.3922252601199969, 0.47575812923758126, 0.40188172043010756, 0.37016588985762516, 0.41402813118867954, 0.4162499094005943, 0.49936172354777003, 0.5100302117324976, 0.3911888401328895, 0.39431330683823457, 0.3998083358071896, 0.45997695391076493, 0.4557508792709055, 0.43042403777924587, 0.45523394556355057, 0.3721601546601547, 0.4116154772658838, 0.48630502379889595, 0.4273673766561026, 0.43820464212621074, 0.4555106998775121, 0.43035899802624794, 0.4911704103024858, 0.440680807197881, 0.4513428262849291, 0.3818295937314284, 0.4335582658887698, 0.4493802426651791, 0.4685142492569894, 0.45245861336591897, 0.4587772073177197, 0.44196638202498845, 0.40411747901021045, 0.3263946178565191, 0.38171000215331613, 0.4384595870897241, 0.4617453094685502, 0.3412462692244014, 0.3889263633196968, 0.4818186442534942, 0.41469325642239524, 0.3237365368682685, 0.3897707394861096, 0.38126518389542624, 0.4460019756694948, 0.43169465470224483, 0.4335700168659555, 0.40791309177763363, 0.4164777406013576, 0.39514099565660393]

MODEL --- GridSearchCV(estimator=MLPClassifier(), n_jobs=-1,
             param_grid={'alpha': [1e-05, 0.72, 1, 5, 9, 11],
                         'hidden_layer_sizes': [(100, 20), (250, 100),
                                                (250, 30), (150, 50)],
                         'solver': ['adam']},
             scoring='f1_macro')
     Data file: ./../../../data/in_vivo/analyses_input/all_cells_all_genes_data_headers.txt
     Genes files: ['./../../../data/gene_sets/human_cd34_deg_loose.txt']
     Warning: Unable to sample dataframe, less than 1,000 columns. Will proceed without sampling
     Best estimator: MLPClassifier(alpha=1, hidden_layer_sizes=(100, 20))
     Best parameters: {'alpha': 1, 'hidden_layer_sizes': (100, 20), 'solver': 'adam'}
     Starting run of that model with optimal parameters...

MODEL --- MLPClassifier(alpha=1, hidden_layer_sizes=(100, 20))
     Data file: ./../../../data/in_vivo/analyses_input/all_cells_all_genes_data_headers.txt
     Genes files: ['./../../../data/gene_sets/human_cd34_deg_loose.txt']
     Warning: Unable to sample dataframe, less than 1,000 columns. Will proceed without sampling
     Average accuracy: 0.49346392351432555
     Standard deviation: 0.0442799717575704
     Accuracy array = [0.5201291979003136, 0.5108899902205748, 0.49601213787260295, 0.5234055021984956, 0.4894852225918005, 0.523644581439276, 0.4005271419870837, 0.4971966322898, 0.5122121070650483, 0.4662104617842802, 0.4930800662122772, 0.43712065276572304, 0.4445532912887294, 0.5342820578114696, 0.560777875845837, 0.519491164657193, 0.49402274974256394, 0.48534702782355116, 0.47312232756505007, 0.5609202092000257, 0.5396798157040776, 0.45734376835621365, 0.5144087327520744, 0.5145035274966766, 0.47831100091159345, 0.4766403083260609, 0.4045973503864957, 0.49648423250715923, 0.4343654938300019, 0.4966446343794073, 0.6098913794312418, 0.5401918163004378, 0.4523833428241164, 0.4216991699963836, 0.5781099463984521, 0.5058061201264752, 0.4383232780291603, 0.506800470056647, 0.5140309374080166, 0.5176981958539603, 0.3962497040546658, 0.4808119089837433, 0.48148039169608586, 0.4550137598899209, 0.4448291990464231, 0.5143547976403741, 0.5168580470331513, 0.548166607373488, 0.4979149447469999, 0.49717289591507846]

MODEL --- LogisticRegression(C=0.008, max_iter=1000, multi_class='multinomial', n_jobs=-1,
                   solver='saga')
     Data file: ./../../../data/in_vivo/analyses_input/all_cells_all_genes_data_headers.txt
     Genes files: ['./../../../data/gene_sets/human_cd34_deg_strict.txt']
     Warning: Unable to sample dataframe, less than 1,000 columns. Will proceed without sampling
     Average accuracy: 0.3264148105126523
     Standard deviation: 0.03663936233714103
     Accuracy array = [0.28700672705122093, 0.3093618174077944, 0.31534642820275177, 0.3289270264308865, 0.32938359308466936, 0.2657893815427614, 0.3050906140231566, 0.2809585427261693, 0.28909066451439336, 0.28474761001376336, 0.30771590173406654, 0.41191750296629276, 0.3746405399503236, 0.3408897823815365, 0.2812850907799173, 0.271221796242032, 0.3744666659241445, 0.313466923407584, 0.3155952742909265, 0.4119230144074865, 0.3141413734683895, 0.35229545117395583, 0.375088108649068, 0.3241325898389096, 0.3078524374176548, 0.3170998565798759, 0.2852851052128212, 0.35152209523921973, 0.31426967435194286, 0.3468883085971693, 0.3579494504872973, 0.3660233918128655, 0.27576191050333254, 0.36214125080316983, 0.3602294878610668, 0.3242963807869424, 0.2879441736818786, 0.2943299942208523, 0.40733510982199395, 0.28048037189044983, 0.31040492770943046, 0.3407905182994151, 0.354561900921831, 0.3537406023707393, 0.3464237560799986, 0.33634519559229265, 0.32024725456841946, 0.32594765000237164, 0.3499545748592125, 0.278432725748171]

MODEL --- GridSearchCV(estimator=MLPClassifier(), n_jobs=-1,
             param_grid={'alpha': [1e-05, 0.72, 1, 5, 9, 11],
                         'hidden_layer_sizes': [(100, 20), (250, 100),
                                                (250, 30), (150, 50)],
                         'solver': ['adam']},
             scoring='f1_macro')
     Data file: ./../../../data/in_vivo/analyses_input/all_cells_all_genes_data_headers.txt
     Genes files: ['./../../../data/gene_sets/human_cd34_deg_strict.txt']
     Warning: Unable to sample dataframe, less than 1,000 columns. Will proceed without sampling
     Best estimator: MLPClassifier(alpha=1, hidden_layer_sizes=(100, 20))
     Best parameters: {'alpha': 1, 'hidden_layer_sizes': (100, 20), 'solver': 'adam'}
     Starting run of that model with optimal parameters...

MODEL --- MLPClassifier(alpha=1, hidden_layer_sizes=(100, 20))
     Data file: ./../../../data/in_vivo/analyses_input/all_cells_all_genes_data_headers.txt
     Genes files: ['./../../../data/gene_sets/human_cd34_deg_strict.txt']
     Warning: Unable to sample dataframe, less than 1,000 columns. Will proceed without sampling
     Average accuracy: 0.46792424873591165
     Standard deviation: 0.04271610840761488
     Accuracy array = [0.4019222145768782, 0.42340026363401134, 0.5282742861476654, 0.5435304183352074, 0.45054796646162115, 0.3927811952990408, 0.43526779062805804, 0.4323693379790941, 0.43424611148351117, 0.475971825996872, 0.4616705092219009, 0.4552698086596392, 0.5153231663035585, 0.4302001725726253, 0.4038679136445072, 0.4799438669091544, 0.5152882721828911, 0.4903813453031621, 0.5411101578762192, 0.461339614499201, 0.48323870885032966, 0.4417815105385888, 0.44425501179630017, 0.467753852268745, 0.5027026316547546, 0.48995304628606334, 0.4191972016546137, 0.5105052016510093, 0.4641080261581627, 0.5364557011203616, 0.46173915271837496, 0.40938250978934515, 0.48594872747291346, 0.45405255867085814, 0.4480939204901502, 0.46877156472164544, 0.5053370479624166, 0.46612264676780807, 0.455008182886, 0.5359921075729488, 0.4045066811757905, 0.4569689546881623, 0.4290146495823786, 0.438816490707384, 0.4967101225385986, 0.5093994473850659, 0.5878618904540903, 0.4914143294448581, 0.43804845605500703, 0.4203658660180399]
