Fri Apr  8 11:03:05 CDT 2022


\HUMAN HSC RELATED GENES

MODEL --- LogisticRegression(C=0.008, max_iter=1000, multi_class='multinomial', n_jobs=-1,
                   solver='saga')
     Data file: ./../../../data/in_vitro/analyses_input/all_cells_all_genes_data_headers.txt
     Genes files: ['./../../../data/gene_sets/human_cd34_deg_loose.txt']
     Warning: Unable to sample dataframe, less than 1,000 columns. Will proceed without sampling
     Average accuracy: 0.4093581555199306
     Standard deviation: 0.0449757362537479
     Accuracy array = [0.3606586389595446, 0.4444415358722411, 0.3962009132420092, 0.44271183735830205, 0.4097967691774133, 0.45379780968836236, 0.375162217197975, 0.3524142605752723, 0.398327879762631, 0.4161125050648811, 0.4690837725066496, 0.4472175205917786, 0.36904692406096523, 0.4039624785138349, 0.37032154882154883, 0.4153014717101619, 0.3780630659567352, 0.397750048876293, 0.47459745238457335, 0.5065987730896957, 0.5090775883580198, 0.43456538084678525, 0.4517326876908376, 0.3132777642662175, 0.48225091431084355, 0.36274927982394317, 0.4163304085585053, 0.32873805403248363, 0.364040279211417, 0.39360126709524296, 0.449317539179867, 0.39343388404202956, 0.4151910064655746, 0.4157703513730417, 0.4547482211275315, 0.4751737297789929, 0.35995186733194107, 0.4069487014852835, 0.4055001903863585, 0.38179588759153243, 0.35079497436075036, 0.4323722556258742, 0.3236593949057409, 0.43520916655707437, 0.37816293905203574, 0.4171016630950341, 0.3768518114870066, 0.3759994254393801, 0.44026240203683814, 0.44173131706948215]

MODEL --- GridSearchCV(estimator=MLPClassifier(), n_jobs=-1,
             param_grid={'alpha': [1e-05, 0.72, 1, 5, 9, 11],
                         'hidden_layer_sizes': [(100, 20), (250, 100),
                                                (250, 30), (150, 50)],
                         'solver': ['adam']},
             scoring='f1_macro')
     Data file: ./../../../data/in_vitro/analyses_input/all_cells_all_genes_data_headers.txt
     Genes files: ['./../../../data/gene_sets/human_cd34_deg_loose.txt']
     Warning: Unable to sample dataframe, less than 1,000 columns. Will proceed without sampling
     Best estimator: MLPClassifier(alpha=1, hidden_layer_sizes=(150, 50))
     Best parameters: {'alpha': 1, 'hidden_layer_sizes': (150, 50), 'solver': 'adam'}
     Starting run of that model with optimal parameters...

MODEL --- MLPClassifier(alpha=1, hidden_layer_sizes=(150, 50))
     Data file: ./../../../data/in_vitro/analyses_input/all_cells_all_genes_data_headers.txt
     Genes files: ['./../../../data/gene_sets/human_cd34_deg_loose.txt']
     Warning: Unable to sample dataframe, less than 1,000 columns. Will proceed without sampling
     Average accuracy: 0.492362521021519
     Standard deviation: 0.04003026182163374
     Accuracy array = [0.509192815724792, 0.476351753089641, 0.4719154981116704, 0.4589093528345029, 0.42530897757285735, 0.4440254677457518, 0.45423607353003614, 0.49361700246860823, 0.5216583099271571, 0.4312772550173203, 0.5331247520187613, 0.4646397116871181, 0.41290051119421367, 0.5149759954399806, 0.416571501132683, 0.4481773630480752, 0.46675735699946097, 0.5277818809998246, 0.43278002803097243, 0.45985930691151994, 0.5123510450123353, 0.5678489049032063, 0.4906663220344511, 0.48292346534273256, 0.5093314279000899, 0.4376532681277161, 0.47888826513262867, 0.49170392275323516, 0.4901388334182608, 0.44430447261766864, 0.459987867284203, 0.5061696016579328, 0.47778552925736145, 0.49196397432494754, 0.5199724510763996, 0.5386741454633942, 0.5541377863190459, 0.5312015228670451, 0.5553319694201608, 0.5102436281202162, 0.49632552416385695, 0.56005600560056, 0.5131071769064601, 0.4689886591509309, 0.5536883693740774, 0.5140574872282189, 0.4908434300041736, 0.5348399799200715, 0.5502423372509643, 0.5206377649586563]

MODEL --- LogisticRegression(C=0.008, max_iter=1000, multi_class='multinomial', n_jobs=-1,
                   solver='saga')
     Data file: ./../../../data/in_vitro/analyses_input/all_cells_all_genes_data_headers.txt
     Genes files: ['./../../../data/gene_sets/human_cd34_deg_strict.txt']
     Warning: Unable to sample dataframe, less than 1,000 columns. Will proceed without sampling
     Average accuracy: 0.3186236471617522
     Standard deviation: 0.036479176784458126
     Accuracy array = [0.316915944067733, 0.36092085974438914, 0.35843596990620313, 0.34816702685247286, 0.367506414899411, 0.3791352298495156, 0.30328157770704167, 0.33232356533099855, 0.2836769166870629, 0.3528215322428579, 0.30063760263087036, 0.29884043260441157, 0.2738668108497792, 0.31180073436391126, 0.28198945683730653, 0.27937848652064096, 0.34854105540672703, 0.3812132312132312, 0.26995424827259834, 0.2571736155065431, 0.31690965484068934, 0.3273710862071213, 0.36839554992976425, 0.2968598243272117, 0.34948423669353906, 0.3055101979725095, 0.3837658073473677, 0.3207168959881048, 0.29266739266739267, 0.343909368694197, 0.34300880331222544, 0.3325667902693299, 0.2971455365703655, 0.3575869382284515, 0.26532648806448966, 0.29404953607852163, 0.29448137871446606, 0.2993098688750863, 0.2782743572217256, 0.3477029550988309, 0.35752444912642334, 0.34973678789954027, 0.2843245714684377, 0.33674890203667185, 0.25733664295484066, 0.2841033054622177, 0.27890178861052645, 0.2707030256801424, 0.3854023949119505, 0.3047771113417613]

MODEL --- GridSearchCV(estimator=MLPClassifier(), n_jobs=-1,
             param_grid={'alpha': [1e-05, 0.72, 1, 5, 9, 11],
                         'hidden_layer_sizes': [(100, 20), (250, 100),
                                                (250, 30), (150, 50)],
                         'solver': ['adam']},
             scoring='f1_macro')
     Data file: ./../../../data/in_vitro/analyses_input/all_cells_all_genes_data_headers.txt
     Genes files: ['./../../../data/gene_sets/human_cd34_deg_strict.txt']
     Warning: Unable to sample dataframe, less than 1,000 columns. Will proceed without sampling
     Best estimator: MLPClassifier(alpha=1, hidden_layer_sizes=(250, 100))
     Best parameters: {'alpha': 1, 'hidden_layer_sizes': (250, 100), 'solver': 'adam'}
     Starting run of that model with optimal parameters...

MODEL --- MLPClassifier(alpha=1, hidden_layer_sizes=(250, 100))
     Data file: ./../../../data/in_vitro/analyses_input/all_cells_all_genes_data_headers.txt
     Genes files: ['./../../../data/gene_sets/human_cd34_deg_strict.txt']
     Warning: Unable to sample dataframe, less than 1,000 columns. Will proceed without sampling
     Average accuracy: 0.46677476220685427
     Standard deviation: 0.04999891526191349
     Accuracy array = [0.3990930290292077, 0.4500613607708958, 0.4929628575035299, 0.43572565661734347, 0.5031342282012835, 0.5282907531164838, 0.49815753306484395, 0.3672207247678945, 0.455223673828325, 0.48283355616220636, 0.458389601454617, 0.39890286692612276, 0.5061944906584455, 0.41457389711970233, 0.47541750603325394, 0.487824627795272, 0.4633288094844677, 0.31772135377448474, 0.4250015968828846, 0.5806376157242997, 0.3855591303535643, 0.4911564328444124, 0.51833289545663, 0.48430920281721407, 0.5074645510058982, 0.5185469120251729, 0.492746344271008, 0.5603250550618971, 0.4486241143039204, 0.44004841591809135, 0.4957152055604068, 0.4705221043388175, 0.43922657605998405, 0.5521866150810861, 0.40615573981144576, 0.49457634526585886, 0.4672532294165393, 0.4666326723833214, 0.49007509371077584, 0.3793505126428709, 0.459749100295227, 0.5037407048747741, 0.4451411322888106, 0.4641210312127124, 0.503529341029341, 0.4898288595829856, 0.43653548869066117, 0.5160172033415136, 0.4416877668685589, 0.4288845949136524]
