


POS CTRL PROG GENES

MODEL --- GridSearchCV(estimator=MLPClassifier(), n_jobs=-1,
             param_grid={'alpha': [1e-05, 0.72, 1, 5, 9, 11],
                         'hidden_layer_sizes': [(100, 20), (250, 100),
                                                (250, 30), (150, 50)],
                         'solver': ['adam']})
     Data file: ./../../data/output/export_script/three_cells_all_genes_data_headers.txt
     Genes files: ['./../../data/input/gene_sets/prog_genes/Ren_Ba_DEG_progenitor_markers.txt']
     Warning: Unable to sample dataframe, less than 1,000 columns. Will proceed without sampling
              precision    recall  f1-score   support

      "Baso"       0.86      0.68      0.76        44
  "Monocyte"       0.74      0.75      0.74       115
"Neutrophil"       0.68      0.72      0.70       105

    accuracy                           0.73       264
   macro avg       0.76      0.72      0.73       264
weighted avg       0.73      0.73      0.73       264

     Best estimator: MLPClassifier(alpha=1e-05, hidden_layer_sizes=(250, 100))
     Best parameters: {'alpha': 1e-05, 'hidden_layer_sizes': (250, 100), 'solver': 'adam'}
     Starting run of that model with optimal parameters...

MODEL --- MLPClassifier(alpha=1e-05, hidden_layer_sizes=(250, 100))
     Data file: ./../../data/output/export_script/three_cells_all_genes_data_headers.txt
     Genes files: ['./../../data/input/gene_sets/prog_genes/Ren_Ba_DEG_progenitor_markers.txt']
     Warning: Unable to sample dataframe, less than 1,000 columns. Will proceed without sampling
     Average accuracy: 0.7488636363636364
     Standard deviation: 0.02159090909090907

MODEL --- GridSearchCV(estimator=MLPClassifier(), n_jobs=-1,
             param_grid={'alpha': [1e-05, 0.72, 1, 5, 9, 11],
                         'hidden_layer_sizes': [(100, 20), (250, 100),
                                                (250, 30), (150, 50)],
                         'solver': ['adam']})
     Data file: ./../../data/output/export_script/all_cells_all_genes_data_headers.txt
     Genes files: ['./../../data/input/gene_sets/prog_genes/Ren_Ba_DEG_progenitor_markers.txt']
     Warning: Unable to sample dataframe, less than 1,000 columns. Will proceed without sampling
              precision    recall  f1-score   support

      "Baso"       0.80      0.60      0.69        55
  "Lymphoid"       0.71      0.42      0.53        12
      "Mast"       0.50      0.25      0.33         4
       "Meg"       0.73      0.67      0.70        12
  "Monocyte"       0.78      0.70      0.74       111
"Neutrophil"       0.62      0.82      0.71       104

    accuracy                           0.70       298
   macro avg       0.69      0.58      0.61       298
weighted avg       0.72      0.70      0.70       298

     Best estimator: MLPClassifier(alpha=1, hidden_layer_sizes=(250, 100))
     Best parameters: {'alpha': 1, 'hidden_layer_sizes': (250, 100), 'solver': 'adam'}
     Starting run of that model with optimal parameters...

MODEL --- MLPClassifier(alpha=1, hidden_layer_sizes=(250, 100))
     Data file: ./../../data/output/export_script/all_cells_all_genes_data_headers.txt
     Genes files: ['./../../data/input/gene_sets/prog_genes/Ren_Ba_DEG_progenitor_markers.txt']
     Warning: Unable to sample dataframe, less than 1,000 columns. Will proceed without sampling
     Average accuracy: 0.7112751677852348
     Standard deviation: 0.0335567785224161

MODEL --- GridSearchCV(estimator=MLPClassifier(), n_jobs=-1,
             param_grid={'alpha': [1e-05, 0.72, 1, 5, 9, 11],
                         'hidden_layer_sizes': [(100, 20), (250, 100),
                                                (250, 30), (150, 50)],
                         'solver': ['adam']})
     Data file: ./../../data/output/export_script/three_cells_all_genes_data_headers.txt
     Genes files: ['./../../data/input/gene_sets/prog_genes/Ren_CLP_B_DEG_progenitor_markers.txt']
              precision    recall  f1-score   support

      "Baso"       0.77      0.51      0.61        53
  "Monocyte"       0.76      0.74      0.75       101
"Neutrophil"       0.68      0.80      0.73       110

    accuracy                           0.72       264
   macro avg       0.74      0.68      0.70       264
weighted avg       0.73      0.72      0.72       264

              precision    recall  f1-score   support

      "Baso"       0.83      0.60      0.69        42
  "Monocyte"       0.74      0.79      0.76       103
"Neutrophil"       0.74      0.77      0.76       119

    accuracy                           0.75       264
   macro avg       0.77      0.72      0.74       264
weighted avg       0.75      0.75      0.75       264

              precision    recall  f1-score   support

      "Baso"       0.61      0.51      0.56        39
  "Monocyte"       0.72      0.81      0.76       106
"Neutrophil"       0.72      0.68      0.70       119

    accuracy                           0.71       264
   macro avg       0.68      0.67      0.67       264
weighted avg       0.71      0.71      0.71       264

              precision    recall  f1-score   support

      "Baso"       0.82      0.67      0.74        48
  "Monocyte"       0.69      0.87      0.77        99
"Neutrophil"       0.77      0.66      0.71       117

    accuracy                           0.74       264
   macro avg       0.76      0.73      0.74       264
weighted avg       0.75      0.74      0.74       264

              precision    recall  f1-score   support

      "Baso"       0.78      0.54      0.64        46
  "Monocyte"       0.76      0.71      0.74       110
"Neutrophil"       0.64      0.77      0.70       108

    accuracy                           0.70       264
   macro avg       0.73      0.67      0.69       264
weighted avg       0.72      0.70      0.70       264

              precision    recall  f1-score   support

      "Baso"       0.46      0.53      0.49        32
  "Monocyte"       0.77      0.68      0.72       119
"Neutrophil"       0.68      0.73      0.71       113

    accuracy                           0.69       264
   macro avg       0.64      0.65      0.64       264
weighted avg       0.69      0.69      0.69       264

              precision    recall  f1-score   support

      "Baso"       0.79      0.77      0.78        39
  "Monocyte"       0.71      0.72      0.71       104
"Neutrophil"       0.73      0.73      0.73       121

    accuracy                           0.73       264
   macro avg       0.74      0.74      0.74       264
weighted avg       0.73      0.73      0.73       264

              precision    recall  f1-score   support

      "Baso"       0.84      0.63      0.72        41
  "Monocyte"       0.82      0.72      0.77       111
"Neutrophil"       0.71      0.86      0.78       112

    accuracy                           0.77       264
   macro avg       0.79      0.74      0.76       264
weighted avg       0.78      0.77      0.76       264

              precision    recall  f1-score   support

      "Baso"       0.78      0.67      0.72        46
  "Monocyte"       0.73      0.86      0.79       102
"Neutrophil"       0.78      0.70      0.74       116

    accuracy                           0.76       264
   macro avg       0.76      0.74      0.75       264
weighted avg       0.76      0.76      0.76       264

     Best estimator: MLPClassifier(alpha=1e-05, hidden_layer_sizes=(250, 100))
     Best parameters: {'alpha': 1e-05, 'hidden_layer_sizes': (250, 100), 'solver': 'adam'}
     Starting run of that model with optimal parameters...

MODEL --- MLPClassifier(alpha=1e-05, hidden_layer_sizes=(250, 100))
     Data file: ./../../data/output/export_script/three_cells_all_genes_data_headers.txt
     Genes files: ['./../../data/input/gene_sets/prog_genes/Ren_CLP_B_DEG_progenitor_markers.txt']
     Average accuracy: 0.743097643097643
     Standard deviation: 0.025458614705112122

MODEL --- GridSearchCV(estimator=MLPClassifier(), n_jobs=-1,
             param_grid={'alpha': [1e-05, 0.72, 1, 5, 9, 11],
                         'hidden_layer_sizes': [(100, 20), (250, 100),
                                                (250, 30), (150, 50)],
                         'solver': ['adam']})
     Data file: ./../../data/output/export_script/all_cells_all_genes_data_headers.txt
     Genes files: ['./../../data/input/gene_sets/prog_genes/Ren_CLP_B_DEG_progenitor_markers.txt']
              precision    recall  f1-score   support

      "Baso"       0.52      0.74      0.62        43
  "Lymphoid"       0.67      0.50      0.57         8
      "Mast"       1.00      0.17      0.29        12
       "Meg"       0.76      0.73      0.74        22
  "Monocyte"       0.73      0.86      0.79        97
"Neutrophil"       0.79      0.65      0.71       116

    accuracy                           0.71       298
   macro avg       0.75      0.61      0.62       298
weighted avg       0.74      0.71      0.70       298

              precision    recall  f1-score   support

      "Baso"       0.58      0.74      0.65        35
  "Lymphoid"       0.60      0.50      0.55         6
      "Mast"       1.00      0.22      0.36         9
       "Meg"       0.67      0.67      0.67        15
  "Monocyte"       0.79      0.76      0.77       108
"Neutrophil"       0.78      0.79      0.79       125

    accuracy                           0.74       298
   macro avg       0.74      0.61      0.63       298
weighted avg       0.76      0.74      0.74       298

              precision    recall  f1-score   support

      "Baso"       0.77      0.65      0.71        46
  "Lymphoid"       0.50      0.50      0.50         6
      "Mast"       0.55      0.75      0.63         8
       "Meg"       0.75      0.75      0.75        12
  "Monocyte"       0.71      0.78      0.74       109
"Neutrophil"       0.74      0.69      0.71       117

    accuracy                           0.72       298
   macro avg       0.67      0.69      0.67       298
weighted avg       0.72      0.72      0.72       298

              precision    recall  f1-score   support

      "Baso"       0.61      0.78      0.68        50
  "Lymphoid"       0.57      0.50      0.53         8
      "Mast"       1.00      0.25      0.40        12
       "Meg"       0.86      0.63      0.73        19
  "Monocyte"       0.62      0.69      0.66        98
"Neutrophil"       0.69      0.63      0.66       111

    accuracy                           0.66       298
   macro avg       0.73      0.58      0.61       298
weighted avg       0.68      0.66      0.65       298

              precision    recall  f1-score   support

      "Baso"       0.68      0.60      0.64        43
  "Lymphoid"       0.64      0.70      0.67        10
      "Mast"       0.75      0.33      0.46         9
       "Meg"       0.64      0.69      0.67        13
  "Monocyte"       0.68      0.47      0.56       106
"Neutrophil"       0.59      0.79      0.68       117

    accuracy                           0.63       298
   macro avg       0.66      0.60      0.61       298
weighted avg       0.65      0.63      0.62       298

              precision    recall  f1-score   support

      "Baso"       0.70      0.70      0.70        53
  "Lymphoid"       0.80      0.31      0.44        13
      "Mast"       0.67      0.25      0.36         8
       "Meg"       0.70      0.54      0.61        13
  "Monocyte"       0.74      0.79      0.76       103
"Neutrophil"       0.75      0.82      0.79       108

    accuracy                           0.74       298
   macro avg       0.73      0.57      0.61       298
weighted avg       0.74      0.74      0.73       298

              precision    recall  f1-score   support

      "Baso"       0.61      0.57      0.59        44
  "Lymphoid"       0.67      0.40      0.50         5
      "Mast"       0.75      0.33      0.46         9
       "Meg"       0.64      0.50      0.56        14
  "Monocyte"       0.64      0.78      0.70        95
"Neutrophil"       0.70      0.66      0.68       131

    accuracy                           0.66       298
   macro avg       0.67      0.54      0.58       298
weighted avg       0.67      0.66      0.66       298

              precision    recall  f1-score   support

      "Baso"       0.67      0.65      0.66        40
  "Lymphoid"       0.29      0.25      0.27         8
      "Mast"       0.60      0.67      0.63         9
       "Meg"       0.83      0.68      0.75        22
  "Monocyte"       0.69      0.72      0.71        97
"Neutrophil"       0.72      0.72      0.72       122

    accuracy                           0.69       298
   macro avg       0.63      0.62      0.62       298
weighted avg       0.70      0.69      0.69       298

              precision    recall  f1-score   support

      "Baso"       0.73      0.62      0.67        39
  "Lymphoid"       0.78      0.64      0.70        11
      "Mast"       0.67      0.40      0.50         5
       "Meg"       0.90      0.82      0.86        22
  "Monocyte"       0.75      0.66      0.70       113
"Neutrophil"       0.65      0.81      0.72       108

    accuracy                           0.71       298
   macro avg       0.75      0.66      0.69       298
weighted avg       0.72      0.71      0.71       298

     Best estimator: MLPClassifier(alpha=1, hidden_layer_sizes=(250, 30))
     Best parameters: {'alpha': 1, 'hidden_layer_sizes': (250, 30), 'solver': 'adam'}
     Starting run of that model with optimal parameters...

MODEL --- MLPClassifier(alpha=1, hidden_layer_sizes=(250, 30))
     Data file: ./../../data/output/export_script/all_cells_all_genes_data_headers.txt
     Genes files: ['./../../data/input/gene_sets/prog_genes/Ren_CLP_B_DEG_progenitor_markers.txt']
     Average accuracy: 0.7010290827740492
     Standard deviation: 0.028343768585049004

MODEL --- GridSearchCV(estimator=MLPClassifier(), n_jobs=-1,
             param_grid={'alpha': [1e-05, 0.72, 1, 5, 9, 11],
                         'hidden_layer_sizes': [(100, 20), (250, 100),
                                                (250, 30), (150, 50)],
                         'solver': ['adam']})
     Data file: ./../../data/output/export_script/three_cells_all_genes_data_headers.txt
     Genes files: ['./../../data/input/gene_sets/prog_genes/Ren_CLP_Pre-B_DEG_progenitor_markers.txt']
              precision    recall  f1-score   support

      "Baso"       0.76      0.83      0.79        41
  "Monocyte"       0.78      0.72      0.75       102
"Neutrophil"       0.75      0.79      0.77       121

    accuracy                           0.77       264
   macro avg       0.76      0.78      0.77       264
weighted avg       0.77      0.77      0.76       264

              precision    recall  f1-score   support

      "Baso"       0.75      0.55      0.64        49
  "Monocyte"       0.70      0.75      0.73       104
"Neutrophil"       0.74      0.77      0.75       111

    accuracy                           0.72       264
   macro avg       0.73      0.69      0.71       264
weighted avg       0.73      0.72      0.72       264

              precision    recall  f1-score   support

      "Baso"       0.76      0.72      0.74        40
  "Monocyte"       0.74      0.75      0.75       105
"Neutrophil"       0.75      0.75      0.75       119

    accuracy                           0.75       264
   macro avg       0.75      0.74      0.75       264
weighted avg       0.75      0.75      0.75       264

              precision    recall  f1-score   support

      "Baso"       0.74      0.83      0.79        42
  "Monocyte"       0.73      0.83      0.77        99
"Neutrophil"       0.83      0.70      0.76       123

    accuracy                           0.77       264
   macro avg       0.77      0.79      0.77       264
weighted avg       0.78      0.77      0.77       264

              precision    recall  f1-score   support

      "Baso"       0.74      0.61      0.67        51
  "Monocyte"       0.76      0.78      0.77       112
"Neutrophil"       0.66      0.70      0.68       101

    accuracy                           0.72       264
   macro avg       0.72      0.70      0.71       264
weighted avg       0.72      0.72      0.72       264

              precision    recall  f1-score   support

      "Baso"       0.79      0.71      0.75        38
  "Monocyte"       0.70      0.86      0.77       102
"Neutrophil"       0.83      0.69      0.75       124

    accuracy                           0.76       264
   macro avg       0.77      0.76      0.76       264
weighted avg       0.77      0.76      0.76       264

              precision    recall  f1-score   support

      "Baso"       0.78      0.64      0.70        44
  "Monocyte"       0.70      0.80      0.74       100
"Neutrophil"       0.73      0.69      0.71       120

    accuracy                           0.72       264
   macro avg       0.74      0.71      0.72       264
weighted avg       0.73      0.72      0.72       264

              precision    recall  f1-score   support

      "Baso"       0.74      0.70      0.72        37
  "Monocyte"       0.80      0.76      0.78       119
"Neutrophil"       0.73      0.79      0.76       108

    accuracy                           0.76       264
   macro avg       0.76      0.75      0.75       264
weighted avg       0.76      0.76      0.76       264

              precision    recall  f1-score   support

      "Baso"       0.66      0.56      0.60        34
  "Monocyte"       0.69      0.79      0.73       103
"Neutrophil"       0.75      0.69      0.72       127

    accuracy                           0.71       264
   macro avg       0.70      0.68      0.69       264
weighted avg       0.71      0.71      0.71       264

     Best estimator: MLPClassifier(alpha=1e-05, hidden_layer_sizes=(250, 100))
     Best parameters: {'alpha': 1e-05, 'hidden_layer_sizes': (250, 100), 'solver': 'adam'}
     Starting run of that model with optimal parameters...

MODEL --- MLPClassifier(alpha=1e-05, hidden_layer_sizes=(250, 100))
     Data file: ./../../data/output/export_script/three_cells_all_genes_data_headers.txt
     Genes files: ['./../../data/input/gene_sets/prog_genes/Ren_CLP_Pre-B_DEG_progenitor_markers.txt']
     Average accuracy: 0.7448232323232323
     Standard deviation: 0.02369199670966992

MODEL --- GridSearchCV(estimator=MLPClassifier(), n_jobs=-1,
             param_grid={'alpha': [1e-05, 0.72, 1, 5, 9, 11],
                         'hidden_layer_sizes': [(100, 20), (250, 100),
                                                (250, 30), (150, 50)],
                         'solver': ['adam']})
     Data file: ./../../data/output/export_script/all_cells_all_genes_data_headers.txt
     Genes files: ['./../../data/input/gene_sets/prog_genes/Ren_CLP_Pre-B_DEG_progenitor_markers.txt']
              precision    recall  f1-score   support

      "Baso"       0.64      0.68      0.66        37
  "Lymphoid"       0.33      0.20      0.25         5
      "Mast"       0.60      0.27      0.37        11
       "Meg"       0.71      0.71      0.71        17
  "Monocyte"       0.65      0.84      0.73       115
"Neutrophil"       0.78      0.58      0.67       113

    accuracy                           0.68       298
   macro avg       0.62      0.55      0.57       298
weighted avg       0.69      0.68      0.68       298

              precision    recall  f1-score   support

      "Baso"       0.53      0.62      0.57        34
  "Lymphoid"       0.71      0.56      0.63         9
      "Mast"       0.50      0.38      0.43        13
       "Meg"       0.50      0.54      0.52        13
  "Monocyte"       0.71      0.82      0.76       104
"Neutrophil"       0.79      0.68      0.73       125

    accuracy                           0.70       298
   macro avg       0.62      0.60      0.61       298
weighted avg       0.71      0.70      0.70       298

              precision    recall  f1-score   support

      "Baso"       0.73      0.56      0.64        39
  "Lymphoid"       1.00      0.50      0.67         6
      "Mast"       0.71      0.45      0.56        11
       "Meg"       0.80      0.67      0.73        18
  "Monocyte"       0.88      0.59      0.71       111
"Neutrophil"       0.61      0.91      0.73       113

    accuracy                           0.71       298
   macro avg       0.79      0.62      0.67       298
weighted avg       0.75      0.71      0.70       298

              precision    recall  f1-score   support

      "Baso"       0.62      0.59      0.61        34
  "Lymphoid"       0.50      0.25      0.33         8
      "Mast"       0.67      0.60      0.63        10
       "Meg"       0.94      0.88      0.91        17
  "Monocyte"       0.63      0.72      0.67       102
"Neutrophil"       0.72      0.69      0.71       127

    accuracy                           0.68       298
   macro avg       0.68      0.62      0.64       298
weighted avg       0.69      0.68      0.68       298

              precision    recall  f1-score   support

      "Baso"       0.66      0.60      0.62        42
  "Lymphoid"       0.60      0.23      0.33        13
      "Mast"       0.67      0.18      0.29        11
       "Meg"       0.58      0.54      0.56        13
  "Monocyte"       0.70      0.75      0.72       108
"Neutrophil"       0.69      0.77      0.72       111

    accuracy                           0.68       298
   macro avg       0.65      0.51      0.54       298
weighted avg       0.68      0.68      0.67       298

              precision    recall  f1-score   support

      "Baso"       0.81      0.60      0.69        50
  "Lymphoid"       0.50      0.29      0.36         7
      "Mast"       0.60      0.33      0.43         9
       "Meg"       0.64      0.93      0.76        15
  "Monocyte"       0.75      0.76      0.75       104
"Neutrophil"       0.73      0.81      0.77       113

    accuracy                           0.73       298
   macro avg       0.67      0.62      0.63       298
weighted avg       0.74      0.73      0.73       298

              precision    recall  f1-score   support

      "Baso"       0.75      0.70      0.72        43
  "Lymphoid"       0.62      0.42      0.50        12
      "Mast"       1.00      0.44      0.62         9
       "Meg"       0.83      0.67      0.74        15
  "Monocyte"       0.81      0.71      0.76       101
"Neutrophil"       0.70      0.86      0.78       118

    accuracy                           0.75       298
   macro avg       0.79      0.63      0.69       298
weighted avg       0.76      0.75      0.74       298

              precision    recall  f1-score   support

      "Baso"       0.62      0.64      0.63        39
  "Lymphoid"       0.67      0.33      0.44        12
      "Mast"       0.71      0.42      0.53        12
       "Meg"       0.81      0.81      0.81        16
  "Monocyte"       0.76      0.78      0.77       111
"Neutrophil"       0.73      0.77      0.75       108

    accuracy                           0.73       298
   macro avg       0.72      0.63      0.66       298
weighted avg       0.73      0.73      0.72       298

              precision    recall  f1-score   support

      "Baso"       0.69      0.71      0.70        38
  "Lymphoid"       0.50      0.20      0.29        15
      "Mast"       1.00      0.29      0.44         7
       "Meg"       0.71      0.59      0.65        17
  "Monocyte"       0.72      0.80      0.76        97
"Neutrophil"       0.80      0.83      0.81       124

    accuracy                           0.75       298
   macro avg       0.74      0.57      0.61       298
weighted avg       0.75      0.75      0.74       298

     Best estimator: MLPClassifier(alpha=0.72, hidden_layer_sizes=(250, 100))
     Best parameters: {'alpha': 0.72, 'hidden_layer_sizes': (250, 100), 'solver': 'adam'}
     Starting run of that model with optimal parameters...

MODEL --- MLPClassifier(alpha=0.72, hidden_layer_sizes=(250, 100))
     Data file: ./../../data/output/export_script/all_cells_all_genes_data_headers.txt
     Genes files: ['./../../data/input/gene_sets/prog_genes/Ren_CLP_Pre-B_DEG_progenitor_markers.txt']
     Average accuracy: 0.712117822520507
     Standard deviation: 0.03132667889651432

MODEL --- GridSearchCV(estimator=MLPClassifier(), n_jobs=-1,
             param_grid={'alpha': [1e-05, 0.72, 1, 5, 9, 11],
                         'hidden_layer_sizes': [(100, 20), (250, 100),
                                                (250, 30), (150, 50)],
                         'solver': ['adam']})
     Data file: ./../../data/output/export_script/three_cells_all_genes_data_headers.txt
     Genes files: ['./../../data/input/gene_sets/prog_genes/Ren_DC_DEG_progenitor_markers.txt']
              precision    recall  f1-score   support

      "Baso"       0.74      0.53      0.62        43
  "Monocyte"       0.76      0.73      0.75       124
"Neutrophil"       0.62      0.73      0.67        97

    accuracy                           0.70       264
   macro avg       0.71      0.67      0.68       264
weighted avg       0.71      0.70      0.70       264

              precision    recall  f1-score   support

      "Baso"       0.74      0.63      0.68        46
  "Monocyte"       0.78      0.74      0.76       108
"Neutrophil"       0.69      0.76      0.72       110

    accuracy                           0.73       264
   macro avg       0.74      0.71      0.72       264
weighted avg       0.73      0.73      0.73       264

              precision    recall  f1-score   support

      "Baso"       0.76      0.74      0.75        42
  "Monocyte"       0.75      0.78      0.77       102
"Neutrophil"       0.78      0.75      0.76       120

    accuracy                           0.76       264
   macro avg       0.76      0.76      0.76       264
weighted avg       0.76      0.76      0.76       264

              precision    recall  f1-score   support

      "Baso"       0.82      0.62      0.71        45
  "Monocyte"       0.82      0.78      0.80       118
"Neutrophil"       0.71      0.83      0.77       101

    accuracy                           0.77       264
   macro avg       0.79      0.74      0.76       264
weighted avg       0.78      0.77      0.77       264

              precision    recall  f1-score   support

      "Baso"       0.69      0.70      0.70        44
  "Monocyte"       0.73      0.68      0.70       103
"Neutrophil"       0.71      0.74      0.72       117

    accuracy                           0.71       264
   macro avg       0.71      0.71      0.71       264
weighted avg       0.71      0.71      0.71       264

              precision    recall  f1-score   support

      "Baso"       0.83      0.64      0.73        45
  "Monocyte"       0.71      0.70      0.71       101
"Neutrophil"       0.67      0.73      0.70       118

    accuracy                           0.70       264
   macro avg       0.74      0.69      0.71       264
weighted avg       0.71      0.70      0.71       264

              precision    recall  f1-score   support

      "Baso"       0.75      0.63      0.68        43
  "Monocyte"       0.67      0.61      0.64       109
"Neutrophil"       0.63      0.73      0.68       112

    accuracy                           0.66       264
   macro avg       0.68      0.66      0.67       264
weighted avg       0.67      0.66      0.66       264

              precision    recall  f1-score   support

      "Baso"       0.77      0.77      0.77        43
  "Monocyte"       0.72      0.71      0.71       103
"Neutrophil"       0.71      0.72      0.72       118

    accuracy                           0.72       264
   macro avg       0.73      0.73      0.73       264
weighted avg       0.72      0.72      0.72       264

              precision    recall  f1-score   support

      "Baso"       0.78      0.60      0.68        48
  "Monocyte"       0.68      0.80      0.74        98
"Neutrophil"       0.73      0.69      0.71       118

    accuracy                           0.72       264
   macro avg       0.73      0.70      0.71       264
weighted avg       0.72      0.72      0.71       264

     Best estimator: MLPClassifier(alpha=1e-05, hidden_layer_sizes=(250, 30))
     Best parameters: {'alpha': 1e-05, 'hidden_layer_sizes': (250, 30), 'solver': 'adam'}
     Starting run of that model with optimal parameters...

MODEL --- MLPClassifier(alpha=1e-05, hidden_layer_sizes=(250, 30))
     Data file: ./../../data/output/export_script/three_cells_all_genes_data_headers.txt
     Genes files: ['./../../data/input/gene_sets/prog_genes/Ren_DC_DEG_progenitor_markers.txt']
     Average accuracy: 0.7363131313131314
     Standard deviation: 0.023887821104972045

MODEL --- GridSearchCV(estimator=MLPClassifier(), n_jobs=-1,
             param_grid={'alpha': [1e-05, 0.72, 1, 5, 9, 11],
                         'hidden_layer_sizes': [(100, 20), (250, 100),
                                                (250, 30), (150, 50)],
                         'solver': ['adam']})
     Data file: ./../../data/output/export_script/all_cells_all_genes_data_headers.txt
     Genes files: ['./../../data/input/gene_sets/prog_genes/Ren_DC_DEG_progenitor_markers.txt']
              precision    recall  f1-score   support

      "Baso"       0.65      0.51      0.57        47
  "Lymphoid"       0.60      0.43      0.50         7
      "Mast"       0.56      0.56      0.56         9
       "Meg"       0.75      0.75      0.75        16
  "Monocyte"       0.79      0.71      0.75       119
"Neutrophil"       0.63      0.78      0.70       100

    accuracy                           0.69       298
   macro avg       0.66      0.62      0.64       298
weighted avg       0.70      0.69      0.69       298

              precision    recall  f1-score   support

      "Baso"       0.58      0.76      0.66        41
  "Lymphoid"       0.50      0.56      0.53         9
      "Mast"       0.80      0.29      0.42        14
       "Meg"       0.69      0.69      0.69        16
  "Monocyte"       0.73      0.72      0.73       107
"Neutrophil"       0.72      0.71      0.72       111

    accuracy                           0.69       298
   macro avg       0.67      0.62      0.62       298
weighted avg       0.70      0.69      0.69       298

              precision    recall  f1-score   support

      "Baso"       0.56      0.59      0.57        41
  "Lymphoid"       0.71      0.71      0.71         7
      "Mast"       0.33      0.22      0.27         9
       "Meg"       0.79      0.58      0.67        19
  "Monocyte"       0.70      0.73      0.72       112
"Neutrophil"       0.72      0.73      0.72       110

    accuracy                           0.68       298
   macro avg       0.64      0.59      0.61       298
weighted avg       0.68      0.68      0.68       298

              precision    recall  f1-score   support

      "Baso"       0.67      0.56      0.61        32
  "Lymphoid"       1.00      0.57      0.73         7
      "Mast"       0.60      0.50      0.55        12
       "Meg"       0.71      0.75      0.73        16
  "Monocyte"       0.76      0.87      0.81       108
"Neutrophil"       0.79      0.76      0.77       123

    accuracy                           0.76       298
   macro avg       0.76      0.67      0.70       298
weighted avg       0.76      0.76      0.76       298

              precision    recall  f1-score   support

      "Baso"       0.59      0.58      0.58        45
  "Lymphoid"       0.86      0.55      0.67        11
      "Mast"       0.75      0.27      0.40        11
       "Meg"       0.50      0.55      0.52        11
  "Monocyte"       0.70      0.81      0.75        99
"Neutrophil"       0.76      0.74      0.75       121

    accuracy                           0.70       298
   macro avg       0.69      0.58      0.61       298
weighted avg       0.71      0.70      0.70       298

              precision    recall  f1-score   support

      "Baso"       0.63      0.54      0.58        35
  "Lymphoid"       0.50      0.29      0.36         7
      "Mast"       0.60      0.30      0.40        10
       "Meg"       0.88      0.58      0.70        12
  "Monocyte"       0.76      0.79      0.77       121
"Neutrophil"       0.69      0.76      0.73       113

    accuracy                           0.71       298
   macro avg       0.68      0.54      0.59       298
weighted avg       0.71      0.71      0.71       298

              precision    recall  f1-score   support

      "Baso"       0.54      0.68      0.60        40
  "Lymphoid"       0.67      0.36      0.47        11
      "Mast"       1.00      0.36      0.53        14
       "Meg"       0.88      0.78      0.82         9
  "Monocyte"       0.66      0.69      0.67        97
"Neutrophil"       0.75      0.75      0.75       127

    accuracy                           0.69       298
   macro avg       0.75      0.60      0.64       298
weighted avg       0.70      0.69      0.69       298

              precision    recall  f1-score   support

      "Baso"       0.58      0.72      0.64        40
  "Lymphoid"       0.67      0.27      0.38        15
      "Mast"       0.60      0.60      0.60         5
       "Meg"       0.87      0.59      0.70        22
  "Monocyte"       0.66      0.75      0.70       100
"Neutrophil"       0.76      0.72      0.74       116

    accuracy                           0.69       298
   macro avg       0.69      0.61      0.63       298
weighted avg       0.70      0.69      0.69       298

              precision    recall  f1-score   support

      "Baso"       0.72      0.57      0.64        51
  "Lymphoid"       0.33      0.12      0.18         8
      "Mast"       0.50      0.33      0.40         6
       "Meg"       0.87      0.68      0.76        19
  "Monocyte"       0.64      0.78      0.70        98
"Neutrophil"       0.70      0.71      0.70       116

    accuracy                           0.68       298
   macro avg       0.63      0.53      0.56       298
weighted avg       0.68      0.68      0.68       298

     Best estimator: MLPClassifier(alpha=1, hidden_layer_sizes=(250, 100))
     Best parameters: {'alpha': 1, 'hidden_layer_sizes': (250, 100), 'solver': 'adam'}
     Starting run of that model with optimal parameters...

MODEL --- MLPClassifier(alpha=1, hidden_layer_sizes=(250, 100))
     Data file: ./../../data/output/export_script/all_cells_all_genes_data_headers.txt
     Genes files: ['./../../data/input/gene_sets/prog_genes/Ren_DC_DEG_progenitor_markers.txt']
     Average accuracy: 0.6972706935123043
     Standard deviation: 0.02617331112632917

MODEL --- GridSearchCV(estimator=MLPClassifier(), n_jobs=-1,
             param_grid={'alpha': [1e-05, 0.72, 1, 5, 9, 11],
                         'hidden_layer_sizes': [(100, 20), (250, 100),
                                                (250, 30), (150, 50)],
                         'solver': ['adam']})
     Data file: ./../../data/output/export_script/three_cells_all_genes_data_headers.txt
     Genes files: ['./../../data/input/gene_sets/prog_genes/Ren_GMP_MoDC_DEG_progenitor_markers.txt']
              precision    recall  f1-score   support

      "Baso"       0.83      0.61      0.70        41
  "Monocyte"       0.77      0.72      0.74       103
"Neutrophil"       0.71      0.82      0.76       120

    accuracy                           0.75       264
   macro avg       0.77      0.71      0.74       264
weighted avg       0.75      0.75      0.74       264

              precision    recall  f1-score   support

      "Baso"       0.92      0.63      0.75        54
  "Monocyte"       0.86      0.68      0.76       109
"Neutrophil"       0.63      0.88      0.74       101

    accuracy                           0.75       264
   macro avg       0.80      0.73      0.75       264
weighted avg       0.78      0.75      0.75       264

              precision    recall  f1-score   support

      "Baso"       0.56      0.76      0.64        46
  "Monocyte"       0.66      0.79      0.72       107
"Neutrophil"       0.80      0.53      0.64       111

    accuracy                           0.67       264
   macro avg       0.67      0.69      0.67       264
weighted avg       0.70      0.67      0.67       264

              precision    recall  f1-score   support

      "Baso"       0.86      0.64      0.74        50
  "Monocyte"       0.67      0.76      0.72        89
"Neutrophil"       0.74      0.74      0.74       125

    accuracy                           0.73       264
   macro avg       0.76      0.72      0.73       264
weighted avg       0.74      0.73      0.73       264

              precision    recall  f1-score   support

      "Baso"       0.80      0.69      0.74        48
  "Monocyte"       0.82      0.84      0.83       115
"Neutrophil"       0.73      0.76      0.75       101

    accuracy                           0.78       264
   macro avg       0.79      0.76      0.77       264
weighted avg       0.78      0.78      0.78       264

              precision    recall  f1-score   support

      "Baso"       0.77      0.67      0.71        45
  "Monocyte"       0.71      0.86      0.78        95
"Neutrophil"       0.82      0.72      0.76       124

    accuracy                           0.76       264
   macro avg       0.76      0.75      0.75       264
weighted avg       0.77      0.76      0.76       264

              precision    recall  f1-score   support

      "Baso"       0.73      0.64      0.68        47
  "Monocyte"       0.79      0.74      0.76       114
"Neutrophil"       0.65      0.74      0.69       103

    accuracy                           0.72       264
   macro avg       0.72      0.70      0.71       264
weighted avg       0.73      0.72      0.72       264

              precision    recall  f1-score   support

      "Baso"       0.76      0.62      0.68        45
  "Monocyte"       0.81      0.78      0.79       108
"Neutrophil"       0.71      0.78      0.74       111

    accuracy                           0.75       264
   macro avg       0.76      0.73      0.74       264
weighted avg       0.76      0.75      0.75       264

              precision    recall  f1-score   support

      "Baso"       0.90      0.80      0.84        44
  "Monocyte"       0.72      0.81      0.77       107
"Neutrophil"       0.76      0.71      0.73       113

    accuracy                           0.77       264
   macro avg       0.79      0.77      0.78       264
weighted avg       0.77      0.77      0.77       264

     Best estimator: MLPClassifier(alpha=1e-05, hidden_layer_sizes=(100, 20))
     Best parameters: {'alpha': 1e-05, 'hidden_layer_sizes': (100, 20), 'solver': 'adam'}
     Starting run of that model with optimal parameters...

MODEL --- MLPClassifier(alpha=1e-05, hidden_layer_sizes=(100, 20))
     Data file: ./../../data/output/export_script/three_cells_all_genes_data_headers.txt
     Genes files: ['./../../data/input/gene_sets/prog_genes/Ren_GMP_MoDC_DEG_progenitor_markers.txt']
     Average accuracy: 0.713181818181818
     Standard deviation: 0.02792130048024468

MODEL --- GridSearchCV(estimator=MLPClassifier(), n_jobs=-1,
             param_grid={'alpha': [1e-05, 0.72, 1, 5, 9, 11],
                         'hidden_layer_sizes': [(100, 20), (250, 100),
                                                (250, 30), (150, 50)],
                         'solver': ['adam']})
     Data file: ./../../data/output/export_script/all_cells_all_genes_data_headers.txt
     Genes files: ['./../../data/input/gene_sets/prog_genes/Ren_GMP_MoDC_DEG_progenitor_markers.txt']
              precision    recall  f1-score   support

      "Baso"       0.72      0.50      0.59        46
  "Lymphoid"       0.00      0.00      0.00        12
      "Mast"       1.00      0.43      0.60         7
       "Meg"       0.61      0.69      0.65        16
  "Monocyte"       0.60      0.67      0.64       100
"Neutrophil"       0.63      0.72      0.67       117

    accuracy                           0.63       298
   macro avg       0.59      0.50      0.52       298
weighted avg       0.62      0.63      0.62       298

              precision    recall  f1-score   support

      "Baso"       0.60      0.72      0.65        39
  "Lymphoid"       1.00      0.33      0.50         9
      "Mast"       0.80      0.50      0.62         8
       "Meg"       0.89      0.62      0.73        13
  "Monocyte"       0.77      0.73      0.75       117
"Neutrophil"       0.68      0.75      0.71       112

    accuracy                           0.71       298
   macro avg       0.79      0.61      0.66       298
weighted avg       0.73      0.71      0.71       298

              precision    recall  f1-score   support

      "Baso"       0.61      0.55      0.58        40
  "Lymphoid"       0.50      0.43      0.46         7
      "Mast"       0.30      0.38      0.33         8
       "Meg"       0.77      0.50      0.61        20
  "Monocyte"       0.81      0.64      0.72       120
"Neutrophil"       0.63      0.84      0.72       103

    accuracy                           0.68       298
   macro avg       0.60      0.56      0.57       298
weighted avg       0.70      0.68      0.68       298

              precision    recall  f1-score   support

      "Baso"       0.59      0.57      0.58        51
  "Lymphoid"       0.71      0.36      0.48        14
      "Mast"       0.60      0.46      0.52        13
       "Meg"       0.79      0.65      0.71        17
  "Monocyte"       0.63      0.72      0.67        92
"Neutrophil"       0.65      0.67      0.66       111

    accuracy                           0.64       298
   macro avg       0.66      0.57      0.60       298
weighted avg       0.64      0.64      0.64       298

              precision    recall  f1-score   support

      "Baso"       0.56      0.68      0.61        44
  "Lymphoid"       0.57      0.40      0.47        10
      "Mast"       0.43      0.30      0.35        10
       "Meg"       0.58      0.58      0.58        12
  "Monocyte"       0.77      0.64      0.70       111
"Neutrophil"       0.64      0.73      0.68       111

    accuracy                           0.66       298
   macro avg       0.59      0.56      0.57       298
weighted avg       0.67      0.66      0.66       298

              precision    recall  f1-score   support

      "Baso"       0.66      0.56      0.61        41
  "Lymphoid"       0.57      0.44      0.50         9
      "Mast"       0.86      0.50      0.63        12
       "Meg"       0.67      0.77      0.71        13
  "Monocyte"       0.68      0.70      0.69       106
"Neutrophil"       0.65      0.69      0.67       117

    accuracy                           0.66       298
   macro avg       0.68      0.61      0.63       298
weighted avg       0.67      0.66      0.66       298

              precision    recall  f1-score   support

      "Baso"       0.61      0.62      0.62        45
  "Lymphoid"       1.00      0.11      0.20         9
      "Mast"       0.20      0.12      0.15         8
       "Meg"       0.83      0.77      0.80        13
  "Monocyte"       0.75      0.78      0.77       110
"Neutrophil"       0.72      0.77      0.75       113

    accuracy                           0.71       298
   macro avg       0.69      0.53      0.55       298
weighted avg       0.72      0.71      0.70       298

              precision    recall  f1-score   support

      "Baso"       0.64      0.50      0.56        42
  "Lymphoid"       0.40      0.22      0.29         9
      "Mast"       1.00      0.71      0.83         7
       "Meg"       0.50      0.50      0.50        14
  "Monocyte"       0.69      0.73      0.71       113
"Neutrophil"       0.66      0.72      0.69       113

    accuracy                           0.66       298
   macro avg       0.65      0.56      0.60       298
weighted avg       0.66      0.66      0.66       298

              precision    recall  f1-score   support

      "Baso"       0.63      0.48      0.54        46
  "Lymphoid"       0.67      0.22      0.33         9
      "Mast"       0.62      0.56      0.59         9
       "Meg"       0.50      0.50      0.50        10
  "Monocyte"       0.63      0.73      0.68       103
"Neutrophil"       0.67      0.69      0.68       121

    accuracy                           0.64       298
   macro avg       0.62      0.53      0.55       298
weighted avg       0.64      0.64      0.64       298

     Best estimator: MLPClassifier(alpha=1, hidden_layer_sizes=(250, 100))
     Best parameters: {'alpha': 1, 'hidden_layer_sizes': (250, 100), 'solver': 'adam'}
     Starting run of that model with optimal parameters...

MODEL --- MLPClassifier(alpha=1, hidden_layer_sizes=(250, 100))
     Data file: ./../../data/output/export_script/all_cells_all_genes_data_headers.txt
     Genes files: ['./../../data/input/gene_sets/prog_genes/Ren_GMP_MoDC_DEG_progenitor_markers.txt']
     Average accuracy: 0.6769127516778523
     Standard deviation: 0.028252084208963302

MODEL --- GridSearchCV(estimator=MLPClassifier(), n_jobs=-1,
             param_grid={'alpha': [1e-05, 0.72, 1, 5, 9, 11],
                         'hidden_layer_sizes': [(100, 20), (250, 100),
                                                (250, 30), (150, 50)],
                         'solver': ['adam']})
     Data file: ./../../data/output/export_script/three_cells_all_genes_data_headers.txt
     Genes files: ['./../../data/input/gene_sets/prog_genes/Ren_GMP_MoNeu_DEG_progenitor_markers.txt']
              precision    recall  f1-score   support

      "Baso"       0.55      0.58      0.56        31
  "Monocyte"       0.70      0.73      0.71       119
"Neutrophil"       0.67      0.62      0.65       114

    accuracy                           0.67       264
   macro avg       0.64      0.64      0.64       264
weighted avg       0.67      0.67      0.67       264

              precision    recall  f1-score   support

      "Baso"       0.74      0.68      0.71        41
  "Monocyte"       0.80      0.79      0.79       109
"Neutrophil"       0.76      0.79      0.78       114

    accuracy                           0.77       264
   macro avg       0.77      0.75      0.76       264
weighted avg       0.77      0.77      0.77       264

              precision    recall  f1-score   support

      "Baso"       0.71      0.65      0.68        34
  "Monocyte"       0.70      0.75      0.72       106
"Neutrophil"       0.74      0.72      0.73       124

    accuracy                           0.72       264
   macro avg       0.72      0.70      0.71       264
weighted avg       0.72      0.72      0.72       264

              precision    recall  f1-score   support

      "Baso"       0.89      0.65      0.75        51
  "Monocyte"       0.74      0.81      0.77        95
"Neutrophil"       0.79      0.82      0.80       118

    accuracy                           0.78       264
   macro avg       0.81      0.76      0.78       264
weighted avg       0.79      0.78      0.78       264

              precision    recall  f1-score   support

      "Baso"       0.81      0.56      0.66        45
  "Monocyte"       0.77      0.79      0.78       108
"Neutrophil"       0.70      0.77      0.74       111

    accuracy                           0.74       264
   macro avg       0.76      0.71      0.72       264
weighted avg       0.75      0.74      0.74       264

              precision    recall  f1-score   support

      "Baso"       0.79      0.68      0.73        38
  "Monocyte"       0.74      0.76      0.75       110
"Neutrophil"       0.73      0.73      0.73       116

    accuracy                           0.74       264
   macro avg       0.75      0.73      0.74       264
weighted avg       0.74      0.74      0.74       264

              precision    recall  f1-score   support

      "Baso"       0.76      0.66      0.70        38
  "Monocyte"       0.67      0.78      0.72       101
"Neutrophil"       0.79      0.71      0.75       125

    accuracy                           0.73       264
   macro avg       0.74      0.72      0.72       264
weighted avg       0.74      0.73      0.73       264

              precision    recall  f1-score   support

      "Baso"       0.91      0.64      0.75        45
  "Monocyte"       0.78      0.77      0.78       124
"Neutrophil"       0.66      0.76      0.71        95

    accuracy                           0.75       264
   macro avg       0.78      0.73      0.75       264
weighted avg       0.76      0.75      0.75       264

              precision    recall  f1-score   support

      "Baso"       0.70      0.63      0.67        41
  "Monocyte"       0.69      0.79      0.74       111
"Neutrophil"       0.72      0.64      0.68       112

    accuracy                           0.70       264
   macro avg       0.71      0.69      0.70       264
weighted avg       0.71      0.70      0.70       264

     Best estimator: MLPClassifier(alpha=1, hidden_layer_sizes=(250, 100))
     Best parameters: {'alpha': 1, 'hidden_layer_sizes': (250, 100), 'solver': 'adam'}
     Starting run of that model with optimal parameters...

MODEL --- MLPClassifier(alpha=1, hidden_layer_sizes=(250, 100))
     Data file: ./../../data/output/export_script/three_cells_all_genes_data_headers.txt
     Genes files: ['./../../data/input/gene_sets/prog_genes/Ren_GMP_MoNeu_DEG_progenitor_markers.txt']
     Average accuracy: 0.7371632996632997
     Standard deviation: 0.028202076529727404

MODEL --- GridSearchCV(estimator=MLPClassifier(), n_jobs=-1,
             param_grid={'alpha': [1e-05, 0.72, 1, 5, 9, 11],
                         'hidden_layer_sizes': [(100, 20), (250, 100),
                                                (250, 30), (150, 50)],
                         'solver': ['adam']})
     Data file: ./../../data/output/export_script/all_cells_all_genes_data_headers.txt
     Genes files: ['./../../data/input/gene_sets/prog_genes/Ren_GMP_MoNeu_DEG_progenitor_markers.txt']
              precision    recall  f1-score   support

      "Baso"       0.71      0.56      0.63        45
  "Lymphoid"       0.25      0.33      0.29         6
      "Mast"       0.40      0.22      0.29         9
       "Meg"       0.70      0.54      0.61        13
  "Monocyte"       0.69      0.75      0.72       110
"Neutrophil"       0.70      0.73      0.71       115

    accuracy                           0.68       298
   macro avg       0.58      0.52      0.54       298
weighted avg       0.68      0.68      0.68       298

              precision    recall  f1-score   support

      "Baso"       0.53      0.62      0.57        40
  "Lymphoid"       0.78      0.39      0.52        18
      "Mast"       0.00      0.00      0.00         8
       "Meg"       0.75      0.75      0.75        12
  "Monocyte"       0.68      0.64      0.66       113
"Neutrophil"       0.62      0.71      0.66       107

    accuracy                           0.63       298
   macro avg       0.56      0.52      0.53       298
weighted avg       0.63      0.63      0.63       298

              precision    recall  f1-score   support

      "Baso"       0.69      0.67      0.68        52
  "Lymphoid"       0.43      0.30      0.35        10
      "Mast"       0.50      0.29      0.36         7
       "Meg"       0.82      0.56      0.67        16
  "Monocyte"       0.79      0.55      0.65       113
"Neutrophil"       0.58      0.85      0.69       100

    accuracy                           0.66       298
   macro avg       0.63      0.54      0.57       298
weighted avg       0.69      0.66      0.65       298

              precision    recall  f1-score   support

      "Baso"       0.62      0.66      0.64        44
  "Lymphoid"       0.00      0.00      0.00         5
      "Mast"       1.00      0.18      0.31        11
       "Meg"       0.61      0.58      0.59        19
  "Monocyte"       0.66      0.78      0.72        88
"Neutrophil"       0.76      0.71      0.73       131

    accuracy                           0.68       298
   macro avg       0.61      0.49      0.50       298
weighted avg       0.69      0.68      0.68       298

              precision    recall  f1-score   support

      "Baso"       0.67      0.65      0.66        55
  "Lymphoid"       0.86      0.50      0.63        12
      "Mast"       0.33      0.12      0.18         8
       "Meg"       0.86      0.71      0.77        17
  "Monocyte"       0.76      0.75      0.75       107
"Neutrophil"       0.68      0.79      0.73        99

    accuracy                           0.71       298
   macro avg       0.69      0.59      0.62       298
weighted avg       0.71      0.71      0.71       298

              precision    recall  f1-score   support

      "Baso"       0.60      0.70      0.65        44
  "Lymphoid"       0.50      0.14      0.22         7
      "Mast"       1.00      0.12      0.22         8
       "Meg"       0.86      0.71      0.77        17
  "Monocyte"       0.72      0.85      0.78       118
"Neutrophil"       0.73      0.63      0.68       104

    accuracy                           0.71       298
   macro avg       0.73      0.53      0.55       298
weighted avg       0.72      0.71      0.70       298

              precision    recall  f1-score   support

      "Baso"       0.68      0.68      0.68        41
  "Lymphoid"       0.71      0.38      0.50        13
      "Mast"       0.67      0.25      0.36         8
       "Meg"       1.00      0.73      0.84        11
  "Monocyte"       0.61      0.77      0.68       100
"Neutrophil"       0.79      0.70      0.74       125

    accuracy                           0.70       298
   macro avg       0.74      0.59      0.63       298
weighted avg       0.71      0.70      0.70       298

              precision    recall  f1-score   support

      "Baso"       0.62      0.51      0.56        45
  "Lymphoid"       0.75      0.30      0.43        10
      "Mast"       0.60      0.25      0.35        12
       "Meg"       0.80      0.92      0.86        13
  "Monocyte"       0.68      0.75      0.72       110
"Neutrophil"       0.70      0.75      0.73       108

    accuracy                           0.69       298
   macro avg       0.69      0.58      0.61       298
weighted avg       0.68      0.69      0.68       298

              precision    recall  f1-score   support

      "Baso"       0.64      0.68      0.66        44
  "Lymphoid"       0.67      0.44      0.53         9
      "Mast"       0.67      0.57      0.62         7
       "Meg"       0.69      0.44      0.54        25
  "Monocyte"       0.62      0.77      0.69        92
"Neutrophil"       0.75      0.68      0.71       121

    accuracy                           0.68       298
   macro avg       0.67      0.60      0.62       298
weighted avg       0.69      0.68      0.68       298

     Best estimator: MLPClassifier(alpha=1, hidden_layer_sizes=(250, 100))
     Best parameters: {'alpha': 1, 'hidden_layer_sizes': (250, 100), 'solver': 'adam'}
     Starting run of that model with optimal parameters...

MODEL --- MLPClassifier(alpha=1, hidden_layer_sizes=(250, 100))
     Data file: ./../../data/output/export_script/all_cells_all_genes_data_headers.txt
     Genes files: ['./../../data/input/gene_sets/prog_genes/Ren_GMP_MoNeu_DEG_progenitor_markers.txt']
     Average accuracy: 0.6938553318419091
     Standard deviation: 0.029980952620668213

MODEL --- GridSearchCV(estimator=MLPClassifier(), n_jobs=-1,
             param_grid={'alpha': [1e-05, 0.72, 1, 5, 9, 11],
                         'hidden_layer_sizes': [(100, 20), (250, 100),
                                                (250, 30), (150, 50)],
                         'solver': ['adam']})
     Data file: ./../../data/output/export_script/three_cells_all_genes_data_headers.txt
     Genes files: ['./../../data/input/gene_sets/prog_genes/Ren_GMP_Neu_DEG_progenitor_markers.txt']
              precision    recall  f1-score   support

      "Baso"       0.89      0.68      0.77        47
  "Monocyte"       0.67      0.80      0.73       106
"Neutrophil"       0.75      0.69      0.72       111

    accuracy                           0.73       264
   macro avg       0.77      0.73      0.74       264
weighted avg       0.75      0.73      0.74       264

              precision    recall  f1-score   support

      "Baso"       0.94      0.59      0.72        49
  "Monocyte"       0.73      0.67      0.70        91
"Neutrophil"       0.71      0.85      0.78       124

    accuracy                           0.74       264
   macro avg       0.79      0.71      0.73       264
weighted avg       0.76      0.74      0.74       264

              precision    recall  f1-score   support

      "Baso"       0.77      0.71      0.74        42
  "Monocyte"       0.63      0.76      0.69       104
"Neutrophil"       0.69      0.58      0.63       118

    accuracy                           0.67       264
   macro avg       0.69      0.68      0.68       264
weighted avg       0.68      0.67      0.67       264

              precision    recall  f1-score   support

      "Baso"       0.80      0.66      0.73        50
  "Monocyte"       0.76      0.74      0.75       110
"Neutrophil"       0.68      0.76      0.72       104

    accuracy                           0.73       264
   macro avg       0.75      0.72      0.73       264
weighted avg       0.74      0.73      0.73       264

              precision    recall  f1-score   support

      "Baso"       0.75      0.73      0.74        41
  "Monocyte"       0.61      0.92      0.74        92
"Neutrophil"       0.88      0.57      0.69       131

    accuracy                           0.72       264
   macro avg       0.75      0.74      0.72       264
weighted avg       0.77      0.72      0.72       264

              precision    recall  f1-score   support

      "Baso"       0.85      0.60      0.70        47
  "Monocyte"       0.71      0.77      0.74        98
"Neutrophil"       0.74      0.78      0.76       119

    accuracy                           0.74       264
   macro avg       0.77      0.71      0.73       264
weighted avg       0.75      0.74      0.74       264

              precision    recall  f1-score   support

      "Baso"       0.64      0.80      0.71        40
  "Monocyte"       0.77      0.77      0.77       100
"Neutrophil"       0.82      0.75      0.78       124

    accuracy                           0.77       264
   macro avg       0.74      0.77      0.75       264
weighted avg       0.77      0.77      0.77       264

              precision    recall  f1-score   support

      "Baso"       0.76      0.67      0.71        46
  "Monocyte"       0.69      0.81      0.75        89
"Neutrophil"       0.79      0.73      0.76       129

    accuracy                           0.75       264
   macro avg       0.75      0.74      0.74       264
weighted avg       0.75      0.75      0.75       264

              precision    recall  f1-score   support

      "Baso"       0.75      0.64      0.69        42
  "Monocyte"       0.71      0.78      0.74       108
"Neutrophil"       0.72      0.68      0.70       114

    accuracy                           0.72       264
   macro avg       0.72      0.70      0.71       264
weighted avg       0.72      0.72      0.71       264

     Best estimator: MLPClassifier(alpha=1e-05, hidden_layer_sizes=(250, 100))
     Best parameters: {'alpha': 1e-05, 'hidden_layer_sizes': (250, 100), 'solver': 'adam'}
     Starting run of that model with optimal parameters...

MODEL --- MLPClassifier(alpha=1e-05, hidden_layer_sizes=(250, 100))
     Data file: ./../../data/output/export_script/three_cells_all_genes_data_headers.txt
     Genes files: ['./../../data/input/gene_sets/prog_genes/Ren_GMP_Neu_DEG_progenitor_markers.txt']
     Average accuracy: 0.7228872053872054
     Standard deviation: 0.02509153085152373

MODEL --- GridSearchCV(estimator=MLPClassifier(), n_jobs=-1,
             param_grid={'alpha': [1e-05, 0.72, 1, 5, 9, 11],
                         'hidden_layer_sizes': [(100, 20), (250, 100),
                                                (250, 30), (150, 50)],
                         'solver': ['adam']})
     Data file: ./../../data/output/export_script/all_cells_all_genes_data_headers.txt
     Genes files: ['./../../data/input/gene_sets/prog_genes/Ren_GMP_Neu_DEG_progenitor_markers.txt']
              precision    recall  f1-score   support

      "Baso"       0.74      0.65      0.69        48
  "Lymphoid"       0.71      0.45      0.56        11
      "Mast"       0.50      0.38      0.43        13
       "Meg"       0.57      0.86      0.69        14
  "Monocyte"       0.75      0.78      0.76       105
"Neutrophil"       0.75      0.76      0.75       107

    accuracy                           0.72       298
   macro avg       0.67      0.65      0.65       298
weighted avg       0.73      0.72      0.72       298

              precision    recall  f1-score   support

      "Baso"       0.48      0.55      0.51        40
  "Lymphoid"       0.71      0.59      0.65        17
      "Mast"       0.75      0.25      0.38        12
       "Meg"       0.57      0.62      0.59        13
  "Monocyte"       0.72      0.64      0.68       104
"Neutrophil"       0.66      0.75      0.70       112

    accuracy                           0.65       298
   macro avg       0.65      0.57      0.58       298
weighted avg       0.66      0.65      0.65       298

              precision    recall  f1-score   support

      "Baso"       0.64      0.59      0.62        49
  "Lymphoid"       0.50      0.33      0.40         6
      "Mast"       0.33      0.14      0.20         7
       "Meg"       0.57      0.53      0.55        15
  "Monocyte"       0.62      0.83      0.71       101
"Neutrophil"       0.74      0.60      0.66       120

    accuracy                           0.66       298
   macro avg       0.57      0.51      0.52       298
weighted avg       0.66      0.66      0.65       298

              precision    recall  f1-score   support

      "Baso"       0.55      0.58      0.56        38
  "Lymphoid"       1.00      0.46      0.63        13
      "Mast"       1.00      0.29      0.44        14
       "Meg"       0.55      0.75      0.63         8
  "Monocyte"       0.69      0.66      0.68       114
"Neutrophil"       0.62      0.72      0.67       111

    accuracy                           0.65       298
   macro avg       0.74      0.58      0.60       298
weighted avg       0.67      0.65      0.64       298

              precision    recall  f1-score   support

      "Baso"       0.54      0.53      0.53        38
  "Lymphoid"       0.20      0.14      0.17         7
      "Mast"       0.33      0.43      0.38         7
       "Meg"       0.62      0.59      0.61        17
  "Monocyte"       0.65      0.73      0.69       102
"Neutrophil"       0.75      0.70      0.73       127

    accuracy                           0.66       298
   macro avg       0.52      0.52      0.52       298
weighted avg       0.66      0.66      0.66       298

              precision    recall  f1-score   support

      "Baso"       0.64      0.61      0.63        59
  "Lymphoid"       0.57      0.40      0.47        10
      "Mast"       0.00      0.00      0.00         6
       "Meg"       0.27      0.43      0.33         7
  "Monocyte"       0.68      0.74      0.71       102
"Neutrophil"       0.70      0.68      0.69       114

    accuracy                           0.66       298
   macro avg       0.48      0.48      0.47       298
weighted avg       0.65      0.66      0.65       298

              precision    recall  f1-score   support

      "Baso"       0.57      0.56      0.57        55
  "Lymphoid"       0.78      0.64      0.70        11
      "Mast"       0.67      0.33      0.44         6
       "Meg"       0.89      0.50      0.64        16
  "Monocyte"       0.66      0.80      0.72        98
"Neutrophil"       0.72      0.67      0.69       112

    accuracy                           0.67       298
   macro avg       0.71      0.58      0.63       298
weighted avg       0.68      0.67      0.67       298

              precision    recall  f1-score   support

      "Baso"       0.58      0.51      0.54        49
  "Lymphoid"       0.40      0.33      0.36         6
      "Mast"       0.50      0.29      0.36         7
       "Meg"       0.68      0.85      0.76        20
  "Monocyte"       0.59      0.58      0.59        95
"Neutrophil"       0.64      0.68      0.66       121

    accuracy                           0.61       298
   macro avg       0.57      0.54      0.55       298
weighted avg       0.61      0.61      0.61       298

              precision    recall  f1-score   support

      "Baso"       0.60      0.52      0.56        50
  "Lymphoid"       1.00      0.17      0.29        12
      "Mast"       0.75      0.21      0.33        14
       "Meg"       0.62      0.57      0.59        14
  "Monocyte"       0.65      0.79      0.71        90
"Neutrophil"       0.68      0.73      0.70       118

    accuracy                           0.66       298
   macro avg       0.72      0.50      0.53       298
weighted avg       0.67      0.66      0.64       298

     Best estimator: MLPClassifier(alpha=1e-05, hidden_layer_sizes=(250, 30))
     Best parameters: {'alpha': 1e-05, 'hidden_layer_sizes': (250, 30), 'solver': 'adam'}
     Starting run of that model with optimal parameters...

MODEL --- MLPClassifier(alpha=1e-05, hidden_layer_sizes=(250, 30))
     Data file: ./../../data/output/export_script/all_cells_all_genes_data_headers.txt
     Genes files: ['./../../data/input/gene_sets/prog_genes/Ren_GMP_Neu_DEG_progenitor_markers.txt']
     Average accuracy: 0.659731543624161
     Standard deviation: 0.02698880541659844

MODEL --- GridSearchCV(estimator=MLPClassifier(), n_jobs=-1,
             param_grid={'alpha': [1e-05, 0.72, 1, 5, 9, 11],
                         'hidden_layer_sizes': [(100, 20), (250, 100),
                                                (250, 30), (150, 50)],
                         'solver': ['adam']})
     Data file: ./../../data/output/export_script/three_cells_all_genes_data_headers.txt
     Genes files: ['./../../data/input/gene_sets/prog_genes/Ren_HSC_DEG_progenitor_markers.txt']
     Warning: Unable to sample dataframe, less than 1,000 columns. Will proceed without sampling
              precision    recall  f1-score   support

      "Baso"       0.78      0.62      0.69        40
  "Monocyte"       0.75      0.81      0.78       104
"Neutrophil"       0.76      0.76      0.76       120

    accuracy                           0.76       264
   macro avg       0.76      0.73      0.74       264
weighted avg       0.76      0.76      0.76       264

     Best estimator: MLPClassifier(alpha=1e-05, hidden_layer_sizes=(150, 50))
     Best parameters: {'alpha': 1e-05, 'hidden_layer_sizes': (150, 50), 'solver': 'adam'}
     Starting run of that model with optimal parameters...

MODEL --- MLPClassifier(alpha=1e-05, hidden_layer_sizes=(150, 50))
     Data file: ./../../data/output/export_script/three_cells_all_genes_data_headers.txt
     Genes files: ['./../../data/input/gene_sets/prog_genes/Ren_HSC_DEG_progenitor_markers.txt']
     Warning: Unable to sample dataframe, less than 1,000 columns. Will proceed without sampling
     Average accuracy: 0.7406818181818182
     Standard deviation: 0.02400702472186685

MODEL --- GridSearchCV(estimator=MLPClassifier(), n_jobs=-1,
             param_grid={'alpha': [1e-05, 0.72, 1, 5, 9, 11],
                         'hidden_layer_sizes': [(100, 20), (250, 100),
                                                (250, 30), (150, 50)],
                         'solver': ['adam']})
     Data file: ./../../data/output/export_script/all_cells_all_genes_data_headers.txt
     Genes files: ['./../../data/input/gene_sets/prog_genes/Ren_HSC_DEG_progenitor_markers.txt']
     Warning: Unable to sample dataframe, less than 1,000 columns. Will proceed without sampling
              precision    recall  f1-score   support

      "Baso"       0.60      0.56      0.58        43
  "Lymphoid"       0.56      0.45      0.50        11
      "Mast"       0.80      0.22      0.35        18
       "Meg"       0.53      0.83      0.65        12
  "Monocyte"       0.77      0.70      0.74       115
"Neutrophil"       0.63      0.77      0.69        99

    accuracy                           0.67       298
   macro avg       0.65      0.59      0.58       298
weighted avg       0.68      0.67      0.66       298

     Best estimator: MLPClassifier(alpha=1, hidden_layer_sizes=(250, 100))
     Best parameters: {'alpha': 1, 'hidden_layer_sizes': (250, 100), 'solver': 'adam'}
     Starting run of that model with optimal parameters...

MODEL --- MLPClassifier(alpha=1, hidden_layer_sizes=(250, 100))
     Data file: ./../../data/output/export_script/all_cells_all_genes_data_headers.txt
     Genes files: ['./../../data/input/gene_sets/prog_genes/Ren_HSC_DEG_progenitor_markers.txt']
     Warning: Unable to sample dataframe, less than 1,000 columns. Will proceed without sampling
     Average accuracy: 0.7053691275167786
     Standard deviation: 0.026820457990185346

MODEL --- GridSearchCV(estimator=MLPClassifier(), n_jobs=-1,
             param_grid={'alpha': [1e-05, 0.72, 1, 5, 9, 11],
                         'hidden_layer_sizes': [(100, 20), (250, 100),
                                                (250, 30), (150, 50)],
                         'solver': ['adam']})
     Data file: ./../../data/output/export_script/three_cells_all_genes_data_headers.txt
     Genes files: ['./../../data/input/gene_sets/prog_genes/Ren_MEP_DEG_progenitor_markers.txt']
              precision    recall  f1-score   support

      "Baso"       0.70      0.58      0.64        36
  "Monocyte"       0.74      0.78      0.76       111
"Neutrophil"       0.73      0.73      0.73       117

    accuracy                           0.73       264
   macro avg       0.72      0.70      0.71       264
weighted avg       0.73      0.73      0.73       264

              precision    recall  f1-score   support

      "Baso"       0.70      0.80      0.75        35
  "Monocyte"       0.72      0.77      0.74       108
"Neutrophil"       0.75      0.68      0.71       121

    accuracy                           0.73       264
   macro avg       0.72      0.75      0.73       264
weighted avg       0.73      0.73      0.73       264

              precision    recall  f1-score   support

      "Baso"       0.86      0.66      0.75        47
  "Monocyte"       0.76      0.82      0.79       103
"Neutrophil"       0.76      0.78      0.77       114

    accuracy                           0.77       264
   macro avg       0.79      0.75      0.77       264
weighted avg       0.78      0.77      0.77       264

              precision    recall  f1-score   support

      "Baso"       0.76      0.63      0.69        35
  "Monocyte"       0.68      0.80      0.74       110
"Neutrophil"       0.74      0.66      0.69       119

    accuracy                           0.71       264
   macro avg       0.73      0.69      0.71       264
weighted avg       0.72      0.71      0.71       264

              precision    recall  f1-score   support

      "Baso"       0.78      0.74      0.76        39
  "Monocyte"       0.69      0.73      0.71       115
"Neutrophil"       0.69      0.66      0.68       110

    accuracy                           0.70       264
   macro avg       0.72      0.71      0.72       264
weighted avg       0.71      0.70      0.70       264

              precision    recall  f1-score   support

      "Baso"       0.78      0.69      0.73        42
  "Monocyte"       0.72      0.79      0.76       106
"Neutrophil"       0.72      0.69      0.70       116

    accuracy                           0.73       264
   macro avg       0.74      0.72      0.73       264
weighted avg       0.73      0.73      0.73       264

              precision    recall  f1-score   support

      "Baso"       0.76      0.79      0.77        39
  "Monocyte"       0.78      0.77      0.77       107
"Neutrophil"       0.77      0.77      0.77       118

    accuracy                           0.77       264
   macro avg       0.77      0.78      0.77       264
weighted avg       0.77      0.77      0.77       264

              precision    recall  f1-score   support

      "Baso"       0.78      0.70      0.74        40
  "Monocyte"       0.74      0.80      0.77       112
"Neutrophil"       0.72      0.69      0.70       112

    accuracy                           0.74       264
   macro avg       0.75      0.73      0.74       264
weighted avg       0.74      0.74      0.74       264

              precision    recall  f1-score   support

      "Baso"       0.74      0.54      0.63        48
  "Monocyte"       0.63      0.80      0.70        86
"Neutrophil"       0.77      0.71      0.74       130

    accuracy                           0.71       264
   macro avg       0.71      0.68      0.69       264
weighted avg       0.72      0.71      0.71       264

     Best estimator: MLPClassifier(alpha=0.72, hidden_layer_sizes=(150, 50))
     Best parameters: {'alpha': 0.72, 'hidden_layer_sizes': (150, 50), 'solver': 'adam'}
     Starting run of that model with optimal parameters...

MODEL --- MLPClassifier(alpha=0.72, hidden_layer_sizes=(150, 50))
     Data file: ./../../data/output/export_script/three_cells_all_genes_data_headers.txt
     Genes files: ['./../../data/input/gene_sets/prog_genes/Ren_MEP_DEG_progenitor_markers.txt']
     Average accuracy: 0.7245875420875421
     Standard deviation: 0.037121583367742836

MODEL --- GridSearchCV(estimator=MLPClassifier(), n_jobs=-1,
             param_grid={'alpha': [1e-05, 0.72, 1, 5, 9, 11],
                         'hidden_layer_sizes': [(100, 20), (250, 100),
                                                (250, 30), (150, 50)],
                         'solver': ['adam']})
     Data file: ./../../data/output/export_script/all_cells_all_genes_data_headers.txt
     Genes files: ['./../../data/input/gene_sets/prog_genes/Ren_MEP_DEG_progenitor_markers.txt']
              precision    recall  f1-score   support

      "Baso"       0.60      0.68      0.64        31
  "Lymphoid"       0.20      0.12      0.15         8
      "Mast"       0.60      0.33      0.43         9
       "Meg"       0.94      0.75      0.83        20
  "Monocyte"       0.74      0.81      0.77       111
"Neutrophil"       0.79      0.76      0.78       119

    accuracy                           0.74       298
   macro avg       0.64      0.58      0.60       298
weighted avg       0.74      0.74      0.74       298

              precision    recall  f1-score   support

      "Baso"       0.77      0.56      0.65        48
  "Lymphoid"       0.50      0.10      0.17        10
      "Mast"       0.50      0.40      0.44         5
       "Meg"       0.80      0.80      0.80        15
  "Monocyte"       0.68      0.64      0.66       101
"Neutrophil"       0.65      0.80      0.71       119

    accuracy                           0.68       298
   macro avg       0.65      0.55      0.57       298
weighted avg       0.68      0.68      0.67       298

              precision    recall  f1-score   support

      "Baso"       0.62      0.74      0.67        42
  "Lymphoid"       0.57      0.31      0.40        13
      "Mast"       0.67      0.20      0.31        10
       "Meg"       0.64      0.75      0.69        12
  "Monocyte"       0.72      0.76      0.74       114
"Neutrophil"       0.71      0.69      0.70       107

    accuracy                           0.69       298
   macro avg       0.66      0.58      0.59       298
weighted avg       0.69      0.69      0.69       298

              precision    recall  f1-score   support

      "Baso"       0.86      0.55      0.67        55
  "Lymphoid"       0.75      0.50      0.60         6
      "Mast"       0.55      0.67      0.60         9
       "Meg"       0.78      0.44      0.56        16
  "Monocyte"       0.80      0.71      0.75       109
"Neutrophil"       0.59      0.83      0.69       103

    accuracy                           0.70       298
   macro avg       0.72      0.61      0.64       298
weighted avg       0.73      0.70      0.70       298

              precision    recall  f1-score   support

      "Baso"       0.64      0.61      0.62        38
  "Lymphoid"       0.50      0.22      0.31         9
      "Mast"       1.00      0.29      0.44         7
       "Meg"       0.73      0.73      0.73        15
  "Monocyte"       0.67      0.66      0.67       101
"Neutrophil"       0.69      0.76      0.72       128

    accuracy                           0.68       298
   macro avg       0.71      0.54      0.58       298
weighted avg       0.68      0.68      0.67       298

              precision    recall  f1-score   support

      "Baso"       0.78      0.67      0.72        43
  "Lymphoid"       1.00      0.33      0.50         9
      "Mast"       1.00      0.29      0.44         7
       "Meg"       0.86      0.90      0.88        21
  "Monocyte"       0.71      0.77      0.74        99
"Neutrophil"       0.72      0.76      0.74       119

    accuracy                           0.74       298
   macro avg       0.85      0.62      0.67       298
weighted avg       0.75      0.74      0.73       298

              precision    recall  f1-score   support

      "Baso"       0.71      0.54      0.62        46
  "Lymphoid"       0.80      0.44      0.57         9
      "Mast"       0.00      0.00      0.00         9
       "Meg"       0.71      0.88      0.79        17
  "Monocyte"       0.68      0.82      0.74       105
"Neutrophil"       0.72      0.70      0.71       112

    accuracy                           0.70       298
   macro avg       0.60      0.56      0.57       298
weighted avg       0.68      0.70      0.69       298

              precision    recall  f1-score   support

      "Baso"       0.73      0.65      0.69        49
  "Lymphoid"       0.50      0.50      0.50         6
      "Mast"       0.80      0.36      0.50        11
       "Meg"       0.95      0.82      0.88        22
  "Monocyte"       0.75      0.73      0.74       103
"Neutrophil"       0.69      0.80      0.74       107

    accuracy                           0.73       298
   macro avg       0.74      0.64      0.67       298
weighted avg       0.74      0.73      0.73       298

              precision    recall  f1-score   support

      "Baso"       0.76      0.58      0.66        45
  "Lymphoid"       1.00      0.33      0.50         9
      "Mast"       0.57      0.33      0.42        12
       "Meg"       0.68      0.81      0.74        16
  "Monocyte"       0.68      0.72      0.70       102
"Neutrophil"       0.67      0.75      0.71       114

    accuracy                           0.69       298
   macro avg       0.73      0.59      0.62       298
weighted avg       0.70      0.69      0.68       298

     Best estimator: MLPClassifier(alpha=1, hidden_layer_sizes=(150, 50))
     Best parameters: {'alpha': 1, 'hidden_layer_sizes': (150, 50), 'solver': 'adam'}
     Starting run of that model with optimal parameters...

MODEL --- MLPClassifier(alpha=1, hidden_layer_sizes=(150, 50))
     Data file: ./../../data/output/export_script/all_cells_all_genes_data_headers.txt
     Genes files: ['./../../data/input/gene_sets/prog_genes/Ren_MEP_DEG_progenitor_markers.txt']
     Average accuracy: 0.6824906785980611
     Standard deviation: 0.03445126883472033
