MLPClassifier(alpha=0.72, hidden_layer_sizes=(250, 100), max_iter=1000)
['./../../data/input/gene_sets/wl001_shRNA_LowRen_DEGs.txt']
./../../data/output/export_script/all_cells_all_genes_data_headers.txt
[0.7315436241610739, 0.7114093959731543, 0.7416107382550335, 0.7416107382550335, 0.6610738255033557, 0.7416107382550335, 0.6912751677852349, 0.6912751677852349, 0.674496644295302, 0.697986577181208, 0.7281879194630873, 0.6946308724832215, 0.7080536912751678, 0.714765100671141, 0.6610738255033557, 0.7046979865771812, 0.6241610738255033, 0.6812080536912751, 0.7281879194630873, 0.6912751677852349, 0.7046979865771812, 0.6946308724832215, 0.7550335570469798, 0.7214765100671141, 0.7080536912751678, 0.6610738255033557, 0.7080536912751678, 0.7181208053691275, 0.6946308724832215, 0.6946308724832215, 0.714765100671141, 0.6845637583892618, 0.7114093959731543, 0.714765100671141, 0.6845637583892618, 0.5704697986577181, 0.697986577181208, 0.6946308724832215, 0.738255033557047, 0.6845637583892618, 0.7281879194630873, 0.6308724832214765, 0.7281879194630873, 0.7080536912751678, 0.6946308724832215, 0.7248322147651006, 0.7013422818791947, 0.7046979865771812, 0.7248322147651006, 0.714765100671141]

Average accuracy: 0.7007382550335572
Standard deviation: 0.03203030241756512
MLPClassifier(alpha=0.72, hidden_layer_sizes=(250, 100), max_iter=1000)
['./../../data/input/gene_sets/wl001_shRNA_LowRen_DEGs.txt']
./../../data/output/export_script/three_cells_all_genes_data_headers.txt
[0.6931818181818182, 0.7424242424242424, 0.7651515151515151, 0.7045454545454546, 0.7765151515151515, 0.7083333333333334, 0.7954545454545454, 0.6704545454545454, 0.7613636363636364, 0.6666666666666666, 0.7007575757575758, 0.7196969696969697, 0.7575757575757576, 0.678030303030303, 0.7462121212121212, 0.7386363636363636, 0.7462121212121212, 0.6704545454545454, 0.7272727272727273, 0.7310606060606061, 0.7196969696969697, 0.7272727272727273, 0.7954545454545454, 0.7727272727272727, 0.7196969696969697, 0.7310606060606061, 0.7348484848484849, 0.7159090909090909, 0.7537878787878788, 0.7462121212121212, 0.7234848484848485, 0.7386363636363636, 0.7651515151515151, 0.7083333333333334, 0.7765151515151515, 0.7803030303030303, 0.7727272727272727, 0.7159090909090909, 0.7310606060606061, 0.7083333333333334, 0.696969696969697, 0.7537878787878788, 0.7613636363636364, 0.7159090909090909, 0.7159090909090909, 0.7310606060606061, 0.7424242424242424, 0.7007575757575758, 0.7348484848484849, 0.7424242424242424]

Average accuracy: 0.7326515151515152
Standard deviation: 0.030885407593293248
MLPClassifier(alpha=0.72, hidden_layer_sizes=(250, 100), max_iter=1000)
['./../../data/input/gene_sets/Molly_shCux1_bulk_RNA_DEGs.txt']
./../../data/output/export_script/all_cells_all_genes_data_headers.txt
[0.6711409395973155, 0.7248322147651006, 0.6845637583892618, 0.697986577181208, 0.6845637583892618, 0.738255033557047, 0.7416107382550335, 0.697986577181208, 0.7080536912751678, 0.7785234899328859, 0.7114093959731543, 0.6946308724832215, 0.7214765100671141, 0.5771812080536913, 0.7281879194630873, 0.7348993288590604, 0.7013422818791947, 0.6778523489932886, 0.714765100671141, 0.7248322147651006, 0.7483221476510067, 0.7013422818791947, 0.7214765100671141, 0.7550335570469798, 0.7281879194630873, 0.7416107382550335, 0.7281879194630873, 0.7248322147651006, 0.7080536912751678, 0.6610738255033557, 0.7114093959731543, 0.6879194630872483, 0.7080536912751678, 0.6812080536912751, 0.7550335570469798, 0.7550335570469798, 0.7348993288590604, 0.6946308724832215, 0.7281879194630873, 0.7181208053691275, 0.6845637583892618, 0.7516778523489933, 0.6912751677852349, 0.761744966442953, 0.7013422818791947, 0.7651006711409396, 0.7214765100671141, 0.7046979865771812, 0.7281879194630873, 0.7114093959731543]

Average accuracy: 0.7145637583892618
Standard deviation: 0.0324683115151724
MLPClassifier(alpha=0.72, hidden_layer_sizes=(250, 100), max_iter=1000)
['./../../data/input/gene_sets/Molly_shCux1_bulk_RNA_DEGs.txt']
./../../data/output/export_script/three_cells_all_genes_data_headers.txt
[0.8106060606060606, 0.7159090909090909, 0.7348484848484849, 0.7840909090909091, 0.7159090909090909, 0.7234848484848485, 0.7462121212121212, 0.7727272727272727, 0.7462121212121212, 0.7613636363636364, 0.7803030303030303, 0.7954545454545454, 0.7310606060606061, 0.7083333333333334, 0.7878787878787878, 0.7651515151515151, 0.7424242424242424, 0.7689393939393939, 0.7803030303030303, 0.7803030303030303, 0.7651515151515151, 0.7916666666666666, 0.7651515151515151, 0.7234848484848485, 0.7234848484848485, 0.7348484848484849, 0.7196969696969697, 0.7424242424242424, 0.7878787878787878, 0.7310606060606061, 0.75, 0.75, 0.7159090909090909, 0.7159090909090909, 0.803030303030303, 0.7121212121212122, 0.7575757575757576, 0.7007575757575758, 0.7575757575757576, 0.7234848484848485, 0.678030303030303, 0.7689393939393939, 0.7537878787878788, 0.7575757575757576, 0.7234848484848485, 0.7992424242424242, 0.7840909090909091, 0.7727272727272727, 0.7196969696969697, 0.7348484848484849]

Average accuracy: 0.7503030303030304
Standard deviation: 0.030244640715522113
