/software/python-anaconda-2020.02-el7-x86_64/lib/python3.7/site-packages/sklearn/linear_model/_sag.py:330: ConvergenceWarning: The max_iter was reached which means the coef_ did not converge
  "the coef_ did not converge", ConvergenceWarning)
/software/python-anaconda-2020.02-el7-x86_64/lib/python3.7/site-packages/sklearn/neural_network/_multilayer_perceptron.py:585: ConvergenceWarning: Stochastic Optimizer: Maximum iterations (200) reached and the optimization hasn't converged yet.
  % self.max_iter, ConvergenceWarning)
/software/python-anaconda-2020.02-el7-x86_64/lib/python3.7/site-packages/sklearn/neural_network/_multilayer_perceptron.py:585: ConvergenceWarning: Stochastic Optimizer: Maximum iterations (200) reached and the optimization hasn't converged yet.
  % self.max_iter, ConvergenceWarning)
/software/python-anaconda-2020.02-el7-x86_64/lib/python3.7/site-packages/sklearn/neural_network/_multilayer_perceptron.py:585: ConvergenceWarning: Stochastic Optimizer: Maximum iterations (200) reached and the optimization hasn't converged yet.
  % self.max_iter, ConvergenceWarning)
/software/python-anaconda-2020.02-el7-x86_64/lib/python3.7/site-packages/sklearn/neural_network/_multilayer_perceptron.py:585: ConvergenceWarning: Stochastic Optimizer: Maximum iterations (200) reached and the optimization hasn't converged yet.
  % self.max_iter, ConvergenceWarning)
/software/python-anaconda-2020.02-el7-x86_64/lib/python3.7/site-packages/sklearn/neural_network/_multilayer_perceptron.py:585: ConvergenceWarning: Stochastic Optimizer: Maximum iterations (200) reached and the optimization hasn't converged yet.
  % self.max_iter, ConvergenceWarning)
/software/python-anaconda-2020.02-el7-x86_64/lib/python3.7/site-packages/sklearn/neural_network/_multilayer_perceptron.py:585: ConvergenceWarning: Stochastic Optimizer: Maximum iterations (200) reached and the optimization hasn't converged yet.
  % self.max_iter, ConvergenceWarning)
/software/python-anaconda-2020.02-el7-x86_64/lib/python3.7/site-packages/sklearn/neural_network/_multilayer_perceptron.py:585: ConvergenceWarning: Stochastic Optimizer: Maximum iterations (200) reached and the optimization hasn't converged yet.
  % self.max_iter, ConvergenceWarning)
/software/python-anaconda-2020.02-el7-x86_64/lib/python3.7/site-packages/sklearn/neural_network/_multilayer_perceptron.py:585: ConvergenceWarning: Stochastic Optimizer: Maximum iterations (200) reached and the optimization hasn't converged yet.
  % self.max_iter, ConvergenceWarning)
/software/python-anaconda-2020.02-el7-x86_64/lib/python3.7/site-packages/sklearn/neural_network/_multilayer_perceptron.py:585: ConvergenceWarning: Stochastic Optimizer: Maximum iterations (200) reached and the optimization hasn't converged yet.
  % self.max_iter, ConvergenceWarning)
/software/python-anaconda-2020.02-el7-x86_64/lib/python3.7/site-packages/sklearn/neural_network/_multilayer_perceptron.py:585: ConvergenceWarning: Stochastic Optimizer: Maximum iterations (200) reached and the optimization hasn't converged yet.
  % self.max_iter, ConvergenceWarning)
/software/python-anaconda-2020.02-el7-x86_64/lib/python3.7/site-packages/sklearn/neural_network/_multilayer_perceptron.py:585: ConvergenceWarning: Stochastic Optimizer: Maximum iterations (200) reached and the optimization hasn't converged yet.
  % self.max_iter, ConvergenceWarning)
/software/python-anaconda-2020.02-el7-x86_64/lib/python3.7/site-packages/sklearn/neural_network/_multilayer_perceptron.py:585: ConvergenceWarning: Stochastic Optimizer: Maximum iterations (200) reached and the optimization hasn't converged yet.
  % self.max_iter, ConvergenceWarning)
/software/python-anaconda-2020.02-el7-x86_64/lib/python3.7/site-packages/sklearn/neural_network/_multilayer_perceptron.py:585: ConvergenceWarning: Stochastic Optimizer: Maximum iterations (200) reached and the optimization hasn't converged yet.
  % self.max_iter, ConvergenceWarning)
/software/python-anaconda-2020.02-el7-x86_64/lib/python3.7/site-packages/sklearn/neural_network/_multilayer_perceptron.py:585: ConvergenceWarning: Stochastic Optimizer: Maximum iterations (200) reached and the optimization hasn't converged yet.
  % self.max_iter, ConvergenceWarning)
/software/python-anaconda-2020.02-el7-x86_64/lib/python3.7/site-packages/sklearn/neural_network/_multilayer_perceptron.py:585: ConvergenceWarning: Stochastic Optimizer: Maximum iterations (200) reached and the optimization hasn't converged yet.
  % self.max_iter, ConvergenceWarning)
/software/python-anaconda-2020.02-el7-x86_64/lib/python3.7/site-packages/sklearn/neural_network/_multilayer_perceptron.py:585: ConvergenceWarning: Stochastic Optimizer: Maximum iterations (200) reached and the optimization hasn't converged yet.
  % self.max_iter, ConvergenceWarning)
/software/python-anaconda-2020.02-el7-x86_64/lib/python3.7/site-packages/sklearn/neural_network/_multilayer_perceptron.py:585: ConvergenceWarning: Stochastic Optimizer: Maximum iterations (200) reached and the optimization hasn't converged yet.
  % self.max_iter, ConvergenceWarning)
/software/python-anaconda-2020.02-el7-x86_64/lib/python3.7/site-packages/sklearn/neural_network/_multilayer_perceptron.py:585: ConvergenceWarning: Stochastic Optimizer: Maximum iterations (200) reached and the optimization hasn't converged yet.
  % self.max_iter, ConvergenceWarning)
/software/python-anaconda-2020.02-el7-x86_64/lib/python3.7/site-packages/sklearn/neural_network/_multilayer_perceptron.py:585: ConvergenceWarning: Stochastic Optimizer: Maximum iterations (200) reached and the optimization hasn't converged yet.
  % self.max_iter, ConvergenceWarning)
/software/python-anaconda-2020.02-el7-x86_64/lib/python3.7/site-packages/sklearn/neural_network/_multilayer_perceptron.py:585: ConvergenceWarning: Stochastic Optimizer: Maximum iterations (200) reached and the optimization hasn't converged yet.
  % self.max_iter, ConvergenceWarning)
/software/python-anaconda-2020.02-el7-x86_64/lib/python3.7/site-packages/sklearn/neural_network/_multilayer_perceptron.py:585: ConvergenceWarning: Stochastic Optimizer: Maximum iterations (200) reached and the optimization hasn't converged yet.
  % self.max_iter, ConvergenceWarning)
/software/python-anaconda-2020.02-el7-x86_64/lib/python3.7/site-packages/sklearn/neural_network/_multilayer_perceptron.py:585: ConvergenceWarning: Stochastic Optimizer: Maximum iterations (200) reached and the optimization hasn't converged yet.
  % self.max_iter, ConvergenceWarning)
/software/python-anaconda-2020.02-el7-x86_64/lib/python3.7/site-packages/sklearn/neural_network/_multilayer_perceptron.py:585: ConvergenceWarning: Stochastic Optimizer: Maximum iterations (200) reached and the optimization hasn't converged yet.
  % self.max_iter, ConvergenceWarning)
/software/python-anaconda-2020.02-el7-x86_64/lib/python3.7/site-packages/sklearn/neural_network/_multilayer_perceptron.py:585: ConvergenceWarning: Stochastic Optimizer: Maximum iterations (200) reached and the optimization hasn't converged yet.
  % self.max_iter, ConvergenceWarning)
/software/python-anaconda-2020.02-el7-x86_64/lib/python3.7/site-packages/sklearn/neural_network/_multilayer_perceptron.py:585: ConvergenceWarning: Stochastic Optimizer: Maximum iterations (200) reached and the optimization hasn't converged yet.
  % self.max_iter, ConvergenceWarning)
/software/python-anaconda-2020.02-el7-x86_64/lib/python3.7/site-packages/sklearn/neural_network/_multilayer_perceptron.py:585: ConvergenceWarning: Stochastic Optimizer: Maximum iterations (200) reached and the optimization hasn't converged yet.
  % self.max_iter, ConvergenceWarning)
/software/python-anaconda-2020.02-el7-x86_64/lib/python3.7/site-packages/sklearn/neural_network/_multilayer_perceptron.py:585: ConvergenceWarning: Stochastic Optimizer: Maximum iterations (200) reached and the optimization hasn't converged yet.
  % self.max_iter, ConvergenceWarning)
/software/python-anaconda-2020.02-el7-x86_64/lib/python3.7/site-packages/sklearn/neural_network/_multilayer_perceptron.py:585: ConvergenceWarning: Stochastic Optimizer: Maximum iterations (200) reached and the optimization hasn't converged yet.
  % self.max_iter, ConvergenceWarning)
/software/python-anaconda-2020.02-el7-x86_64/lib/python3.7/site-packages/sklearn/neural_network/_multilayer_perceptron.py:585: ConvergenceWarning: Stochastic Optimizer: Maximum iterations (200) reached and the optimization hasn't converged yet.
  % self.max_iter, ConvergenceWarning)
/software/python-anaconda-2020.02-el7-x86_64/lib/python3.7/site-packages/sklearn/neural_network/_multilayer_perceptron.py:585: ConvergenceWarning: Stochastic Optimizer: Maximum iterations (200) reached and the optimization hasn't converged yet.
  % self.max_iter, ConvergenceWarning)
/software/python-anaconda-2020.02-el7-x86_64/lib/python3.7/site-packages/sklearn/neural_network/_multilayer_perceptron.py:585: ConvergenceWarning: Stochastic Optimizer: Maximum iterations (200) reached and the optimization hasn't converged yet.
  % self.max_iter, ConvergenceWarning)
/software/python-anaconda-2020.02-el7-x86_64/lib/python3.7/site-packages/sklearn/neural_network/_multilayer_perceptron.py:585: ConvergenceWarning: Stochastic Optimizer: Maximum iterations (200) reached and the optimization hasn't converged yet.
  % self.max_iter, ConvergenceWarning)
/software/python-anaconda-2020.02-el7-x86_64/lib/python3.7/site-packages/sklearn/neural_network/_multilayer_perceptron.py:585: ConvergenceWarning: Stochastic Optimizer: Maximum iterations (200) reached and the optimization hasn't converged yet.
  % self.max_iter, ConvergenceWarning)
/software/python-anaconda-2020.02-el7-x86_64/lib/python3.7/site-packages/sklearn/neural_network/_multilayer_perceptron.py:585: ConvergenceWarning: Stochastic Optimizer: Maximum iterations (200) reached and the optimization hasn't converged yet.
  % self.max_iter, ConvergenceWarning)
/software/python-anaconda-2020.02-el7-x86_64/lib/python3.7/site-packages/sklearn/neural_network/_multilayer_perceptron.py:585: ConvergenceWarning: Stochastic Optimizer: Maximum iterations (200) reached and the optimization hasn't converged yet.
  % self.max_iter, ConvergenceWarning)
/software/python-anaconda-2020.02-el7-x86_64/lib/python3.7/site-packages/sklearn/neural_network/_multilayer_perceptron.py:585: ConvergenceWarning: Stochastic Optimizer: Maximum iterations (200) reached and the optimization hasn't converged yet.
  % self.max_iter, ConvergenceWarning)
/software/python-anaconda-2020.02-el7-x86_64/lib/python3.7/site-packages/sklearn/neural_network/_multilayer_perceptron.py:585: ConvergenceWarning: Stochastic Optimizer: Maximum iterations (200) reached and the optimization hasn't converged yet.
  % self.max_iter, ConvergenceWarning)
/software/python-anaconda-2020.02-el7-x86_64/lib/python3.7/site-packages/sklearn/neural_network/_multilayer_perceptron.py:585: ConvergenceWarning: Stochastic Optimizer: Maximum iterations (200) reached and the optimization hasn't converged yet.
  % self.max_iter, ConvergenceWarning)
/software/python-anaconda-2020.02-el7-x86_64/lib/python3.7/site-packages/sklearn/neural_network/_multilayer_perceptron.py:585: ConvergenceWarning: Stochastic Optimizer: Maximum iterations (200) reached and the optimization hasn't converged yet.
  % self.max_iter, ConvergenceWarning)
/software/python-anaconda-2020.02-el7-x86_64/lib/python3.7/site-packages/sklearn/neural_network/_multilayer_perceptron.py:585: ConvergenceWarning: Stochastic Optimizer: Maximum iterations (200) reached and the optimization hasn't converged yet.
  % self.max_iter, ConvergenceWarning)
/software/python-anaconda-2020.02-el7-x86_64/lib/python3.7/site-packages/sklearn/neural_network/_multilayer_perceptron.py:585: ConvergenceWarning: Stochastic Optimizer: Maximum iterations (200) reached and the optimization hasn't converged yet.
  % self.max_iter, ConvergenceWarning)
/software/python-anaconda-2020.02-el7-x86_64/lib/python3.7/site-packages/sklearn/neural_network/_multilayer_perceptron.py:585: ConvergenceWarning: Stochastic Optimizer: Maximum iterations (200) reached and the optimization hasn't converged yet.
  % self.max_iter, ConvergenceWarning)
/software/python-anaconda-2020.02-el7-x86_64/lib/python3.7/site-packages/sklearn/neural_network/_multilayer_perceptron.py:585: ConvergenceWarning: Stochastic Optimizer: Maximum iterations (200) reached and the optimization hasn't converged yet.
  % self.max_iter, ConvergenceWarning)
/software/python-anaconda-2020.02-el7-x86_64/lib/python3.7/site-packages/sklearn/neural_network/_multilayer_perceptron.py:585: ConvergenceWarning: Stochastic Optimizer: Maximum iterations (200) reached and the optimization hasn't converged yet.
  % self.max_iter, ConvergenceWarning)
/software/python-anaconda-2020.02-el7-x86_64/lib/python3.7/site-packages/sklearn/neural_network/_multilayer_perceptron.py:585: ConvergenceWarning: Stochastic Optimizer: Maximum iterations (200) reached and the optimization hasn't converged yet.
  % self.max_iter, ConvergenceWarning)
/software/python-anaconda-2020.02-el7-x86_64/lib/python3.7/site-packages/sklearn/neural_network/_multilayer_perceptron.py:585: ConvergenceWarning: Stochastic Optimizer: Maximum iterations (200) reached and the optimization hasn't converged yet.
  % self.max_iter, ConvergenceWarning)
/software/python-anaconda-2020.02-el7-x86_64/lib/python3.7/site-packages/sklearn/neural_network/_multilayer_perceptron.py:585: ConvergenceWarning: Stochastic Optimizer: Maximum iterations (200) reached and the optimization hasn't converged yet.
  % self.max_iter, ConvergenceWarning)
/software/python-anaconda-2020.02-el7-x86_64/lib/python3.7/site-packages/sklearn/neural_network/_multilayer_perceptron.py:585: ConvergenceWarning: Stochastic Optimizer: Maximum iterations (200) reached and the optimization hasn't converged yet.
  % self.max_iter, ConvergenceWarning)
/software/python-anaconda-2020.02-el7-x86_64/lib/python3.7/site-packages/sklearn/neural_network/_multilayer_perceptron.py:585: ConvergenceWarning: Stochastic Optimizer: Maximum iterations (200) reached and the optimization hasn't converged yet.
  % self.max_iter, ConvergenceWarning)
/software/python-anaconda-2020.02-el7-x86_64/lib/python3.7/site-packages/sklearn/neural_network/_multilayer_perceptron.py:585: ConvergenceWarning: Stochastic Optimizer: Maximum iterations (200) reached and the optimization hasn't converged yet.
  % self.max_iter, ConvergenceWarning)
/software/python-anaconda-2020.02-el7-x86_64/lib/python3.7/site-packages/sklearn/neural_network/_multilayer_perceptron.py:585: ConvergenceWarning: Stochastic Optimizer: Maximum iterations (200) reached and the optimization hasn't converged yet.
  % self.max_iter, ConvergenceWarning)
/software/python-anaconda-2020.02-el7-x86_64/lib/python3.7/site-packages/sklearn/neural_network/_multilayer_perceptron.py:585: ConvergenceWarning: Stochastic Optimizer: Maximum iterations (200) reached and the optimization hasn't converged yet.
  % self.max_iter, ConvergenceWarning)
/software/python-anaconda-2020.02-el7-x86_64/lib/python3.7/site-packages/sklearn/neural_network/_multilayer_perceptron.py:585: ConvergenceWarning: Stochastic Optimizer: Maximum iterations (200) reached and the optimization hasn't converged yet.
  % self.max_iter, ConvergenceWarning)
/software/python-anaconda-2020.02-el7-x86_64/lib/python3.7/site-packages/sklearn/neural_network/_multilayer_perceptron.py:585: ConvergenceWarning: Stochastic Optimizer: Maximum iterations (200) reached and the optimization hasn't converged yet.
  % self.max_iter, ConvergenceWarning)
/software/python-anaconda-2020.02-el7-x86_64/lib/python3.7/site-packages/sklearn/neural_network/_multilayer_perceptron.py:585: ConvergenceWarning: Stochastic Optimizer: Maximum iterations (200) reached and the optimization hasn't converged yet.
  % self.max_iter, ConvergenceWarning)
/software/python-anaconda-2020.02-el7-x86_64/lib/python3.7/site-packages/sklearn/neural_network/_multilayer_perceptron.py:585: ConvergenceWarning: Stochastic Optimizer: Maximum iterations (200) reached and the optimization hasn't converged yet.
  % self.max_iter, ConvergenceWarning)
/software/python-anaconda-2020.02-el7-x86_64/lib/python3.7/site-packages/sklearn/neural_network/_multilayer_perceptron.py:585: ConvergenceWarning: Stochastic Optimizer: Maximum iterations (200) reached and the optimization hasn't converged yet.
  % self.max_iter, ConvergenceWarning)
/software/python-anaconda-2020.02-el7-x86_64/lib/python3.7/site-packages/sklearn/neural_network/_multilayer_perceptron.py:585: ConvergenceWarning: Stochastic Optimizer: Maximum iterations (200) reached and the optimization hasn't converged yet.
  % self.max_iter, ConvergenceWarning)
/software/python-anaconda-2020.02-el7-x86_64/lib/python3.7/site-packages/sklearn/neural_network/_multilayer_perceptron.py:585: ConvergenceWarning: Stochastic Optimizer: Maximum iterations (200) reached and the optimization hasn't converged yet.
  % self.max_iter, ConvergenceWarning)
/software/python-anaconda-2020.02-el7-x86_64/lib/python3.7/site-packages/sklearn/neural_network/_multilayer_perceptron.py:585: ConvergenceWarning: Stochastic Optimizer: Maximum iterations (200) reached and the optimization hasn't converged yet.
  % self.max_iter, ConvergenceWarning)
/software/python-anaconda-2020.02-el7-x86_64/lib/python3.7/site-packages/sklearn/neural_network/_multilayer_perceptron.py:585: ConvergenceWarning: Stochastic Optimizer: Maximum iterations (200) reached and the optimization hasn't converged yet.
  % self.max_iter, ConvergenceWarning)
/software/python-anaconda-2020.02-el7-x86_64/lib/python3.7/site-packages/sklearn/neural_network/_multilayer_perceptron.py:585: ConvergenceWarning: Stochastic Optimizer: Maximum iterations (200) reached and the optimization hasn't converged yet.
  % self.max_iter, ConvergenceWarning)
/software/python-anaconda-2020.02-el7-x86_64/lib/python3.7/site-packages/sklearn/neural_network/_multilayer_perceptron.py:585: ConvergenceWarning: Stochastic Optimizer: Maximum iterations (200) reached and the optimization hasn't converged yet.
  % self.max_iter, ConvergenceWarning)
/software/python-anaconda-2020.02-el7-x86_64/lib/python3.7/site-packages/sklearn/neural_network/_multilayer_perceptron.py:585: ConvergenceWarning: Stochastic Optimizer: Maximum iterations (200) reached and the optimization hasn't converged yet.
  % self.max_iter, ConvergenceWarning)
/software/python-anaconda-2020.02-el7-x86_64/lib/python3.7/site-packages/sklearn/neural_network/_multilayer_perceptron.py:585: ConvergenceWarning: Stochastic Optimizer: Maximum iterations (200) reached and the optimization hasn't converged yet.
  % self.max_iter, ConvergenceWarning)
/software/python-anaconda-2020.02-el7-x86_64/lib/python3.7/site-packages/sklearn/neural_network/_multilayer_perceptron.py:585: ConvergenceWarning: Stochastic Optimizer: Maximum iterations (200) reached and the optimization hasn't converged yet.
  % self.max_iter, ConvergenceWarning)
/software/python-anaconda-2020.02-el7-x86_64/lib/python3.7/site-packages/sklearn/neural_network/_multilayer_perceptron.py:585: ConvergenceWarning: Stochastic Optimizer: Maximum iterations (200) reached and the optimization hasn't converged yet.
  % self.max_iter, ConvergenceWarning)
/software/python-anaconda-2020.02-el7-x86_64/lib/python3.7/site-packages/sklearn/neural_network/_multilayer_perceptron.py:585: ConvergenceWarning: Stochastic Optimizer: Maximum iterations (200) reached and the optimization hasn't converged yet.
  % self.max_iter, ConvergenceWarning)
/software/python-anaconda-2020.02-el7-x86_64/lib/python3.7/site-packages/sklearn/neural_network/_multilayer_perceptron.py:585: ConvergenceWarning: Stochastic Optimizer: Maximum iterations (200) reached and the optimization hasn't converged yet.
  % self.max_iter, ConvergenceWarning)
/software/python-anaconda-2020.02-el7-x86_64/lib/python3.7/site-packages/sklearn/neural_network/_multilayer_perceptron.py:585: ConvergenceWarning: Stochastic Optimizer: Maximum iterations (200) reached and the optimization hasn't converged yet.
  % self.max_iter, ConvergenceWarning)
/software/python-anaconda-2020.02-el7-x86_64/lib/python3.7/site-packages/sklearn/neural_network/_multilayer_perceptron.py:585: ConvergenceWarning: Stochastic Optimizer: Maximum iterations (200) reached and the optimization hasn't converged yet.
  % self.max_iter, ConvergenceWarning)
/software/python-anaconda-2020.02-el7-x86_64/lib/python3.7/site-packages/sklearn/neural_network/_multilayer_perceptron.py:585: ConvergenceWarning: Stochastic Optimizer: Maximum iterations (200) reached and the optimization hasn't converged yet.
  % self.max_iter, ConvergenceWarning)
/software/python-anaconda-2020.02-el7-x86_64/lib/python3.7/site-packages/sklearn/neural_network/_multilayer_perceptron.py:585: ConvergenceWarning: Stochastic Optimizer: Maximum iterations (200) reached and the optimization hasn't converged yet.
  % self.max_iter, ConvergenceWarning)
/software/python-anaconda-2020.02-el7-x86_64/lib/python3.7/site-packages/sklearn/neural_network/_multilayer_perceptron.py:585: ConvergenceWarning: Stochastic Optimizer: Maximum iterations (200) reached and the optimization hasn't converged yet.
  % self.max_iter, ConvergenceWarning)
/software/python-anaconda-2020.02-el7-x86_64/lib/python3.7/site-packages/sklearn/neural_network/_multilayer_perceptron.py:585: ConvergenceWarning: Stochastic Optimizer: Maximum iterations (200) reached and the optimization hasn't converged yet.
  % self.max_iter, ConvergenceWarning)
/software/python-anaconda-2020.02-el7-x86_64/lib/python3.7/site-packages/sklearn/neural_network/_multilayer_perceptron.py:585: ConvergenceWarning: Stochastic Optimizer: Maximum iterations (200) reached and the optimization hasn't converged yet.
  % self.max_iter, ConvergenceWarning)
/software/python-anaconda-2020.02-el7-x86_64/lib/python3.7/site-packages/sklearn/neural_network/_multilayer_perceptron.py:585: ConvergenceWarning: Stochastic Optimizer: Maximum iterations (200) reached and the optimization hasn't converged yet.
  % self.max_iter, ConvergenceWarning)
/software/python-anaconda-2020.02-el7-x86_64/lib/python3.7/site-packages/sklearn/neural_network/_multilayer_perceptron.py:585: ConvergenceWarning: Stochastic Optimizer: Maximum iterations (200) reached and the optimization hasn't converged yet.
  % self.max_iter, ConvergenceWarning)
/software/python-anaconda-2020.02-el7-x86_64/lib/python3.7/site-packages/sklearn/neural_network/_multilayer_perceptron.py:585: ConvergenceWarning: Stochastic Optimizer: Maximum iterations (200) reached and the optimization hasn't converged yet.
  % self.max_iter, ConvergenceWarning)
/software/python-anaconda-2020.02-el7-x86_64/lib/python3.7/site-packages/sklearn/neural_network/_multilayer_perceptron.py:585: ConvergenceWarning: Stochastic Optimizer: Maximum iterations (200) reached and the optimization hasn't converged yet.
  % self.max_iter, ConvergenceWarning)
/software/python-anaconda-2020.02-el7-x86_64/lib/python3.7/site-packages/sklearn/neural_network/_multilayer_perceptron.py:585: ConvergenceWarning: Stochastic Optimizer: Maximum iterations (200) reached and the optimization hasn't converged yet.
  % self.max_iter, ConvergenceWarning)
/software/python-anaconda-2020.02-el7-x86_64/lib/python3.7/site-packages/sklearn/neural_network/_multilayer_perceptron.py:585: ConvergenceWarning: Stochastic Optimizer: Maximum iterations (200) reached and the optimization hasn't converged yet.
  % self.max_iter, ConvergenceWarning)
/software/python-anaconda-2020.02-el7-x86_64/lib/python3.7/site-packages/sklearn/neural_network/_multilayer_perceptron.py:585: ConvergenceWarning: Stochastic Optimizer: Maximum iterations (200) reached and the optimization hasn't converged yet.
  % self.max_iter, ConvergenceWarning)
/software/python-anaconda-2020.02-el7-x86_64/lib/python3.7/site-packages/sklearn/neural_network/_multilayer_perceptron.py:585: ConvergenceWarning: Stochastic Optimizer: Maximum iterations (200) reached and the optimization hasn't converged yet.
  % self.max_iter, ConvergenceWarning)
/software/python-anaconda-2020.02-el7-x86_64/lib/python3.7/site-packages/sklearn/neural_network/_multilayer_perceptron.py:585: ConvergenceWarning: Stochastic Optimizer: Maximum iterations (200) reached and the optimization hasn't converged yet.
  % self.max_iter, ConvergenceWarning)
/software/python-anaconda-2020.02-el7-x86_64/lib/python3.7/site-packages/sklearn/neural_network/_multilayer_perceptron.py:585: ConvergenceWarning: Stochastic Optimizer: Maximum iterations (200) reached and the optimization hasn't converged yet.
  % self.max_iter, ConvergenceWarning)
/software/python-anaconda-2020.02-el7-x86_64/lib/python3.7/site-packages/sklearn/neural_network/_multilayer_perceptron.py:585: ConvergenceWarning: Stochastic Optimizer: Maximum iterations (200) reached and the optimization hasn't converged yet.
  % self.max_iter, ConvergenceWarning)
/software/python-anaconda-2020.02-el7-x86_64/lib/python3.7/site-packages/sklearn/neural_network/_multilayer_perceptron.py:585: ConvergenceWarning: Stochastic Optimizer: Maximum iterations (200) reached and the optimization hasn't converged yet.
  % self.max_iter, ConvergenceWarning)
/software/python-anaconda-2020.02-el7-x86_64/lib/python3.7/site-packages/sklearn/neural_network/_multilayer_perceptron.py:585: ConvergenceWarning: Stochastic Optimizer: Maximum iterations (200) reached and the optimization hasn't converged yet.
  % self.max_iter, ConvergenceWarning)
/software/python-anaconda-2020.02-el7-x86_64/lib/python3.7/site-packages/sklearn/neural_network/_multilayer_perceptron.py:585: ConvergenceWarning: Stochastic Optimizer: Maximum iterations (200) reached and the optimization hasn't converged yet.
  % self.max_iter, ConvergenceWarning)
/software/python-anaconda-2020.02-el7-x86_64/lib/python3.7/site-packages/sklearn/neural_network/_multilayer_perceptron.py:585: ConvergenceWarning: Stochastic Optimizer: Maximum iterations (200) reached and the optimization hasn't converged yet.
  % self.max_iter, ConvergenceWarning)
/software/python-anaconda-2020.02-el7-x86_64/lib/python3.7/site-packages/sklearn/neural_network/_multilayer_perceptron.py:585: ConvergenceWarning: Stochastic Optimizer: Maximum iterations (200) reached and the optimization hasn't converged yet.
  % self.max_iter, ConvergenceWarning)
/software/python-anaconda-2020.02-el7-x86_64/lib/python3.7/site-packages/sklearn/neural_network/_multilayer_perceptron.py:585: ConvergenceWarning: Stochastic Optimizer: Maximum iterations (200) reached and the optimization hasn't converged yet.
  % self.max_iter, ConvergenceWarning)
/software/python-anaconda-2020.02-el7-x86_64/lib/python3.7/site-packages/sklearn/neural_network/_multilayer_perceptron.py:585: ConvergenceWarning: Stochastic Optimizer: Maximum iterations (200) reached and the optimization hasn't converged yet.
  % self.max_iter, ConvergenceWarning)
/software/python-anaconda-2020.02-el7-x86_64/lib/python3.7/site-packages/sklearn/neural_network/_multilayer_perceptron.py:585: ConvergenceWarning: Stochastic Optimizer: Maximum iterations (200) reached and the optimization hasn't converged yet.
  % self.max_iter, ConvergenceWarning)
/software/python-anaconda-2020.02-el7-x86_64/lib/python3.7/site-packages/sklearn/neural_network/_multilayer_perceptron.py:585: ConvergenceWarning: Stochastic Optimizer: Maximum iterations (200) reached and the optimization hasn't converged yet.
  % self.max_iter, ConvergenceWarning)
/software/python-anaconda-2020.02-el7-x86_64/lib/python3.7/site-packages/sklearn/neural_network/_multilayer_perceptron.py:585: ConvergenceWarning: Stochastic Optimizer: Maximum iterations (200) reached and the optimization hasn't converged yet.
  % self.max_iter, ConvergenceWarning)
/software/python-anaconda-2020.02-el7-x86_64/lib/python3.7/site-packages/sklearn/neural_network/_multilayer_perceptron.py:585: ConvergenceWarning: Stochastic Optimizer: Maximum iterations (200) reached and the optimization hasn't converged yet.
  % self.max_iter, ConvergenceWarning)
/software/python-anaconda-2020.02-el7-x86_64/lib/python3.7/site-packages/sklearn/neural_network/_multilayer_perceptron.py:585: ConvergenceWarning: Stochastic Optimizer: Maximum iterations (200) reached and the optimization hasn't converged yet.
  % self.max_iter, ConvergenceWarning)
/software/python-anaconda-2020.02-el7-x86_64/lib/python3.7/site-packages/sklearn/neural_network/_multilayer_perceptron.py:585: ConvergenceWarning: Stochastic Optimizer: Maximum iterations (200) reached and the optimization hasn't converged yet.
  % self.max_iter, ConvergenceWarning)
/software/python-anaconda-2020.02-el7-x86_64/lib/python3.7/site-packages/sklearn/neural_network/_multilayer_perceptron.py:585: ConvergenceWarning: Stochastic Optimizer: Maximum iterations (200) reached and the optimization hasn't converged yet.
  % self.max_iter, ConvergenceWarning)
/software/python-anaconda-2020.02-el7-x86_64/lib/python3.7/site-packages/sklearn/neural_network/_multilayer_perceptron.py:585: ConvergenceWarning: Stochastic Optimizer: Maximum iterations (200) reached and the optimization hasn't converged yet.
  % self.max_iter, ConvergenceWarning)
/software/python-anaconda-2020.02-el7-x86_64/lib/python3.7/site-packages/sklearn/neural_network/_multilayer_perceptron.py:585: ConvergenceWarning: Stochastic Optimizer: Maximum iterations (200) reached and the optimization hasn't converged yet.
  % self.max_iter, ConvergenceWarning)
/software/python-anaconda-2020.02-el7-x86_64/lib/python3.7/site-packages/sklearn/neural_network/_multilayer_perceptron.py:585: ConvergenceWarning: Stochastic Optimizer: Maximum iterations (200) reached and the optimization hasn't converged yet.
  % self.max_iter, ConvergenceWarning)
/software/python-anaconda-2020.02-el7-x86_64/lib/python3.7/site-packages/sklearn/neural_network/_multilayer_perceptron.py:585: ConvergenceWarning: Stochastic Optimizer: Maximum iterations (200) reached and the optimization hasn't converged yet.
  % self.max_iter, ConvergenceWarning)
/software/python-anaconda-2020.02-el7-x86_64/lib/python3.7/site-packages/sklearn/neural_network/_multilayer_perceptron.py:585: ConvergenceWarning: Stochastic Optimizer: Maximum iterations (200) reached and the optimization hasn't converged yet.
  % self.max_iter, ConvergenceWarning)
/software/python-anaconda-2020.02-el7-x86_64/lib/python3.7/site-packages/sklearn/neural_network/_multilayer_perceptron.py:585: ConvergenceWarning: Stochastic Optimizer: Maximum iterations (200) reached and the optimization hasn't converged yet.
  % self.max_iter, ConvergenceWarning)
/software/python-anaconda-2020.02-el7-x86_64/lib/python3.7/site-packages/sklearn/neural_network/_multilayer_perceptron.py:585: ConvergenceWarning: Stochastic Optimizer: Maximum iterations (200) reached and the optimization hasn't converged yet.
  % self.max_iter, ConvergenceWarning)
/software/python-anaconda-2020.02-el7-x86_64/lib/python3.7/site-packages/sklearn/neural_network/_multilayer_perceptron.py:585: ConvergenceWarning: Stochastic Optimizer: Maximum iterations (200) reached and the optimization hasn't converged yet.
  % self.max_iter, ConvergenceWarning)
/software/python-anaconda-2020.02-el7-x86_64/lib/python3.7/site-packages/sklearn/neural_network/_multilayer_perceptron.py:585: ConvergenceWarning: Stochastic Optimizer: Maximum iterations (200) reached and the optimization hasn't converged yet.
  % self.max_iter, ConvergenceWarning)
/software/python-anaconda-2020.02-el7-x86_64/lib/python3.7/site-packages/sklearn/neural_network/_multilayer_perceptron.py:585: ConvergenceWarning: Stochastic Optimizer: Maximum iterations (200) reached and the optimization hasn't converged yet.
  % self.max_iter, ConvergenceWarning)
/software/python-anaconda-2020.02-el7-x86_64/lib/python3.7/site-packages/sklearn/neural_network/_multilayer_perceptron.py:585: ConvergenceWarning: Stochastic Optimizer: Maximum iterations (200) reached and the optimization hasn't converged yet.
  % self.max_iter, ConvergenceWarning)
/software/python-anaconda-2020.02-el7-x86_64/lib/python3.7/site-packages/sklearn/neural_network/_multilayer_perceptron.py:585: ConvergenceWarning: Stochastic Optimizer: Maximum iterations (200) reached and the optimization hasn't converged yet.
  % self.max_iter, ConvergenceWarning)
/software/python-anaconda-2020.02-el7-x86_64/lib/python3.7/site-packages/sklearn/neural_network/_multilayer_perceptron.py:585: ConvergenceWarning: Stochastic Optimizer: Maximum iterations (200) reached and the optimization hasn't converged yet.
  % self.max_iter, ConvergenceWarning)
/software/python-anaconda-2020.02-el7-x86_64/lib/python3.7/site-packages/sklearn/neural_network/_multilayer_perceptron.py:585: ConvergenceWarning: Stochastic Optimizer: Maximum iterations (200) reached and the optimization hasn't converged yet.
  % self.max_iter, ConvergenceWarning)
/software/python-anaconda-2020.02-el7-x86_64/lib/python3.7/site-packages/sklearn/neural_network/_multilayer_perceptron.py:585: ConvergenceWarning: Stochastic Optimizer: Maximum iterations (200) reached and the optimization hasn't converged yet.
  % self.max_iter, ConvergenceWarning)
/software/python-anaconda-2020.02-el7-x86_64/lib/python3.7/site-packages/sklearn/neural_network/_multilayer_perceptron.py:585: ConvergenceWarning: Stochastic Optimizer: Maximum iterations (200) reached and the optimization hasn't converged yet.
  % self.max_iter, ConvergenceWarning)
/software/python-anaconda-2020.02-el7-x86_64/lib/python3.7/site-packages/sklearn/neural_network/_multilayer_perceptron.py:585: ConvergenceWarning: Stochastic Optimizer: Maximum iterations (200) reached and the optimization hasn't converged yet.
  % self.max_iter, ConvergenceWarning)
/software/python-anaconda-2020.02-el7-x86_64/lib/python3.7/site-packages/sklearn/neural_network/_multilayer_perceptron.py:585: ConvergenceWarning: Stochastic Optimizer: Maximum iterations (200) reached and the optimization hasn't converged yet.
  % self.max_iter, ConvergenceWarning)
/software/python-anaconda-2020.02-el7-x86_64/lib/python3.7/site-packages/sklearn/neural_network/_multilayer_perceptron.py:585: ConvergenceWarning: Stochastic Optimizer: Maximum iterations (200) reached and the optimization hasn't converged yet.
  % self.max_iter, ConvergenceWarning)
/software/python-anaconda-2020.02-el7-x86_64/lib/python3.7/site-packages/sklearn/neural_network/_multilayer_perceptron.py:585: ConvergenceWarning: Stochastic Optimizer: Maximum iterations (200) reached and the optimization hasn't converged yet.
  % self.max_iter, ConvergenceWarning)
/software/python-anaconda-2020.02-el7-x86_64/lib/python3.7/site-packages/sklearn/neural_network/_multilayer_perceptron.py:585: ConvergenceWarning: Stochastic Optimizer: Maximum iterations (200) reached and the optimization hasn't converged yet.
  % self.max_iter, ConvergenceWarning)
/software/python-anaconda-2020.02-el7-x86_64/lib/python3.7/site-packages/sklearn/neural_network/_multilayer_perceptron.py:585: ConvergenceWarning: Stochastic Optimizer: Maximum iterations (200) reached and the optimization hasn't converged yet.
  % self.max_iter, ConvergenceWarning)
/software/python-anaconda-2020.02-el7-x86_64/lib/python3.7/site-packages/sklearn/neural_network/_multilayer_perceptron.py:585: ConvergenceWarning: Stochastic Optimizer: Maximum iterations (200) reached and the optimization hasn't converged yet.
  % self.max_iter, ConvergenceWarning)
/software/python-anaconda-2020.02-el7-x86_64/lib/python3.7/site-packages/sklearn/neural_network/_multilayer_perceptron.py:585: ConvergenceWarning: Stochastic Optimizer: Maximum iterations (200) reached and the optimization hasn't converged yet.
  % self.max_iter, ConvergenceWarning)
/software/python-anaconda-2020.02-el7-x86_64/lib/python3.7/site-packages/sklearn/neural_network/_multilayer_perceptron.py:585: ConvergenceWarning: Stochastic Optimizer: Maximum iterations (200) reached and the optimization hasn't converged yet.
  % self.max_iter, ConvergenceWarning)
/software/python-anaconda-2020.02-el7-x86_64/lib/python3.7/site-packages/sklearn/neural_network/_multilayer_perceptron.py:585: ConvergenceWarning: Stochastic Optimizer: Maximum iterations (200) reached and the optimization hasn't converged yet.
  % self.max_iter, ConvergenceWarning)
/software/python-anaconda-2020.02-el7-x86_64/lib/python3.7/site-packages/sklearn/neural_network/_multilayer_perceptron.py:585: ConvergenceWarning: Stochastic Optimizer: Maximum iterations (200) reached and the optimization hasn't converged yet.
  % self.max_iter, ConvergenceWarning)
/software/python-anaconda-2020.02-el7-x86_64/lib/python3.7/site-packages/sklearn/neural_network/_multilayer_perceptron.py:585: ConvergenceWarning: Stochastic Optimizer: Maximum iterations (200) reached and the optimization hasn't converged yet.
  % self.max_iter, ConvergenceWarning)
/software/python-anaconda-2020.02-el7-x86_64/lib/python3.7/site-packages/sklearn/neural_network/_multilayer_perceptron.py:585: ConvergenceWarning: Stochastic Optimizer: Maximum iterations (200) reached and the optimization hasn't converged yet.
  % self.max_iter, ConvergenceWarning)
/software/python-anaconda-2020.02-el7-x86_64/lib/python3.7/site-packages/sklearn/neural_network/_multilayer_perceptron.py:585: ConvergenceWarning: Stochastic Optimizer: Maximum iterations (200) reached and the optimization hasn't converged yet.
  % self.max_iter, ConvergenceWarning)
/software/python-anaconda-2020.02-el7-x86_64/lib/python3.7/site-packages/sklearn/neural_network/_multilayer_perceptron.py:585: ConvergenceWarning: Stochastic Optimizer: Maximum iterations (200) reached and the optimization hasn't converged yet.
  % self.max_iter, ConvergenceWarning)
/software/python-anaconda-2020.02-el7-x86_64/lib/python3.7/site-packages/sklearn/neural_network/_multilayer_perceptron.py:585: ConvergenceWarning: Stochastic Optimizer: Maximum iterations (200) reached and the optimization hasn't converged yet.
  % self.max_iter, ConvergenceWarning)
/software/python-anaconda-2020.02-el7-x86_64/lib/python3.7/site-packages/sklearn/neural_network/_multilayer_perceptron.py:585: ConvergenceWarning: Stochastic Optimizer: Maximum iterations (200) reached and the optimization hasn't converged yet.
  % self.max_iter, ConvergenceWarning)
/software/python-anaconda-2020.02-el7-x86_64/lib/python3.7/site-packages/sklearn/neural_network/_multilayer_perceptron.py:585: ConvergenceWarning: Stochastic Optimizer: Maximum iterations (200) reached and the optimization hasn't converged yet.
  % self.max_iter, ConvergenceWarning)
/software/python-anaconda-2020.02-el7-x86_64/lib/python3.7/site-packages/sklearn/neural_network/_multilayer_perceptron.py:585: ConvergenceWarning: Stochastic Optimizer: Maximum iterations (200) reached and the optimization hasn't converged yet.
  % self.max_iter, ConvergenceWarning)
/software/python-anaconda-2020.02-el7-x86_64/lib/python3.7/site-packages/sklearn/neural_network/_multilayer_perceptron.py:585: ConvergenceWarning: Stochastic Optimizer: Maximum iterations (200) reached and the optimization hasn't converged yet.
  % self.max_iter, ConvergenceWarning)
/software/python-anaconda-2020.02-el7-x86_64/lib/python3.7/site-packages/sklearn/neural_network/_multilayer_perceptron.py:585: ConvergenceWarning: Stochastic Optimizer: Maximum iterations (200) reached and the optimization hasn't converged yet.
  % self.max_iter, ConvergenceWarning)
/software/python-anaconda-2020.02-el7-x86_64/lib/python3.7/site-packages/sklearn/neural_network/_multilayer_perceptron.py:585: ConvergenceWarning: Stochastic Optimizer: Maximum iterations (200) reached and the optimization hasn't converged yet.
  % self.max_iter, ConvergenceWarning)
/software/python-anaconda-2020.02-el7-x86_64/lib/python3.7/site-packages/sklearn/neural_network/_multilayer_perceptron.py:585: ConvergenceWarning: Stochastic Optimizer: Maximum iterations (200) reached and the optimization hasn't converged yet.
  % self.max_iter, ConvergenceWarning)
/software/python-anaconda-2020.02-el7-x86_64/lib/python3.7/site-packages/sklearn/neural_network/_multilayer_perceptron.py:585: ConvergenceWarning: Stochastic Optimizer: Maximum iterations (200) reached and the optimization hasn't converged yet.
  % self.max_iter, ConvergenceWarning)
/software/python-anaconda-2020.02-el7-x86_64/lib/python3.7/site-packages/sklearn/neural_network/_multilayer_perceptron.py:585: ConvergenceWarning: Stochastic Optimizer: Maximum iterations (200) reached and the optimization hasn't converged yet.
  % self.max_iter, ConvergenceWarning)
/software/python-anaconda-2020.02-el7-x86_64/lib/python3.7/site-packages/sklearn/neural_network/_multilayer_perceptron.py:585: ConvergenceWarning: Stochastic Optimizer: Maximum iterations (200) reached and the optimization hasn't converged yet.
  % self.max_iter, ConvergenceWarning)
/software/python-anaconda-2020.02-el7-x86_64/lib/python3.7/site-packages/sklearn/neural_network/_multilayer_perceptron.py:585: ConvergenceWarning: Stochastic Optimizer: Maximum iterations (200) reached and the optimization hasn't converged yet.
  % self.max_iter, ConvergenceWarning)
/software/python-anaconda-2020.02-el7-x86_64/lib/python3.7/site-packages/sklearn/neural_network/_multilayer_perceptron.py:585: ConvergenceWarning: Stochastic Optimizer: Maximum iterations (200) reached and the optimization hasn't converged yet.
  % self.max_iter, ConvergenceWarning)
/software/python-anaconda-2020.02-el7-x86_64/lib/python3.7/site-packages/sklearn/neural_network/_multilayer_perceptron.py:585: ConvergenceWarning: Stochastic Optimizer: Maximum iterations (200) reached and the optimization hasn't converged yet.
  % self.max_iter, ConvergenceWarning)
/software/python-anaconda-2020.02-el7-x86_64/lib/python3.7/site-packages/sklearn/neural_network/_multilayer_perceptron.py:585: ConvergenceWarning: Stochastic Optimizer: Maximum iterations (200) reached and the optimization hasn't converged yet.
  % self.max_iter, ConvergenceWarning)
/software/python-anaconda-2020.02-el7-x86_64/lib/python3.7/site-packages/sklearn/neural_network/_multilayer_perceptron.py:585: ConvergenceWarning: Stochastic Optimizer: Maximum iterations (200) reached and the optimization hasn't converged yet.
  % self.max_iter, ConvergenceWarning)
/software/python-anaconda-2020.02-el7-x86_64/lib/python3.7/site-packages/sklearn/neural_network/_multilayer_perceptron.py:585: ConvergenceWarning: Stochastic Optimizer: Maximum iterations (200) reached and the optimization hasn't converged yet.
  % self.max_iter, ConvergenceWarning)
/software/python-anaconda-2020.02-el7-x86_64/lib/python3.7/site-packages/sklearn/neural_network/_multilayer_perceptron.py:585: ConvergenceWarning: Stochastic Optimizer: Maximum iterations (200) reached and the optimization hasn't converged yet.
  % self.max_iter, ConvergenceWarning)
/software/python-anaconda-2020.02-el7-x86_64/lib/python3.7/site-packages/sklearn/neural_network/_multilayer_perceptron.py:585: ConvergenceWarning: Stochastic Optimizer: Maximum iterations (200) reached and the optimization hasn't converged yet.
  % self.max_iter, ConvergenceWarning)
/software/python-anaconda-2020.02-el7-x86_64/lib/python3.7/site-packages/sklearn/neural_network/_multilayer_perceptron.py:585: ConvergenceWarning: Stochastic Optimizer: Maximum iterations (200) reached and the optimization hasn't converged yet.
  % self.max_iter, ConvergenceWarning)
/software/python-anaconda-2020.02-el7-x86_64/lib/python3.7/site-packages/sklearn/neural_network/_multilayer_perceptron.py:585: ConvergenceWarning: Stochastic Optimizer: Maximum iterations (200) reached and the optimization hasn't converged yet.
  % self.max_iter, ConvergenceWarning)
/software/python-anaconda-2020.02-el7-x86_64/lib/python3.7/site-packages/sklearn/neural_network/_multilayer_perceptron.py:585: ConvergenceWarning: Stochastic Optimizer: Maximum iterations (200) reached and the optimization hasn't converged yet.
  % self.max_iter, ConvergenceWarning)
/software/python-anaconda-2020.02-el7-x86_64/lib/python3.7/site-packages/sklearn/neural_network/_multilayer_perceptron.py:585: ConvergenceWarning: Stochastic Optimizer: Maximum iterations (200) reached and the optimization hasn't converged yet.
  % self.max_iter, ConvergenceWarning)
/software/python-anaconda-2020.02-el7-x86_64/lib/python3.7/site-packages/sklearn/neural_network/_multilayer_perceptron.py:585: ConvergenceWarning: Stochastic Optimizer: Maximum iterations (200) reached and the optimization hasn't converged yet.
  % self.max_iter, ConvergenceWarning)
/software/python-anaconda-2020.02-el7-x86_64/lib/python3.7/site-packages/sklearn/neural_network/_multilayer_perceptron.py:585: ConvergenceWarning: Stochastic Optimizer: Maximum iterations (200) reached and the optimization hasn't converged yet.
  % self.max_iter, ConvergenceWarning)
/software/python-anaconda-2020.02-el7-x86_64/lib/python3.7/site-packages/sklearn/neural_network/_multilayer_perceptron.py:585: ConvergenceWarning: Stochastic Optimizer: Maximum iterations (200) reached and the optimization hasn't converged yet.
  % self.max_iter, ConvergenceWarning)
/software/python-anaconda-2020.02-el7-x86_64/lib/python3.7/site-packages/sklearn/neural_network/_multilayer_perceptron.py:585: ConvergenceWarning: Stochastic Optimizer: Maximum iterations (200) reached and the optimization hasn't converged yet.
  % self.max_iter, ConvergenceWarning)
/software/python-anaconda-2020.02-el7-x86_64/lib/python3.7/site-packages/sklearn/neural_network/_multilayer_perceptron.py:585: ConvergenceWarning: Stochastic Optimizer: Maximum iterations (200) reached and the optimization hasn't converged yet.
  % self.max_iter, ConvergenceWarning)
/software/python-anaconda-2020.02-el7-x86_64/lib/python3.7/site-packages/sklearn/neural_network/_multilayer_perceptron.py:585: ConvergenceWarning: Stochastic Optimizer: Maximum iterations (200) reached and the optimization hasn't converged yet.
  % self.max_iter, ConvergenceWarning)
/software/python-anaconda-2020.02-el7-x86_64/lib/python3.7/site-packages/sklearn/neural_network/_multilayer_perceptron.py:585: ConvergenceWarning: Stochastic Optimizer: Maximum iterations (200) reached and the optimization hasn't converged yet.
  % self.max_iter, ConvergenceWarning)
/software/python-anaconda-2020.02-el7-x86_64/lib/python3.7/site-packages/sklearn/neural_network/_multilayer_perceptron.py:585: ConvergenceWarning: Stochastic Optimizer: Maximum iterations (200) reached and the optimization hasn't converged yet.
  % self.max_iter, ConvergenceWarning)
/software/python-anaconda-2020.02-el7-x86_64/lib/python3.7/site-packages/sklearn/neural_network/_multilayer_perceptron.py:585: ConvergenceWarning: Stochastic Optimizer: Maximum iterations (200) reached and the optimization hasn't converged yet.
  % self.max_iter, ConvergenceWarning)
/software/python-anaconda-2020.02-el7-x86_64/lib/python3.7/site-packages/sklearn/neural_network/_multilayer_perceptron.py:585: ConvergenceWarning: Stochastic Optimizer: Maximum iterations (200) reached and the optimization hasn't converged yet.
  % self.max_iter, ConvergenceWarning)
/software/python-anaconda-2020.02-el7-x86_64/lib/python3.7/site-packages/sklearn/neural_network/_multilayer_perceptron.py:585: ConvergenceWarning: Stochastic Optimizer: Maximum iterations (200) reached and the optimization hasn't converged yet.
  % self.max_iter, ConvergenceWarning)
/software/python-anaconda-2020.02-el7-x86_64/lib/python3.7/site-packages/sklearn/neural_network/_multilayer_perceptron.py:585: ConvergenceWarning: Stochastic Optimizer: Maximum iterations (200) reached and the optimization hasn't converged yet.
  % self.max_iter, ConvergenceWarning)
/software/python-anaconda-2020.02-el7-x86_64/lib/python3.7/site-packages/sklearn/neural_network/_multilayer_perceptron.py:585: ConvergenceWarning: Stochastic Optimizer: Maximum iterations (200) reached and the optimization hasn't converged yet.
  % self.max_iter, ConvergenceWarning)
/software/python-anaconda-2020.02-el7-x86_64/lib/python3.7/site-packages/sklearn/neural_network/_multilayer_perceptron.py:585: ConvergenceWarning: Stochastic Optimizer: Maximum iterations (200) reached and the optimization hasn't converged yet.
  % self.max_iter, ConvergenceWarning)
/software/python-anaconda-2020.02-el7-x86_64/lib/python3.7/site-packages/sklearn/neural_network/_multilayer_perceptron.py:585: ConvergenceWarning: Stochastic Optimizer: Maximum iterations (200) reached and the optimization hasn't converged yet.
  % self.max_iter, ConvergenceWarning)
/software/python-anaconda-2020.02-el7-x86_64/lib/python3.7/site-packages/sklearn/neural_network/_multilayer_perceptron.py:585: ConvergenceWarning: Stochastic Optimizer: Maximum iterations (200) reached and the optimization hasn't converged yet.
  % self.max_iter, ConvergenceWarning)
/software/python-anaconda-2020.02-el7-x86_64/lib/python3.7/site-packages/sklearn/neural_network/_multilayer_perceptron.py:585: ConvergenceWarning: Stochastic Optimizer: Maximum iterations (200) reached and the optimization hasn't converged yet.
  % self.max_iter, ConvergenceWarning)
/software/python-anaconda-2020.02-el7-x86_64/lib/python3.7/site-packages/sklearn/neural_network/_multilayer_perceptron.py:585: ConvergenceWarning: Stochastic Optimizer: Maximum iterations (200) reached and the optimization hasn't converged yet.
  % self.max_iter, ConvergenceWarning)
/software/python-anaconda-2020.02-el7-x86_64/lib/python3.7/site-packages/sklearn/neural_network/_multilayer_perceptron.py:585: ConvergenceWarning: Stochastic Optimizer: Maximum iterations (200) reached and the optimization hasn't converged yet.
  % self.max_iter, ConvergenceWarning)
/software/python-anaconda-2020.02-el7-x86_64/lib/python3.7/site-packages/sklearn/neural_network/_multilayer_perceptron.py:585: ConvergenceWarning: Stochastic Optimizer: Maximum iterations (200) reached and the optimization hasn't converged yet.
  % self.max_iter, ConvergenceWarning)
/software/python-anaconda-2020.02-el7-x86_64/lib/python3.7/site-packages/sklearn/neural_network/_multilayer_perceptron.py:585: ConvergenceWarning: Stochastic Optimizer: Maximum iterations (200) reached and the optimization hasn't converged yet.
  % self.max_iter, ConvergenceWarning)
/software/python-anaconda-2020.02-el7-x86_64/lib/python3.7/site-packages/sklearn/neural_network/_multilayer_perceptron.py:585: ConvergenceWarning: Stochastic Optimizer: Maximum iterations (200) reached and the optimization hasn't converged yet.
  % self.max_iter, ConvergenceWarning)
/software/python-anaconda-2020.02-el7-x86_64/lib/python3.7/site-packages/sklearn/neural_network/_multilayer_perceptron.py:585: ConvergenceWarning: Stochastic Optimizer: Maximum iterations (200) reached and the optimization hasn't converged yet.
  % self.max_iter, ConvergenceWarning)
/software/python-anaconda-2020.02-el7-x86_64/lib/python3.7/site-packages/sklearn/neural_network/_multilayer_perceptron.py:585: ConvergenceWarning: Stochastic Optimizer: Maximum iterations (200) reached and the optimization hasn't converged yet.
  % self.max_iter, ConvergenceWarning)
/software/python-anaconda-2020.02-el7-x86_64/lib/python3.7/site-packages/sklearn/neural_network/_multilayer_perceptron.py:585: ConvergenceWarning: Stochastic Optimizer: Maximum iterations (200) reached and the optimization hasn't converged yet.
  % self.max_iter, ConvergenceWarning)
/software/python-anaconda-2020.02-el7-x86_64/lib/python3.7/site-packages/sklearn/neural_network/_multilayer_perceptron.py:585: ConvergenceWarning: Stochastic Optimizer: Maximum iterations (200) reached and the optimization hasn't converged yet.
  % self.max_iter, ConvergenceWarning)
/software/python-anaconda-2020.02-el7-x86_64/lib/python3.7/site-packages/sklearn/neural_network/_multilayer_perceptron.py:585: ConvergenceWarning: Stochastic Optimizer: Maximum iterations (200) reached and the optimization hasn't converged yet.
  % self.max_iter, ConvergenceWarning)
/software/python-anaconda-2020.02-el7-x86_64/lib/python3.7/site-packages/sklearn/neural_network/_multilayer_perceptron.py:585: ConvergenceWarning: Stochastic Optimizer: Maximum iterations (200) reached and the optimization hasn't converged yet.
  % self.max_iter, ConvergenceWarning)
/software/python-anaconda-2020.02-el7-x86_64/lib/python3.7/site-packages/sklearn/neural_network/_multilayer_perceptron.py:585: ConvergenceWarning: Stochastic Optimizer: Maximum iterations (200) reached and the optimization hasn't converged yet.
  % self.max_iter, ConvergenceWarning)
/software/python-anaconda-2020.02-el7-x86_64/lib/python3.7/site-packages/sklearn/neural_network/_multilayer_perceptron.py:585: ConvergenceWarning: Stochastic Optimizer: Maximum iterations (200) reached and the optimization hasn't converged yet.
  % self.max_iter, ConvergenceWarning)
/software/python-anaconda-2020.02-el7-x86_64/lib/python3.7/site-packages/sklearn/neural_network/_multilayer_perceptron.py:585: ConvergenceWarning: Stochastic Optimizer: Maximum iterations (200) reached and the optimization hasn't converged yet.
  % self.max_iter, ConvergenceWarning)
/software/python-anaconda-2020.02-el7-x86_64/lib/python3.7/site-packages/sklearn/neural_network/_multilayer_perceptron.py:585: ConvergenceWarning: Stochastic Optimizer: Maximum iterations (200) reached and the optimization hasn't converged yet.
  % self.max_iter, ConvergenceWarning)
/software/python-anaconda-2020.02-el7-x86_64/lib/python3.7/site-packages/sklearn/neural_network/_multilayer_perceptron.py:585: ConvergenceWarning: Stochastic Optimizer: Maximum iterations (200) reached and the optimization hasn't converged yet.
  % self.max_iter, ConvergenceWarning)
/software/python-anaconda-2020.02-el7-x86_64/lib/python3.7/site-packages/sklearn/neural_network/_multilayer_perceptron.py:585: ConvergenceWarning: Stochastic Optimizer: Maximum iterations (200) reached and the optimization hasn't converged yet.
  % self.max_iter, ConvergenceWarning)
/software/python-anaconda-2020.02-el7-x86_64/lib/python3.7/site-packages/sklearn/neural_network/_multilayer_perceptron.py:585: ConvergenceWarning: Stochastic Optimizer: Maximum iterations (200) reached and the optimization hasn't converged yet.
  % self.max_iter, ConvergenceWarning)
/software/python-anaconda-2020.02-el7-x86_64/lib/python3.7/site-packages/sklearn/neural_network/_multilayer_perceptron.py:585: ConvergenceWarning: Stochastic Optimizer: Maximum iterations (200) reached and the optimization hasn't converged yet.
  % self.max_iter, ConvergenceWarning)
/software/python-anaconda-2020.02-el7-x86_64/lib/python3.7/site-packages/sklearn/neural_network/_multilayer_perceptron.py:585: ConvergenceWarning: Stochastic Optimizer: Maximum iterations (200) reached and the optimization hasn't converged yet.
  % self.max_iter, ConvergenceWarning)
/software/python-anaconda-2020.02-el7-x86_64/lib/python3.7/site-packages/sklearn/neural_network/_multilayer_perceptron.py:585: ConvergenceWarning: Stochastic Optimizer: Maximum iterations (200) reached and the optimization hasn't converged yet.
  % self.max_iter, ConvergenceWarning)
/software/python-anaconda-2020.02-el7-x86_64/lib/python3.7/site-packages/sklearn/neural_network/_multilayer_perceptron.py:585: ConvergenceWarning: Stochastic Optimizer: Maximum iterations (200) reached and the optimization hasn't converged yet.
  % self.max_iter, ConvergenceWarning)
/software/python-anaconda-2020.02-el7-x86_64/lib/python3.7/site-packages/sklearn/neural_network/_multilayer_perceptron.py:585: ConvergenceWarning: Stochastic Optimizer: Maximum iterations (200) reached and the optimization hasn't converged yet.
  % self.max_iter, ConvergenceWarning)
/software/python-anaconda-2020.02-el7-x86_64/lib/python3.7/site-packages/sklearn/neural_network/_multilayer_perceptron.py:585: ConvergenceWarning: Stochastic Optimizer: Maximum iterations (200) reached and the optimization hasn't converged yet.
  % self.max_iter, ConvergenceWarning)
/software/python-anaconda-2020.02-el7-x86_64/lib/python3.7/site-packages/sklearn/neural_network/_multilayer_perceptron.py:585: ConvergenceWarning: Stochastic Optimizer: Maximum iterations (200) reached and the optimization hasn't converged yet.
  % self.max_iter, ConvergenceWarning)
/software/python-anaconda-2020.02-el7-x86_64/lib/python3.7/site-packages/sklearn/neural_network/_multilayer_perceptron.py:585: ConvergenceWarning: Stochastic Optimizer: Maximum iterations (200) reached and the optimization hasn't converged yet.
  % self.max_iter, ConvergenceWarning)
/software/python-anaconda-2020.02-el7-x86_64/lib/python3.7/site-packages/sklearn/neural_network/_multilayer_perceptron.py:585: ConvergenceWarning: Stochastic Optimizer: Maximum iterations (200) reached and the optimization hasn't converged yet.
  % self.max_iter, ConvergenceWarning)
Traceback (most recent call last):
  File "../analyses/pos_ctrl_1000_rdm_most_var.py", line 27, in <module>
    df.print_coeffs)
  File "/home/gaubil/mcnerney-cux1-ML/code/analyses_scripts/analyses/../run_model.py", line 172, in run_model
    print_coeffs[i])
  File "/home/gaubil/mcnerney-cux1-ML/code/analyses_scripts/analyses/../run_model.py", line 144, in fit_model_filter_genes
    print_coeffs)
TypeError: fit_model_filter_genes() missing 1 required positional argument: 'print_coeffs'
/software/python-anaconda-2020.02-el7-x86_64/lib/python3.7/site-packages/sklearn/neural_network/_multilayer_perceptron.py:585: ConvergenceWarning: Stochastic Optimizer: Maximum iterations (200) reached and the optimization hasn't converged yet.
  % self.max_iter, ConvergenceWarning)
/software/python-anaconda-2020.02-el7-x86_64/lib/python3.7/site-packages/sklearn/neural_network/_multilayer_perceptron.py:585: ConvergenceWarning: Stochastic Optimizer: Maximum iterations (200) reached and the optimization hasn't converged yet.
  % self.max_iter, ConvergenceWarning)
/software/python-anaconda-2020.02-el7-x86_64/lib/python3.7/site-packages/sklearn/neural_network/_multilayer_perceptron.py:585: ConvergenceWarning: Stochastic Optimizer: Maximum iterations (200) reached and the optimization hasn't converged yet.
  % self.max_iter, ConvergenceWarning)
/software/python-anaconda-2020.02-el7-x86_64/lib/python3.7/site-packages/sklearn/neural_network/_multilayer_perceptron.py:585: ConvergenceWarning: Stochastic Optimizer: Maximum iterations (200) reached and the optimization hasn't converged yet.
  % self.max_iter, ConvergenceWarning)
/software/python-anaconda-2020.02-el7-x86_64/lib/python3.7/site-packages/sklearn/neural_network/_multilayer_perceptron.py:585: ConvergenceWarning: Stochastic Optimizer: Maximum iterations (200) reached and the optimization hasn't converged yet.
  % self.max_iter, ConvergenceWarning)
/software/python-anaconda-2020.02-el7-x86_64/lib/python3.7/site-packages/sklearn/neural_network/_multilayer_perceptron.py:585: ConvergenceWarning: Stochastic Optimizer: Maximum iterations (200) reached and the optimization hasn't converged yet.
  % self.max_iter, ConvergenceWarning)
/software/python-anaconda-2020.02-el7-x86_64/lib/python3.7/site-packages/sklearn/neural_network/_multilayer_perceptron.py:585: ConvergenceWarning: Stochastic Optimizer: Maximum iterations (200) reached and the optimization hasn't converged yet.
  % self.max_iter, ConvergenceWarning)
/software/python-anaconda-2020.02-el7-x86_64/lib/python3.7/site-packages/sklearn/neural_network/_multilayer_perceptron.py:585: ConvergenceWarning: Stochastic Optimizer: Maximum iterations (200) reached and the optimization hasn't converged yet.
  % self.max_iter, ConvergenceWarning)
/software/python-anaconda-2020.02-el7-x86_64/lib/python3.7/site-packages/sklearn/neural_network/_multilayer_perceptron.py:585: ConvergenceWarning: Stochastic Optimizer: Maximum iterations (200) reached and the optimization hasn't converged yet.
  % self.max_iter, ConvergenceWarning)
/software/python-anaconda-2020.02-el7-x86_64/lib/python3.7/site-packages/sklearn/neural_network/_multilayer_perceptron.py:585: ConvergenceWarning: Stochastic Optimizer: Maximum iterations (200) reached and the optimization hasn't converged yet.
  % self.max_iter, ConvergenceWarning)
/software/python-anaconda-2020.02-el7-x86_64/lib/python3.7/site-packages/sklearn/neural_network/_multilayer_perceptron.py:585: ConvergenceWarning: Stochastic Optimizer: Maximum iterations (200) reached and the optimization hasn't converged yet.
  % self.max_iter, ConvergenceWarning)
/software/python-anaconda-2020.02-el7-x86_64/lib/python3.7/site-packages/sklearn/neural_network/_multilayer_perceptron.py:585: ConvergenceWarning: Stochastic Optimizer: Maximum iterations (200) reached and the optimization hasn't converged yet.
  % self.max_iter, ConvergenceWarning)
/software/python-anaconda-2020.02-el7-x86_64/lib/python3.7/site-packages/sklearn/neural_network/_multilayer_perceptron.py:585: ConvergenceWarning: Stochastic Optimizer: Maximum iterations (200) reached and the optimization hasn't converged yet.
  % self.max_iter, ConvergenceWarning)
/software/python-anaconda-2020.02-el7-x86_64/lib/python3.7/site-packages/sklearn/neural_network/_multilayer_perceptron.py:585: ConvergenceWarning: Stochastic Optimizer: Maximum iterations (200) reached and the optimization hasn't converged yet.
  % self.max_iter, ConvergenceWarning)
/software/python-anaconda-2020.02-el7-x86_64/lib/python3.7/site-packages/sklearn/neural_network/_multilayer_perceptron.py:585: ConvergenceWarning: Stochastic Optimizer: Maximum iterations (200) reached and the optimization hasn't converged yet.
  % self.max_iter, ConvergenceWarning)
/software/python-anaconda-2020.02-el7-x86_64/lib/python3.7/site-packages/sklearn/neural_network/_multilayer_perceptron.py:585: ConvergenceWarning: Stochastic Optimizer: Maximum iterations (200) reached and the optimization hasn't converged yet.
  % self.max_iter, ConvergenceWarning)
/software/python-anaconda-2020.02-el7-x86_64/lib/python3.7/site-packages/sklearn/neural_network/_multilayer_perceptron.py:585: ConvergenceWarning: Stochastic Optimizer: Maximum iterations (200) reached and the optimization hasn't converged yet.
  % self.max_iter, ConvergenceWarning)
/software/python-anaconda-2020.02-el7-x86_64/lib/python3.7/site-packages/sklearn/neural_network/_multilayer_perceptron.py:585: ConvergenceWarning: Stochastic Optimizer: Maximum iterations (200) reached and the optimization hasn't converged yet.
  % self.max_iter, ConvergenceWarning)
/software/python-anaconda-2020.02-el7-x86_64/lib/python3.7/site-packages/sklearn/neural_network/_multilayer_perceptron.py:585: ConvergenceWarning: Stochastic Optimizer: Maximum iterations (200) reached and the optimization hasn't converged yet.
  % self.max_iter, ConvergenceWarning)
/software/python-anaconda-2020.02-el7-x86_64/lib/python3.7/site-packages/sklearn/neural_network/_multilayer_perceptron.py:585: ConvergenceWarning: Stochastic Optimizer: Maximum iterations (200) reached and the optimization hasn't converged yet.
  % self.max_iter, ConvergenceWarning)
/software/python-anaconda-2020.02-el7-x86_64/lib/python3.7/site-packages/sklearn/neural_network/_multilayer_perceptron.py:585: ConvergenceWarning: Stochastic Optimizer: Maximum iterations (200) reached and the optimization hasn't converged yet.
  % self.max_iter, ConvergenceWarning)
/software/python-anaconda-2020.02-el7-x86_64/lib/python3.7/site-packages/sklearn/neural_network/_multilayer_perceptron.py:585: ConvergenceWarning: Stochastic Optimizer: Maximum iterations (200) reached and the optimization hasn't converged yet.
  % self.max_iter, ConvergenceWarning)
/software/python-anaconda-2020.02-el7-x86_64/lib/python3.7/site-packages/sklearn/neural_network/_multilayer_perceptron.py:585: ConvergenceWarning: Stochastic Optimizer: Maximum iterations (200) reached and the optimization hasn't converged yet.
  % self.max_iter, ConvergenceWarning)
/software/python-anaconda-2020.02-el7-x86_64/lib/python3.7/site-packages/sklearn/neural_network/_multilayer_perceptron.py:585: ConvergenceWarning: Stochastic Optimizer: Maximum iterations (200) reached and the optimization hasn't converged yet.
  % self.max_iter, ConvergenceWarning)
/software/python-anaconda-2020.02-el7-x86_64/lib/python3.7/site-packages/sklearn/neural_network/_multilayer_perceptron.py:585: ConvergenceWarning: Stochastic Optimizer: Maximum iterations (200) reached and the optimization hasn't converged yet.
  % self.max_iter, ConvergenceWarning)
/software/python-anaconda-2020.02-el7-x86_64/lib/python3.7/site-packages/sklearn/neural_network/_multilayer_perceptron.py:585: ConvergenceWarning: Stochastic Optimizer: Maximum iterations (200) reached and the optimization hasn't converged yet.
  % self.max_iter, ConvergenceWarning)
/software/python-anaconda-2020.02-el7-x86_64/lib/python3.7/site-packages/sklearn/neural_network/_multilayer_perceptron.py:585: ConvergenceWarning: Stochastic Optimizer: Maximum iterations (200) reached and the optimization hasn't converged yet.
  % self.max_iter, ConvergenceWarning)
/software/python-anaconda-2020.02-el7-x86_64/lib/python3.7/site-packages/sklearn/neural_network/_multilayer_perceptron.py:585: ConvergenceWarning: Stochastic Optimizer: Maximum iterations (200) reached and the optimization hasn't converged yet.
  % self.max_iter, ConvergenceWarning)
/software/python-anaconda-2020.02-el7-x86_64/lib/python3.7/site-packages/sklearn/neural_network/_multilayer_perceptron.py:585: ConvergenceWarning: Stochastic Optimizer: Maximum iterations (200) reached and the optimization hasn't converged yet.
  % self.max_iter, ConvergenceWarning)
/software/python-anaconda-2020.02-el7-x86_64/lib/python3.7/site-packages/sklearn/neural_network/_multilayer_perceptron.py:585: ConvergenceWarning: Stochastic Optimizer: Maximum iterations (200) reached and the optimization hasn't converged yet.
  % self.max_iter, ConvergenceWarning)
/software/python-anaconda-2020.02-el7-x86_64/lib/python3.7/site-packages/sklearn/neural_network/_multilayer_perceptron.py:585: ConvergenceWarning: Stochastic Optimizer: Maximum iterations (200) reached and the optimization hasn't converged yet.
  % self.max_iter, ConvergenceWarning)
/software/python-anaconda-2020.02-el7-x86_64/lib/python3.7/site-packages/sklearn/neural_network/_multilayer_perceptron.py:585: ConvergenceWarning: Stochastic Optimizer: Maximum iterations (200) reached and the optimization hasn't converged yet.
  % self.max_iter, ConvergenceWarning)
/software/python-anaconda-2020.02-el7-x86_64/lib/python3.7/site-packages/sklearn/neural_network/_multilayer_perceptron.py:585: ConvergenceWarning: Stochastic Optimizer: Maximum iterations (200) reached and the optimization hasn't converged yet.
  % self.max_iter, ConvergenceWarning)
/software/python-anaconda-2020.02-el7-x86_64/lib/python3.7/site-packages/sklearn/neural_network/_multilayer_perceptron.py:585: ConvergenceWarning: Stochastic Optimizer: Maximum iterations (200) reached and the optimization hasn't converged yet.
  % self.max_iter, ConvergenceWarning)
/software/python-anaconda-2020.02-el7-x86_64/lib/python3.7/site-packages/sklearn/neural_network/_multilayer_perceptron.py:585: ConvergenceWarning: Stochastic Optimizer: Maximum iterations (200) reached and the optimization hasn't converged yet.
  % self.max_iter, ConvergenceWarning)
/software/python-anaconda-2020.02-el7-x86_64/lib/python3.7/site-packages/sklearn/neural_network/_multilayer_perceptron.py:585: ConvergenceWarning: Stochastic Optimizer: Maximum iterations (200) reached and the optimization hasn't converged yet.
  % self.max_iter, ConvergenceWarning)
/software/python-anaconda-2020.02-el7-x86_64/lib/python3.7/site-packages/sklearn/neural_network/_multilayer_perceptron.py:585: ConvergenceWarning: Stochastic Optimizer: Maximum iterations (200) reached and the optimization hasn't converged yet.
  % self.max_iter, ConvergenceWarning)
/software/python-anaconda-2020.02-el7-x86_64/lib/python3.7/site-packages/sklearn/neural_network/_multilayer_perceptron.py:585: ConvergenceWarning: Stochastic Optimizer: Maximum iterations (200) reached and the optimization hasn't converged yet.
  % self.max_iter, ConvergenceWarning)
/software/python-anaconda-2020.02-el7-x86_64/lib/python3.7/site-packages/sklearn/neural_network/_multilayer_perceptron.py:585: ConvergenceWarning: Stochastic Optimizer: Maximum iterations (200) reached and the optimization hasn't converged yet.
  % self.max_iter, ConvergenceWarning)
/software/python-anaconda-2020.02-el7-x86_64/lib/python3.7/site-packages/sklearn/neural_network/_multilayer_perceptron.py:585: ConvergenceWarning: Stochastic Optimizer: Maximum iterations (200) reached and the optimization hasn't converged yet.
  % self.max_iter, ConvergenceWarning)
/software/python-anaconda-2020.02-el7-x86_64/lib/python3.7/site-packages/sklearn/neural_network/_multilayer_perceptron.py:585: ConvergenceWarning: Stochastic Optimizer: Maximum iterations (200) reached and the optimization hasn't converged yet.
  % self.max_iter, ConvergenceWarning)
/software/python-anaconda-2020.02-el7-x86_64/lib/python3.7/site-packages/sklearn/neural_network/_multilayer_perceptron.py:585: ConvergenceWarning: Stochastic Optimizer: Maximum iterations (200) reached and the optimization hasn't converged yet.
  % self.max_iter, ConvergenceWarning)
/software/python-anaconda-2020.02-el7-x86_64/lib/python3.7/site-packages/sklearn/neural_network/_multilayer_perceptron.py:585: ConvergenceWarning: Stochastic Optimizer: Maximum iterations (200) reached and the optimization hasn't converged yet.
  % self.max_iter, ConvergenceWarning)
/software/python-anaconda-2020.02-el7-x86_64/lib/python3.7/site-packages/sklearn/neural_network/_multilayer_perceptron.py:585: ConvergenceWarning: Stochastic Optimizer: Maximum iterations (200) reached and the optimization hasn't converged yet.
  % self.max_iter, ConvergenceWarning)
/software/python-anaconda-2020.02-el7-x86_64/lib/python3.7/site-packages/sklearn/neural_network/_multilayer_perceptron.py:585: ConvergenceWarning: Stochastic Optimizer: Maximum iterations (200) reached and the optimization hasn't converged yet.
  % self.max_iter, ConvergenceWarning)
/software/python-anaconda-2020.02-el7-x86_64/lib/python3.7/site-packages/sklearn/neural_network/_multilayer_perceptron.py:585: ConvergenceWarning: Stochastic Optimizer: Maximum iterations (200) reached and the optimization hasn't converged yet.
  % self.max_iter, ConvergenceWarning)
/software/python-anaconda-2020.02-el7-x86_64/lib/python3.7/site-packages/sklearn/neural_network/_multilayer_perceptron.py:585: ConvergenceWarning: Stochastic Optimizer: Maximum iterations (200) reached and the optimization hasn't converged yet.
  % self.max_iter, ConvergenceWarning)
/software/python-anaconda-2020.02-el7-x86_64/lib/python3.7/site-packages/sklearn/neural_network/_multilayer_perceptron.py:585: ConvergenceWarning: Stochastic Optimizer: Maximum iterations (200) reached and the optimization hasn't converged yet.
  % self.max_iter, ConvergenceWarning)
/software/python-anaconda-2020.02-el7-x86_64/lib/python3.7/site-packages/sklearn/neural_network/_multilayer_perceptron.py:585: ConvergenceWarning: Stochastic Optimizer: Maximum iterations (200) reached and the optimization hasn't converged yet.
  % self.max_iter, ConvergenceWarning)
/software/python-anaconda-2020.02-el7-x86_64/lib/python3.7/site-packages/sklearn/neural_network/_multilayer_perceptron.py:585: ConvergenceWarning: Stochastic Optimizer: Maximum iterations (200) reached and the optimization hasn't converged yet.
  % self.max_iter, ConvergenceWarning)
/software/python-anaconda-2020.02-el7-x86_64/lib/python3.7/site-packages/sklearn/neural_network/_multilayer_perceptron.py:585: ConvergenceWarning: Stochastic Optimizer: Maximum iterations (200) reached and the optimization hasn't converged yet.
  % self.max_iter, ConvergenceWarning)
/software/python-anaconda-2020.02-el7-x86_64/lib/python3.7/site-packages/sklearn/neural_network/_multilayer_perceptron.py:585: ConvergenceWarning: Stochastic Optimizer: Maximum iterations (200) reached and the optimization hasn't converged yet.
  % self.max_iter, ConvergenceWarning)
/software/python-anaconda-2020.02-el7-x86_64/lib/python3.7/site-packages/sklearn/neural_network/_multilayer_perceptron.py:585: ConvergenceWarning: Stochastic Optimizer: Maximum iterations (200) reached and the optimization hasn't converged yet.
  % self.max_iter, ConvergenceWarning)
/software/python-anaconda-2020.02-el7-x86_64/lib/python3.7/site-packages/sklearn/neural_network/_multilayer_perceptron.py:585: ConvergenceWarning: Stochastic Optimizer: Maximum iterations (200) reached and the optimization hasn't converged yet.
  % self.max_iter, ConvergenceWarning)
/software/python-anaconda-2020.02-el7-x86_64/lib/python3.7/site-packages/sklearn/neural_network/_multilayer_perceptron.py:585: ConvergenceWarning: Stochastic Optimizer: Maximum iterations (200) reached and the optimization hasn't converged yet.
  % self.max_iter, ConvergenceWarning)
/software/python-anaconda-2020.02-el7-x86_64/lib/python3.7/site-packages/sklearn/neural_network/_multilayer_perceptron.py:585: ConvergenceWarning: Stochastic Optimizer: Maximum iterations (200) reached and the optimization hasn't converged yet.
  % self.max_iter, ConvergenceWarning)
/software/python-anaconda-2020.02-el7-x86_64/lib/python3.7/site-packages/sklearn/neural_network/_multilayer_perceptron.py:585: ConvergenceWarning: Stochastic Optimizer: Maximum iterations (200) reached and the optimization hasn't converged yet.
  % self.max_iter, ConvergenceWarning)
/software/python-anaconda-2020.02-el7-x86_64/lib/python3.7/site-packages/sklearn/neural_network/_multilayer_perceptron.py:585: ConvergenceWarning: Stochastic Optimizer: Maximum iterations (200) reached and the optimization hasn't converged yet.
  % self.max_iter, ConvergenceWarning)
/software/python-anaconda-2020.02-el7-x86_64/lib/python3.7/site-packages/sklearn/neural_network/_multilayer_perceptron.py:585: ConvergenceWarning: Stochastic Optimizer: Maximum iterations (200) reached and the optimization hasn't converged yet.
  % self.max_iter, ConvergenceWarning)
/software/python-anaconda-2020.02-el7-x86_64/lib/python3.7/site-packages/sklearn/neural_network/_multilayer_perceptron.py:585: ConvergenceWarning: Stochastic Optimizer: Maximum iterations (200) reached and the optimization hasn't converged yet.
  % self.max_iter, ConvergenceWarning)
/software/python-anaconda-2020.02-el7-x86_64/lib/python3.7/site-packages/sklearn/neural_network/_multilayer_perceptron.py:585: ConvergenceWarning: Stochastic Optimizer: Maximum iterations (200) reached and the optimization hasn't converged yet.
  % self.max_iter, ConvergenceWarning)
/software/python-anaconda-2020.02-el7-x86_64/lib/python3.7/site-packages/sklearn/neural_network/_multilayer_perceptron.py:585: ConvergenceWarning: Stochastic Optimizer: Maximum iterations (200) reached and the optimization hasn't converged yet.
  % self.max_iter, ConvergenceWarning)
/software/python-anaconda-2020.02-el7-x86_64/lib/python3.7/site-packages/sklearn/neural_network/_multilayer_perceptron.py:585: ConvergenceWarning: Stochastic Optimizer: Maximum iterations (200) reached and the optimization hasn't converged yet.
  % self.max_iter, ConvergenceWarning)
/software/python-anaconda-2020.02-el7-x86_64/lib/python3.7/site-packages/sklearn/neural_network/_multilayer_perceptron.py:585: ConvergenceWarning: Stochastic Optimizer: Maximum iterations (200) reached and the optimization hasn't converged yet.
  % self.max_iter, ConvergenceWarning)
/software/python-anaconda-2020.02-el7-x86_64/lib/python3.7/site-packages/sklearn/neural_network/_multilayer_perceptron.py:585: ConvergenceWarning: Stochastic Optimizer: Maximum iterations (200) reached and the optimization hasn't converged yet.
  % self.max_iter, ConvergenceWarning)
/software/python-anaconda-2020.02-el7-x86_64/lib/python3.7/site-packages/sklearn/neural_network/_multilayer_perceptron.py:585: ConvergenceWarning: Stochastic Optimizer: Maximum iterations (200) reached and the optimization hasn't converged yet.
  % self.max_iter, ConvergenceWarning)
/software/python-anaconda-2020.02-el7-x86_64/lib/python3.7/site-packages/sklearn/neural_network/_multilayer_perceptron.py:585: ConvergenceWarning: Stochastic Optimizer: Maximum iterations (200) reached and the optimization hasn't converged yet.
  % self.max_iter, ConvergenceWarning)
/software/python-anaconda-2020.02-el7-x86_64/lib/python3.7/site-packages/sklearn/neural_network/_multilayer_perceptron.py:585: ConvergenceWarning: Stochastic Optimizer: Maximum iterations (200) reached and the optimization hasn't converged yet.
  % self.max_iter, ConvergenceWarning)
/software/python-anaconda-2020.02-el7-x86_64/lib/python3.7/site-packages/sklearn/neural_network/_multilayer_perceptron.py:585: ConvergenceWarning: Stochastic Optimizer: Maximum iterations (200) reached and the optimization hasn't converged yet.
  % self.max_iter, ConvergenceWarning)
/software/python-anaconda-2020.02-el7-x86_64/lib/python3.7/site-packages/sklearn/neural_network/_multilayer_perceptron.py:585: ConvergenceWarning: Stochastic Optimizer: Maximum iterations (200) reached and the optimization hasn't converged yet.
  % self.max_iter, ConvergenceWarning)
/software/python-anaconda-2020.02-el7-x86_64/lib/python3.7/site-packages/sklearn/neural_network/_multilayer_perceptron.py:585: ConvergenceWarning: Stochastic Optimizer: Maximum iterations (200) reached and the optimization hasn't converged yet.
  % self.max_iter, ConvergenceWarning)
/software/python-anaconda-2020.02-el7-x86_64/lib/python3.7/site-packages/sklearn/neural_network/_multilayer_perceptron.py:585: ConvergenceWarning: Stochastic Optimizer: Maximum iterations (200) reached and the optimization hasn't converged yet.
  % self.max_iter, ConvergenceWarning)
/software/python-anaconda-2020.02-el7-x86_64/lib/python3.7/site-packages/sklearn/neural_network/_multilayer_perceptron.py:585: ConvergenceWarning: Stochastic Optimizer: Maximum iterations (200) reached and the optimization hasn't converged yet.
  % self.max_iter, ConvergenceWarning)
/software/python-anaconda-2020.02-el7-x86_64/lib/python3.7/site-packages/sklearn/neural_network/_multilayer_perceptron.py:585: ConvergenceWarning: Stochastic Optimizer: Maximum iterations (200) reached and the optimization hasn't converged yet.
  % self.max_iter, ConvergenceWarning)
/software/python-anaconda-2020.02-el7-x86_64/lib/python3.7/site-packages/sklearn/neural_network/_multilayer_perceptron.py:585: ConvergenceWarning: Stochastic Optimizer: Maximum iterations (200) reached and the optimization hasn't converged yet.
  % self.max_iter, ConvergenceWarning)
/software/python-anaconda-2020.02-el7-x86_64/lib/python3.7/site-packages/sklearn/neural_network/_multilayer_perceptron.py:585: ConvergenceWarning: Stochastic Optimizer: Maximum iterations (200) reached and the optimization hasn't converged yet.
  % self.max_iter, ConvergenceWarning)
/software/python-anaconda-2020.02-el7-x86_64/lib/python3.7/site-packages/sklearn/neural_network/_multilayer_perceptron.py:585: ConvergenceWarning: Stochastic Optimizer: Maximum iterations (200) reached and the optimization hasn't converged yet.
  % self.max_iter, ConvergenceWarning)
/software/python-anaconda-2020.02-el7-x86_64/lib/python3.7/site-packages/sklearn/neural_network/_multilayer_perceptron.py:585: ConvergenceWarning: Stochastic Optimizer: Maximum iterations (200) reached and the optimization hasn't converged yet.
  % self.max_iter, ConvergenceWarning)
/software/python-anaconda-2020.02-el7-x86_64/lib/python3.7/site-packages/sklearn/neural_network/_multilayer_perceptron.py:585: ConvergenceWarning: Stochastic Optimizer: Maximum iterations (200) reached and the optimization hasn't converged yet.
  % self.max_iter, ConvergenceWarning)
/software/python-anaconda-2020.02-el7-x86_64/lib/python3.7/site-packages/sklearn/neural_network/_multilayer_perceptron.py:585: ConvergenceWarning: Stochastic Optimizer: Maximum iterations (200) reached and the optimization hasn't converged yet.
  % self.max_iter, ConvergenceWarning)
/software/python-anaconda-2020.02-el7-x86_64/lib/python3.7/site-packages/sklearn/neural_network/_multilayer_perceptron.py:585: ConvergenceWarning: Stochastic Optimizer: Maximum iterations (200) reached and the optimization hasn't converged yet.
  % self.max_iter, ConvergenceWarning)
/software/python-anaconda-2020.02-el7-x86_64/lib/python3.7/site-packages/sklearn/neural_network/_multilayer_perceptron.py:585: ConvergenceWarning: Stochastic Optimizer: Maximum iterations (200) reached and the optimization hasn't converged yet.
  % self.max_iter, ConvergenceWarning)
/software/python-anaconda-2020.02-el7-x86_64/lib/python3.7/site-packages/sklearn/neural_network/_multilayer_perceptron.py:585: ConvergenceWarning: Stochastic Optimizer: Maximum iterations (200) reached and the optimization hasn't converged yet.
  % self.max_iter, ConvergenceWarning)
/software/python-anaconda-2020.02-el7-x86_64/lib/python3.7/site-packages/sklearn/neural_network/_multilayer_perceptron.py:585: ConvergenceWarning: Stochastic Optimizer: Maximum iterations (200) reached and the optimization hasn't converged yet.
  % self.max_iter, ConvergenceWarning)
/software/python-anaconda-2020.02-el7-x86_64/lib/python3.7/site-packages/sklearn/neural_network/_multilayer_perceptron.py:585: ConvergenceWarning: Stochastic Optimizer: Maximum iterations (200) reached and the optimization hasn't converged yet.
  % self.max_iter, ConvergenceWarning)
/software/python-anaconda-2020.02-el7-x86_64/lib/python3.7/site-packages/sklearn/neural_network/_multilayer_perceptron.py:585: ConvergenceWarning: Stochastic Optimizer: Maximum iterations (200) reached and the optimization hasn't converged yet.
  % self.max_iter, ConvergenceWarning)
/software/python-anaconda-2020.02-el7-x86_64/lib/python3.7/site-packages/sklearn/neural_network/_multilayer_perceptron.py:585: ConvergenceWarning: Stochastic Optimizer: Maximum iterations (200) reached and the optimization hasn't converged yet.
  % self.max_iter, ConvergenceWarning)
/software/python-anaconda-2020.02-el7-x86_64/lib/python3.7/site-packages/sklearn/neural_network/_multilayer_perceptron.py:585: ConvergenceWarning: Stochastic Optimizer: Maximum iterations (200) reached and the optimization hasn't converged yet.
  % self.max_iter, ConvergenceWarning)
/software/python-anaconda-2020.02-el7-x86_64/lib/python3.7/site-packages/sklearn/neural_network/_multilayer_perceptron.py:585: ConvergenceWarning: Stochastic Optimizer: Maximum iterations (200) reached and the optimization hasn't converged yet.
  % self.max_iter, ConvergenceWarning)
/software/python-anaconda-2020.02-el7-x86_64/lib/python3.7/site-packages/sklearn/neural_network/_multilayer_perceptron.py:585: ConvergenceWarning: Stochastic Optimizer: Maximum iterations (200) reached and the optimization hasn't converged yet.
  % self.max_iter, ConvergenceWarning)
/software/python-anaconda-2020.02-el7-x86_64/lib/python3.7/site-packages/sklearn/neural_network/_multilayer_perceptron.py:585: ConvergenceWarning: Stochastic Optimizer: Maximum iterations (200) reached and the optimization hasn't converged yet.
  % self.max_iter, ConvergenceWarning)
/software/python-anaconda-2020.02-el7-x86_64/lib/python3.7/site-packages/sklearn/neural_network/_multilayer_perceptron.py:585: ConvergenceWarning: Stochastic Optimizer: Maximum iterations (200) reached and the optimization hasn't converged yet.
  % self.max_iter, ConvergenceWarning)
/software/python-anaconda-2020.02-el7-x86_64/lib/python3.7/site-packages/sklearn/neural_network/_multilayer_perceptron.py:585: ConvergenceWarning: Stochastic Optimizer: Maximum iterations (200) reached and the optimization hasn't converged yet.
  % self.max_iter, ConvergenceWarning)
/software/python-anaconda-2020.02-el7-x86_64/lib/python3.7/site-packages/sklearn/neural_network/_multilayer_perceptron.py:585: ConvergenceWarning: Stochastic Optimizer: Maximum iterations (200) reached and the optimization hasn't converged yet.
  % self.max_iter, ConvergenceWarning)
/software/python-anaconda-2020.02-el7-x86_64/lib/python3.7/site-packages/sklearn/neural_network/_multilayer_perceptron.py:585: ConvergenceWarning: Stochastic Optimizer: Maximum iterations (200) reached and the optimization hasn't converged yet.
  % self.max_iter, ConvergenceWarning)
/software/python-anaconda-2020.02-el7-x86_64/lib/python3.7/site-packages/sklearn/neural_network/_multilayer_perceptron.py:585: ConvergenceWarning: Stochastic Optimizer: Maximum iterations (200) reached and the optimization hasn't converged yet.
  % self.max_iter, ConvergenceWarning)
/software/python-anaconda-2020.02-el7-x86_64/lib/python3.7/site-packages/sklearn/neural_network/_multilayer_perceptron.py:585: ConvergenceWarning: Stochastic Optimizer: Maximum iterations (200) reached and the optimization hasn't converged yet.
  % self.max_iter, ConvergenceWarning)
/software/python-anaconda-2020.02-el7-x86_64/lib/python3.7/site-packages/sklearn/neural_network/_multilayer_perceptron.py:585: ConvergenceWarning: Stochastic Optimizer: Maximum iterations (200) reached and the optimization hasn't converged yet.
  % self.max_iter, ConvergenceWarning)
/software/python-anaconda-2020.02-el7-x86_64/lib/python3.7/site-packages/sklearn/neural_network/_multilayer_perceptron.py:585: ConvergenceWarning: Stochastic Optimizer: Maximum iterations (200) reached and the optimization hasn't converged yet.
  % self.max_iter, ConvergenceWarning)
/software/python-anaconda-2020.02-el7-x86_64/lib/python3.7/site-packages/sklearn/neural_network/_multilayer_perceptron.py:585: ConvergenceWarning: Stochastic Optimizer: Maximum iterations (200) reached and the optimization hasn't converged yet.
  % self.max_iter, ConvergenceWarning)
/software/python-anaconda-2020.02-el7-x86_64/lib/python3.7/site-packages/sklearn/neural_network/_multilayer_perceptron.py:585: ConvergenceWarning: Stochastic Optimizer: Maximum iterations (200) reached and the optimization hasn't converged yet.
  % self.max_iter, ConvergenceWarning)
/software/python-anaconda-2020.02-el7-x86_64/lib/python3.7/site-packages/sklearn/neural_network/_multilayer_perceptron.py:585: ConvergenceWarning: Stochastic Optimizer: Maximum iterations (200) reached and the optimization hasn't converged yet.
  % self.max_iter, ConvergenceWarning)
/software/python-anaconda-2020.02-el7-x86_64/lib/python3.7/site-packages/sklearn/neural_network/_multilayer_perceptron.py:585: ConvergenceWarning: Stochastic Optimizer: Maximum iterations (200) reached and the optimization hasn't converged yet.
  % self.max_iter, ConvergenceWarning)
/software/python-anaconda-2020.02-el7-x86_64/lib/python3.7/site-packages/sklearn/neural_network/_multilayer_perceptron.py:585: ConvergenceWarning: Stochastic Optimizer: Maximum iterations (200) reached and the optimization hasn't converged yet.
  % self.max_iter, ConvergenceWarning)
/software/python-anaconda-2020.02-el7-x86_64/lib/python3.7/site-packages/sklearn/neural_network/_multilayer_perceptron.py:585: ConvergenceWarning: Stochastic Optimizer: Maximum iterations (200) reached and the optimization hasn't converged yet.
  % self.max_iter, ConvergenceWarning)
/software/python-anaconda-2020.02-el7-x86_64/lib/python3.7/site-packages/sklearn/neural_network/_multilayer_perceptron.py:585: ConvergenceWarning: Stochastic Optimizer: Maximum iterations (200) reached and the optimization hasn't converged yet.
  % self.max_iter, ConvergenceWarning)
/software/python-anaconda-2020.02-el7-x86_64/lib/python3.7/site-packages/sklearn/neural_network/_multilayer_perceptron.py:585: ConvergenceWarning: Stochastic Optimizer: Maximum iterations (200) reached and the optimization hasn't converged yet.
  % self.max_iter, ConvergenceWarning)
/software/python-anaconda-2020.02-el7-x86_64/lib/python3.7/site-packages/sklearn/neural_network/_multilayer_perceptron.py:585: ConvergenceWarning: Stochastic Optimizer: Maximum iterations (200) reached and the optimization hasn't converged yet.
  % self.max_iter, ConvergenceWarning)
/software/python-anaconda-2020.02-el7-x86_64/lib/python3.7/site-packages/sklearn/neural_network/_multilayer_perceptron.py:585: ConvergenceWarning: Stochastic Optimizer: Maximum iterations (200) reached and the optimization hasn't converged yet.
  % self.max_iter, ConvergenceWarning)
/software/python-anaconda-2020.02-el7-x86_64/lib/python3.7/site-packages/sklearn/neural_network/_multilayer_perceptron.py:585: ConvergenceWarning: Stochastic Optimizer: Maximum iterations (200) reached and the optimization hasn't converged yet.
  % self.max_iter, ConvergenceWarning)
/software/python-anaconda-2020.02-el7-x86_64/lib/python3.7/site-packages/sklearn/neural_network/_multilayer_perceptron.py:585: ConvergenceWarning: Stochastic Optimizer: Maximum iterations (200) reached and the optimization hasn't converged yet.
  % self.max_iter, ConvergenceWarning)
/software/python-anaconda-2020.02-el7-x86_64/lib/python3.7/site-packages/sklearn/neural_network/_multilayer_perceptron.py:585: ConvergenceWarning: Stochastic Optimizer: Maximum iterations (200) reached and the optimization hasn't converged yet.
  % self.max_iter, ConvergenceWarning)
/software/python-anaconda-2020.02-el7-x86_64/lib/python3.7/site-packages/sklearn/neural_network/_multilayer_perceptron.py:585: ConvergenceWarning: Stochastic Optimizer: Maximum iterations (200) reached and the optimization hasn't converged yet.
  % self.max_iter, ConvergenceWarning)
/software/python-anaconda-2020.02-el7-x86_64/lib/python3.7/site-packages/sklearn/neural_network/_multilayer_perceptron.py:585: ConvergenceWarning: Stochastic Optimizer: Maximum iterations (200) reached and the optimization hasn't converged yet.
  % self.max_iter, ConvergenceWarning)
/software/python-anaconda-2020.02-el7-x86_64/lib/python3.7/site-packages/sklearn/neural_network/_multilayer_perceptron.py:585: ConvergenceWarning: Stochastic Optimizer: Maximum iterations (200) reached and the optimization hasn't converged yet.
  % self.max_iter, ConvergenceWarning)
/software/python-anaconda-2020.02-el7-x86_64/lib/python3.7/site-packages/sklearn/neural_network/_multilayer_perceptron.py:585: ConvergenceWarning: Stochastic Optimizer: Maximum iterations (200) reached and the optimization hasn't converged yet.
  % self.max_iter, ConvergenceWarning)
/software/python-anaconda-2020.02-el7-x86_64/lib/python3.7/site-packages/sklearn/neural_network/_multilayer_perceptron.py:585: ConvergenceWarning: Stochastic Optimizer: Maximum iterations (200) reached and the optimization hasn't converged yet.
  % self.max_iter, ConvergenceWarning)
/software/python-anaconda-2020.02-el7-x86_64/lib/python3.7/site-packages/sklearn/neural_network/_multilayer_perceptron.py:585: ConvergenceWarning: Stochastic Optimizer: Maximum iterations (200) reached and the optimization hasn't converged yet.
  % self.max_iter, ConvergenceWarning)
/software/python-anaconda-2020.02-el7-x86_64/lib/python3.7/site-packages/sklearn/neural_network/_multilayer_perceptron.py:585: ConvergenceWarning: Stochastic Optimizer: Maximum iterations (200) reached and the optimization hasn't converged yet.
  % self.max_iter, ConvergenceWarning)
/software/python-anaconda-2020.02-el7-x86_64/lib/python3.7/site-packages/sklearn/neural_network/_multilayer_perceptron.py:585: ConvergenceWarning: Stochastic Optimizer: Maximum iterations (200) reached and the optimization hasn't converged yet.
  % self.max_iter, ConvergenceWarning)
/software/python-anaconda-2020.02-el7-x86_64/lib/python3.7/site-packages/sklearn/neural_network/_multilayer_perceptron.py:585: ConvergenceWarning: Stochastic Optimizer: Maximum iterations (200) reached and the optimization hasn't converged yet.
  % self.max_iter, ConvergenceWarning)
/software/python-anaconda-2020.02-el7-x86_64/lib/python3.7/site-packages/sklearn/neural_network/_multilayer_perceptron.py:585: ConvergenceWarning: Stochastic Optimizer: Maximum iterations (200) reached and the optimization hasn't converged yet.
  % self.max_iter, ConvergenceWarning)
/software/python-anaconda-2020.02-el7-x86_64/lib/python3.7/site-packages/sklearn/neural_network/_multilayer_perceptron.py:585: ConvergenceWarning: Stochastic Optimizer: Maximum iterations (200) reached and the optimization hasn't converged yet.
  % self.max_iter, ConvergenceWarning)
/software/python-anaconda-2020.02-el7-x86_64/lib/python3.7/site-packages/sklearn/neural_network/_multilayer_perceptron.py:585: ConvergenceWarning: Stochastic Optimizer: Maximum iterations (200) reached and the optimization hasn't converged yet.
  % self.max_iter, ConvergenceWarning)
/software/python-anaconda-2020.02-el7-x86_64/lib/python3.7/site-packages/sklearn/neural_network/_multilayer_perceptron.py:585: ConvergenceWarning: Stochastic Optimizer: Maximum iterations (200) reached and the optimization hasn't converged yet.
  % self.max_iter, ConvergenceWarning)
/software/python-anaconda-2020.02-el7-x86_64/lib/python3.7/site-packages/sklearn/neural_network/_multilayer_perceptron.py:585: ConvergenceWarning: Stochastic Optimizer: Maximum iterations (200) reached and the optimization hasn't converged yet.
  % self.max_iter, ConvergenceWarning)
/software/python-anaconda-2020.02-el7-x86_64/lib/python3.7/site-packages/sklearn/neural_network/_multilayer_perceptron.py:585: ConvergenceWarning: Stochastic Optimizer: Maximum iterations (200) reached and the optimization hasn't converged yet.
  % self.max_iter, ConvergenceWarning)
/software/python-anaconda-2020.02-el7-x86_64/lib/python3.7/site-packages/sklearn/neural_network/_multilayer_perceptron.py:585: ConvergenceWarning: Stochastic Optimizer: Maximum iterations (200) reached and the optimization hasn't converged yet.
  % self.max_iter, ConvergenceWarning)
/software/python-anaconda-2020.02-el7-x86_64/lib/python3.7/site-packages/sklearn/neural_network/_multilayer_perceptron.py:585: ConvergenceWarning: Stochastic Optimizer: Maximum iterations (200) reached and the optimization hasn't converged yet.
  % self.max_iter, ConvergenceWarning)
Traceback (most recent call last):
  File "../analyses/pos_ctrl_mouse_tf.py", line 28, in <module>
    df.print_coeffs)
  File "/home/gaubil/mcnerney-cux1-ML/code/analyses_scripts/analyses/../run_model.py", line 172, in run_model
    print_coeffs[i])
  File "/home/gaubil/mcnerney-cux1-ML/code/analyses_scripts/analyses/../run_model.py", line 144, in fit_model_filter_genes
    print_coeffs)
TypeError: fit_model_filter_genes() missing 1 required positional argument: 'print_coeffs'
