MLPClassifier(alpha=0.72, hidden_layer_sizes=(250, 100), max_iter=1000)
['./../../data/input/gene_sets/jeff_cux1_biding_targets.txt']
./../../data/output/export_script/all_cells_all_genes_data_headers.txt
[0.714765100671141, 0.6778523489932886, 0.7080536912751678, 0.7080536912751678, 0.6644295302013423, 0.7281879194630873, 0.6778523489932886, 0.6778523489932886, 0.714765100671141, 0.7080536912751678, 0.7248322147651006, 0.714765100671141, 0.5771812080536913, 0.6812080536912751, 0.6946308724832215, 0.6409395973154363, 0.6946308724832215, 0.7181208053691275, 0.714765100671141, 0.6476510067114094, 0.6711409395973155, 0.697986577181208, 0.7114093959731543, 0.7449664429530202, 0.6946308724832215, 0.7080536912751678, 0.7181208053691275, 0.7080536912751678, 0.6845637583892618, 0.7046979865771812, 0.6845637583892618, 0.697986577181208, 0.6677852348993288, 0.6845637583892618, 0.7214765100671141, 0.7013422818791947, 0.7013422818791947, 0.7550335570469798, 0.7181208053691275, 0.6912751677852349, 0.7114093959731543, 0.6543624161073825, 0.6543624161073825, 0.6510067114093959, 0.7080536912751678, 0.7348993288590604, 0.6946308724832215, 0.7214765100671141, 0.36577181208053694, 0.714765100671141]

Average accuracy: 0.6893288590604026
Standard deviation: 0.05497660336639951
MLPClassifier(alpha=0.72, hidden_layer_sizes=(250, 100), max_iter=1000)
['./../../data/input/gene_sets/jeff_cux1_biding_targets.txt']
./../../data/output/export_script/three_cells_all_genes_data_headers.txt
[0.7689393939393939, 0.7083333333333334, 0.7159090909090909, 0.7575757575757576, 0.7613636363636364, 0.7310606060606061, 0.7386363636363636, 0.7765151515151515, 0.75, 0.7386363636363636, 0.7310606060606061, 0.7348484848484849, 0.7575757575757576, 0.7083333333333334, 0.7234848484848485, 0.7386363636363636, 0.7159090909090909, 0.7727272727272727, 0.7310606060606061, 0.7234848484848485, 0.7424242424242424, 0.7575757575757576, 0.7083333333333334, 0.7651515151515151, 0.7462121212121212, 0.7348484848484849, 0.7727272727272727, 0.7234848484848485, 0.7348484848484849, 0.7462121212121212, 0.7083333333333334, 0.7348484848484849, 0.7348484848484849, 0.7537878787878788, 0.7348484848484849, 0.6818181818181818, 0.6931818181818182, 0.7727272727272727, 0.7613636363636364, 0.696969696969697, 0.7007575757575758, 0.7045454545454546, 0.7878787878787878, 0.7272727272727273, 0.7651515151515151, 0.7121212121212122, 0.7007575757575758, 0.7159090909090909, 0.7537878787878788, 0.7310606060606061]

Average accuracy: 0.7357575757575758
Standard deviation: 0.02457816750131467
MLPClassifier(alpha=0.72, hidden_layer_sizes=(250, 100), max_iter=1000)
['./../../data/input/gene_sets/jeff_cux1_biding_targets.txt', './../../data/input/gene_sets/molly_cux1_biding_intersect.txt']
./../../data/output/export_script/all_cells_all_genes_data_headers.txt
[0.5805369127516778, 0.6375838926174496, 0.6510067114093959, 0.6208053691275168, 0.6610738255033557, 0.6644295302013423, 0.6577181208053692, 0.6610738255033557, 0.5067114093959731, 0.62751677852349, 0.6677852348993288, 0.674496644295302, 0.6644295302013423, 0.6375838926174496, 0.6677852348993288, 0.6677852348993288, 0.674496644295302, 0.610738255033557, 0.6543624161073825, 0.6308724832214765, 0.6375838926174496, 0.6241610738255033, 0.674496644295302, 0.6845637583892618, 0.6879194630872483, 0.6476510067114094, 0.7013422818791947, 0.6241610738255033, 0.7080536912751678, 0.6342281879194631, 0.6778523489932886, 0.6879194630872483, 0.6577181208053692, 0.5302013422818792, 0.6812080536912751, 0.6912751677852349, 0.6208053691275168, 0.674496644295302, 0.6677852348993288, 0.6375838926174496, 0.6543624161073825, 0.6308724832214765, 0.62751677852349, 0.5973154362416108, 0.6711409395973155, 0.6845637583892618, 0.6510067114093959, 0.6342281879194631, 0.6375838926174496, 0.6577181208053692]

Average accuracy: 0.6483221476510067
Standard deviation: 0.037325333050964644
MLPClassifier(alpha=0.72, hidden_layer_sizes=(250, 100), max_iter=1000)
['./../../data/input/gene_sets/jeff_cux1_biding_targets.txt', './../../data/input/gene_sets/molly_cux1_biding_intersect.txt']
./../../data/output/export_script/three_cells_all_genes_data_headers.txt
[0.7007575757575758, 0.7159090909090909, 0.6893939393939394, 0.7121212121212122, 0.7234848484848485, 0.6893939393939394, 0.7613636363636364, 0.7121212121212122, 0.6515151515151515, 0.6477272727272727, 0.7234848484848485, 0.7083333333333334, 0.678030303030303, 0.7272727272727273, 0.6590909090909091, 0.6553030303030303, 0.678030303030303, 0.7083333333333334, 0.7083333333333334, 0.7840909090909091, 0.6856060606060606, 0.7159090909090909, 0.7121212121212122, 0.7234848484848485, 0.7348484848484849, 0.7045454545454546, 0.7007575757575758, 0.7234848484848485, 0.7159090909090909, 0.7272727272727273, 0.6818181818181818, 0.6590909090909091, 0.7159090909090909, 0.7272727272727273, 0.7045454545454546, 0.7121212121212122, 0.6590909090909091, 0.7196969696969697, 0.6856060606060606, 0.7007575757575758, 0.6590909090909091, 0.625, 0.7424242424242424, 0.6363636363636364, 0.6818181818181818, 0.7159090909090909, 0.7386363636363636, 0.6704545454545454, 0.6931818181818182, 0.7348484848484849]

Average accuracy: 0.7008333333333333
Standard deviation: 0.0316508043496206
MLPClassifier(alpha=0.72, hidden_layer_sizes=(250, 100), max_iter=1000)
['./../../data/input/gene_sets/jeff_cux1_biding_targets.txt', './../../data/input/gene_sets/weihan_cux1_biding_intersect.txt']
./../../data/output/export_script/all_cells_all_genes_data_headers.txt
[0.6510067114093959, 0.6543624161073825, 0.6946308724832215, 0.6812080536912751, 0.6845637583892618, 0.6476510067114094, 0.6644295302013423, 0.6778523489932886, 0.6879194630872483, 0.62751677852349, 0.6644295302013423, 0.6409395973154363, 0.6912751677852349, 0.6610738255033557, 0.5302013422818792, 0.6308724832214765, 0.6644295302013423, 0.697986577181208, 0.6409395973154363, 0.6308724832214765, 0.7248322147651006, 0.697986577181208, 0.674496644295302, 0.6778523489932886, 0.6610738255033557, 0.6778523489932886, 0.6375838926174496, 0.6778523489932886, 0.6879194630872483, 0.6342281879194631, 0.6442953020134228, 0.6174496644295302, 0.6644295302013423, 0.6879194630872483, 0.6208053691275168, 0.6778523489932886, 0.6879194630872483, 0.6812080536912751, 0.6644295302013423, 0.6711409395973155, 0.6610738255033557, 0.6644295302013423, 0.6946308724832215, 0.7046979865771812, 0.6342281879194631, 0.6677852348993288, 0.6946308724832215, 0.738255033557047, 0.6879194630872483, 0.6208053691275168]

Average accuracy: 0.665234899328859
Standard deviation: 0.032704333698115894
MLPClassifier(alpha=0.72, hidden_layer_sizes=(250, 100), max_iter=1000)
['./../../data/input/gene_sets/jeff_cux1_biding_targets.txt', './../../data/input/gene_sets/weihan_cux1_biding_intersect.txt']
./../../data/output/export_script/three_cells_all_genes_data_headers.txt
[0.6742424242424242, 0.7196969696969697, 0.7310606060606061, 0.75, 0.7196969696969697, 0.7424242424242424, 0.7234848484848485, 0.7159090909090909, 0.6931818181818182, 0.7007575757575758, 0.7121212121212122, 0.75, 0.6856060606060606, 0.7272727272727273, 0.7310606060606061, 0.696969696969697, 0.6856060606060606, 0.6893939393939394, 0.7348484848484849, 0.7234848484848485, 0.6856060606060606, 0.7537878787878788, 0.696969696969697, 0.6628787878787878, 0.7234848484848485, 0.6742424242424242, 0.6931818181818182, 0.6931818181818182, 0.7007575757575758, 0.7234848484848485, 0.6931818181818182, 0.7159090909090909, 0.6856060606060606, 0.7348484848484849, 0.7007575757575758, 0.6439393939393939, 0.6931818181818182, 0.6856060606060606, 0.7613636363636364, 0.678030303030303, 0.6893939393939394, 0.75, 0.7045454545454546, 0.7083333333333334, 0.6742424242424242, 0.6931818181818182, 0.6666666666666666, 0.6893939393939394, 0.6893939393939394, 0.7045454545454546]

Average accuracy: 0.705530303030303
Standard deviation: 0.02575545891479797
