{'mean_fit_time': array([ 13.28270941,  27.7138833 ,  17.9040863 ,  62.33638935,
        21.5364707 ,  56.72475686,  40.96904011,  58.31776958,
        47.67138081, 101.10556479,  64.26206398, 105.33492999,
        34.44721441,  59.63998432,  48.0583384 , 104.51962152,
        42.57115693,  99.4709507 ]), 'std_fit_time': array([ 0.79920023,  3.03950606,  1.00940716,  5.97456974,  1.80967281,
        7.50060968,  3.67510169,  6.62068759, 12.97501456,  5.46534947,
       10.94329219,  1.32751879, 10.7423183 ,  1.61880286, 13.67639672,
        1.29608492,  4.58407326,  2.60536902]), 'mean_score_time': array([0.0538878 , 0.07860436, 0.05987511, 0.07861576, 0.05580239,
       0.0675303 , 0.05499325, 0.0793149 , 0.05921559, 0.06225934,
       0.05869169, 0.06532631, 0.05611939, 0.07874374, 0.05549679,
       0.066257  , 0.05907984, 0.06787872]), 'std_score_time': array([0.00066007, 0.0112437 , 0.00774844, 0.0078409 , 0.00049231,
       0.0154364 , 0.00161456, 0.01600973, 0.00284938, 0.00704682,
       0.00043326, 0.00465772, 0.0001148 , 0.01492373, 0.00093642,
       0.0121127 , 0.00188328, 0.00659456]), 'param_alpha': masked_array(data=[1e-05, 1e-05, 1e-05, 1e-05, 1e-05, 1e-05, 0.72, 0.72,
                   0.72, 0.72, 0.72, 0.72, 10, 10, 10, 10, 10, 10],
             mask=[False, False, False, False, False, False, False, False,
                   False, False, False, False, False, False, False, False,
                   False, False],
       fill_value='?',
            dtype=object), 'param_hidden_layer_sizes': masked_array(data=[(100, 20), (100, 20), (250, 100), (250, 100),
                   (250, 30), (250, 30), (100, 20), (100, 20), (250, 100),
                   (250, 100), (250, 30), (250, 30), (100, 20), (100, 20),
                   (250, 100), (250, 100), (250, 30), (250, 30)],
             mask=[False, False, False, False, False, False, False, False,
                   False, False, False, False, False, False, False, False,
                   False, False],
       fill_value='?',
            dtype=object), 'param_solver': masked_array(data=['adam', 'lbfgs', 'adam', 'lbfgs', 'adam', 'lbfgs',
                   'adam', 'lbfgs', 'adam', 'lbfgs', 'adam', 'lbfgs',
                   'adam', 'lbfgs', 'adam', 'lbfgs', 'adam', 'lbfgs'],
             mask=[False, False, False, False, False, False, False, False,
                   False, False, False, False, False, False, False, False,
                   False, False],
       fill_value='?',
            dtype=object), 'params': [{'alpha': 1e-05, 'hidden_layer_sizes': (100, 20), 'solver': 'adam'}, {'alpha': 1e-05, 'hidden_layer_sizes': (100, 20), 'solver': 'lbfgs'}, {'alpha': 1e-05, 'hidden_layer_sizes': (250, 100), 'solver': 'adam'}, {'alpha': 1e-05, 'hidden_layer_sizes': (250, 100), 'solver': 'lbfgs'}, {'alpha': 1e-05, 'hidden_layer_sizes': (250, 30), 'solver': 'adam'}, {'alpha': 1e-05, 'hidden_layer_sizes': (250, 30), 'solver': 'lbfgs'}, {'alpha': 0.72, 'hidden_layer_sizes': (100, 20), 'solver': 'adam'}, {'alpha': 0.72, 'hidden_layer_sizes': (100, 20), 'solver': 'lbfgs'}, {'alpha': 0.72, 'hidden_layer_sizes': (250, 100), 'solver': 'adam'}, {'alpha': 0.72, 'hidden_layer_sizes': (250, 100), 'solver': 'lbfgs'}, {'alpha': 0.72, 'hidden_layer_sizes': (250, 30), 'solver': 'adam'}, {'alpha': 0.72, 'hidden_layer_sizes': (250, 30), 'solver': 'lbfgs'}, {'alpha': 10, 'hidden_layer_sizes': (100, 20), 'solver': 'adam'}, {'alpha': 10, 'hidden_layer_sizes': (100, 20), 'solver': 'lbfgs'}, {'alpha': 10, 'hidden_layer_sizes': (250, 100), 'solver': 'adam'}, {'alpha': 10, 'hidden_layer_sizes': (250, 100), 'solver': 'lbfgs'}, {'alpha': 10, 'hidden_layer_sizes': (250, 30), 'solver': 'adam'}, {'alpha': 10, 'hidden_layer_sizes': (250, 30), 'solver': 'lbfgs'}], 'split0_test_score': array([0.67364017, 0.64016736, 0.72384937, 0.65271967, 0.69037657,
       0.64435146, 0.62761506, 0.64853556, 0.69456067, 0.60251046,
       0.49790795, 0.56485356, 0.65690377, 0.63179916, 0.63598326,
       0.64016736, 0.64016736, 0.62343096]), 'split1_test_score': array([0.62184874, 0.60504202, 0.62184874, 0.6092437 , 0.62605042,
       0.61764706, 0.63445378, 0.56722689, 0.66386555, 0.55882353,
       0.64285714, 0.55462185, 0.59243697, 0.6092437 , 0.6092437 ,
       0.58823529, 0.61344538, 0.58823529]), 'split2_test_score': array([0.65546218, 0.63865546, 0.69327731, 0.61764706, 0.65546218,
       0.6302521 , 0.63865546, 0.62184874, 0.66806723, 0.62184874,
       0.66806723, 0.57142857, 0.62605042, 0.60504202, 0.64285714,
       0.57563025, 0.6302521 , 0.63865546]), 'split3_test_score': array([0.6302521 , 0.6092437 , 0.64285714, 0.63865546, 0.6302521 ,
       0.65966387, 0.63445378, 0.64705882, 0.68487395, 0.59663866,
       0.64705882, 0.57983193, 0.66386555, 0.63865546, 0.65546218,
       0.62605042, 0.59243697, 0.65966387]), 'split4_test_score': array([0.67226891, 0.64705882, 0.67647059, 0.64285714, 0.68907563,
       0.62605042, 0.66386555, 0.57563025, 0.71428571, 0.59243697,
       0.71428571, 0.62605042, 0.68067227, 0.65546218, 0.70168067,
       0.6302521 , 0.68487395, 0.58403361]), 'mean_test_score': array([0.65069442, 0.62803347, 0.67166063, 0.63222461, 0.65824338,
       0.63559298, 0.63980873, 0.61206005, 0.68513062, 0.59445167,
       0.63403537, 0.57935727, 0.6439858 , 0.6280405 , 0.64904539,
       0.61206709, 0.63223515, 0.61880384]), 'std_test_score': array([0.02128219, 0.01734177, 0.03612464, 0.01621778, 0.02760726,
       0.01481729, 0.01253872, 0.03460733, 0.01834325, 0.02046338,
       0.07263111, 0.02476101, 0.03126319, 0.01876701, 0.03034711,
       0.02534345, 0.03090193, 0.02908073]), 'rank_test_score': array([ 4, 13,  2, 11,  3,  8,  7, 16,  1, 17,  9, 18,  6, 12,  5, 15, 10,
       14], dtype=int32)}
MLPClassifier(alpha=0.72, hidden_layer_sizes=(250, 100))
{'alpha': 0.72, 'hidden_layer_sizes': (250, 100), 'solver': 'adam'}
{'mean_fit_time': array([ 2.03511381,  2.7157793 ,  2.68339291,  7.17411637,  4.18695321,
        6.67915716,  5.19687614,  7.40510516,  8.19514623, 17.19241481,
        7.25615444, 10.53934946,  3.34481587,  6.61032257,  4.4320694 ,
       17.15374603,  6.88438025, 14.78235869]), 'std_fit_time': array([0.07924028, 0.46112664, 0.08804305, 0.78753173, 0.99576563,
       1.39761833, 0.49936301, 1.147153  , 0.98711993, 4.35316607,
       0.42603347, 1.00091911, 0.4787442 , 1.53874272, 0.54440363,
       4.92620528, 2.25829888, 3.32165684]), 'mean_score_time': array([0.00967345, 0.02202692, 0.00971093, 0.02998772, 0.01619134,
       0.03029451, 0.01174345, 0.02276521, 0.00965481, 0.02425208,
       0.00915608, 0.01108885, 0.00827894, 0.01687379, 0.00920334,
       0.02944016, 0.01288528, 0.02129974]), 'std_score_time': array([0.00144045, 0.00824952, 0.00108072, 0.00547455, 0.00650291,
       0.01031531, 0.00402827, 0.00485959, 0.00070652, 0.00794565,
       0.00080733, 0.00237117, 0.00056926, 0.00899934, 0.00068143,
       0.02046987, 0.00528183, 0.01277041]), 'param_alpha': masked_array(data=[1e-05, 1e-05, 1e-05, 1e-05, 1e-05, 1e-05, 0.72, 0.72,
                   0.72, 0.72, 0.72, 0.72, 10, 10, 10, 10, 10, 10],
             mask=[False, False, False, False, False, False, False, False,
                   False, False, False, False, False, False, False, False,
                   False, False],
       fill_value='?',
            dtype=object), 'param_hidden_layer_sizes': masked_array(data=[(100, 20), (100, 20), (250, 100), (250, 100),
                   (250, 30), (250, 30), (100, 20), (100, 20), (250, 100),
                   (250, 100), (250, 30), (250, 30), (100, 20), (100, 20),
                   (250, 100), (250, 100), (250, 30), (250, 30)],
             mask=[False, False, False, False, False, False, False, False,
                   False, False, False, False, False, False, False, False,
                   False, False],
       fill_value='?',
            dtype=object), 'param_solver': masked_array(data=['adam', 'lbfgs', 'adam', 'lbfgs', 'adam', 'lbfgs',
                   'adam', 'lbfgs', 'adam', 'lbfgs', 'adam', 'lbfgs',
                   'adam', 'lbfgs', 'adam', 'lbfgs', 'adam', 'lbfgs'],
             mask=[False, False, False, False, False, False, False, False,
                   False, False, False, False, False, False, False, False,
                   False, False],
       fill_value='?',
            dtype=object), 'params': [{'alpha': 1e-05, 'hidden_layer_sizes': (100, 20), 'solver': 'adam'}, {'alpha': 1e-05, 'hidden_layer_sizes': (100, 20), 'solver': 'lbfgs'}, {'alpha': 1e-05, 'hidden_layer_sizes': (250, 100), 'solver': 'adam'}, {'alpha': 1e-05, 'hidden_layer_sizes': (250, 100), 'solver': 'lbfgs'}, {'alpha': 1e-05, 'hidden_layer_sizes': (250, 30), 'solver': 'adam'}, {'alpha': 1e-05, 'hidden_layer_sizes': (250, 30), 'solver': 'lbfgs'}, {'alpha': 0.72, 'hidden_layer_sizes': (100, 20), 'solver': 'adam'}, {'alpha': 0.72, 'hidden_layer_sizes': (100, 20), 'solver': 'lbfgs'}, {'alpha': 0.72, 'hidden_layer_sizes': (250, 100), 'solver': 'adam'}, {'alpha': 0.72, 'hidden_layer_sizes': (250, 100), 'solver': 'lbfgs'}, {'alpha': 0.72, 'hidden_layer_sizes': (250, 30), 'solver': 'adam'}, {'alpha': 0.72, 'hidden_layer_sizes': (250, 30), 'solver': 'lbfgs'}, {'alpha': 10, 'hidden_layer_sizes': (100, 20), 'solver': 'adam'}, {'alpha': 10, 'hidden_layer_sizes': (100, 20), 'solver': 'lbfgs'}, {'alpha': 10, 'hidden_layer_sizes': (250, 100), 'solver': 'adam'}, {'alpha': 10, 'hidden_layer_sizes': (250, 100), 'solver': 'lbfgs'}, {'alpha': 10, 'hidden_layer_sizes': (250, 30), 'solver': 'adam'}, {'alpha': 10, 'hidden_layer_sizes': (250, 30), 'solver': 'lbfgs'}], 'split0_test_score': array([0.64016736, 0.62761506, 0.61924686, 0.63179916, 0.62761506,
       0.62761506, 0.62761506, 0.64853556, 0.62343096, 0.61924686,
       0.62761506, 0.61087866, 0.63598326, 0.59832636, 0.61506276,
       0.59414226, 0.61087866, 0.58995816]), 'split1_test_score': array([0.61764706, 0.59663866, 0.60504202, 0.6302521 , 0.63865546,
       0.64705882, 0.63445378, 0.62605042, 0.63865546, 0.64285714,
       0.61764706, 0.61344538, 0.64285714, 0.6092437 , 0.62605042,
       0.62605042, 0.64705882, 0.6302521 ]), 'split2_test_score': array([0.62605042, 0.6302521 , 0.6512605 , 0.61764706, 0.63445378,
       0.61764706, 0.64285714, 0.64705882, 0.64705882, 0.6302521 ,
       0.65966387, 0.64705882, 0.66806723, 0.66386555, 0.64285714,
       0.66386555, 0.65966387, 0.65546218]), 'split3_test_score': array([0.64285714, 0.62184874, 0.63865546, 0.61764706, 0.64705882,
       0.61764706, 0.64285714, 0.61764706, 0.63445378, 0.62605042,
       0.61344538, 0.6302521 , 0.66806723, 0.65546218, 0.64285714,
       0.65546218, 0.6512605 , 0.67647059]), 'split4_test_score': array([0.70168067, 0.64285714, 0.69747899, 0.67647059, 0.70588235,
       0.65966387, 0.71848739, 0.71848739, 0.69327731, 0.69747899,
       0.70168067, 0.68067227, 0.70588235, 0.71008403, 0.70168067,
       0.69327731, 0.71848739, 0.69327731]), 'mean_test_score': array([0.64568053, 0.62384234, 0.64233677, 0.63476319, 0.6507331 ,
       0.63392637, 0.6532541 , 0.65155585, 0.64737527, 0.6431771 ,
       0.64401041, 0.63646145, 0.66417144, 0.64739636, 0.64570163,
       0.64655954, 0.65746985, 0.64908407]), 'std_test_score': array([0.02948084, 0.01523743, 0.03180532, 0.02170054, 0.02828522,
       0.01676153, 0.0331131 , 0.03552326, 0.02418027, 0.02821997,
       0.03307248, 0.02565025, 0.02457245, 0.04032252, 0.0299157 ,
       0.03385115, 0.03477251, 0.036316  ]), 'rank_test_score': array([11, 18, 14, 16,  5, 17,  3,  4,  8, 13, 12, 15,  1,  7, 10,  9,  2,
        6], dtype=int32)}
MLPClassifier(alpha=10, hidden_layer_sizes=(100, 20))
{'alpha': 10, 'hidden_layer_sizes': (100, 20), 'solver': 'adam'}
{'mean_fit_time': array([ 2.55370626,  2.32447758,  2.47018132,  5.6195035 ,  4.57966685,
        4.85755105,  4.93058767,  7.77853498,  7.98981652, 15.39026141,
        6.2904211 , 13.621696  ,  3.48022184,  8.8522903 ,  4.84776464,
       14.6811708 ,  4.50307937, 16.20816164]), 'std_fit_time': array([0.646001  , 0.80495414, 0.14481365, 1.17212406, 0.10019226,
       0.82375392, 0.17326889, 2.69281122, 0.91713098, 1.04625463,
       1.02371873, 1.79332639, 0.42023399, 5.13291576, 0.57507416,
       1.52839499, 0.66965731, 3.79372405]), 'mean_score_time': array([0.01356454, 0.01489267, 0.00989347, 0.02815409, 0.02286611,
       0.02350159, 0.0107482 , 0.03347578, 0.012046  , 0.01467066,
       0.00973401, 0.01412053, 0.00848303, 0.02811232, 0.00937977,
       0.01640806, 0.01148901, 0.02932396]), 'std_score_time': array([0.0072058 , 0.00668532, 0.00051238, 0.00462347, 0.00187366,
       0.00639476, 0.00192394, 0.02832595, 0.00349592, 0.00375479,
       0.00060481, 0.00708779, 0.00023355, 0.02205616, 0.00063273,
       0.00516902, 0.00504975, 0.01498827]), 'param_alpha': masked_array(data=[1e-05, 1e-05, 1e-05, 1e-05, 1e-05, 1e-05, 0.72, 0.72,
                   0.72, 0.72, 0.72, 0.72, 10, 10, 10, 10, 10, 10],
             mask=[False, False, False, False, False, False, False, False,
                   False, False, False, False, False, False, False, False,
                   False, False],
       fill_value='?',
            dtype=object), 'param_hidden_layer_sizes': masked_array(data=[(100, 20), (100, 20), (250, 100), (250, 100),
                   (250, 30), (250, 30), (100, 20), (100, 20), (250, 100),
                   (250, 100), (250, 30), (250, 30), (100, 20), (100, 20),
                   (250, 100), (250, 100), (250, 30), (250, 30)],
             mask=[False, False, False, False, False, False, False, False,
                   False, False, False, False, False, False, False, False,
                   False, False],
       fill_value='?',
            dtype=object), 'param_solver': masked_array(data=['adam', 'lbfgs', 'adam', 'lbfgs', 'adam', 'lbfgs',
                   'adam', 'lbfgs', 'adam', 'lbfgs', 'adam', 'lbfgs',
                   'adam', 'lbfgs', 'adam', 'lbfgs', 'adam', 'lbfgs'],
             mask=[False, False, False, False, False, False, False, False,
                   False, False, False, False, False, False, False, False,
                   False, False],
       fill_value='?',
            dtype=object), 'params': [{'alpha': 1e-05, 'hidden_layer_sizes': (100, 20), 'solver': 'adam'}, {'alpha': 1e-05, 'hidden_layer_sizes': (100, 20), 'solver': 'lbfgs'}, {'alpha': 1e-05, 'hidden_layer_sizes': (250, 100), 'solver': 'adam'}, {'alpha': 1e-05, 'hidden_layer_sizes': (250, 100), 'solver': 'lbfgs'}, {'alpha': 1e-05, 'hidden_layer_sizes': (250, 30), 'solver': 'adam'}, {'alpha': 1e-05, 'hidden_layer_sizes': (250, 30), 'solver': 'lbfgs'}, {'alpha': 0.72, 'hidden_layer_sizes': (100, 20), 'solver': 'adam'}, {'alpha': 0.72, 'hidden_layer_sizes': (100, 20), 'solver': 'lbfgs'}, {'alpha': 0.72, 'hidden_layer_sizes': (250, 100), 'solver': 'adam'}, {'alpha': 0.72, 'hidden_layer_sizes': (250, 100), 'solver': 'lbfgs'}, {'alpha': 0.72, 'hidden_layer_sizes': (250, 30), 'solver': 'adam'}, {'alpha': 0.72, 'hidden_layer_sizes': (250, 30), 'solver': 'lbfgs'}, {'alpha': 10, 'hidden_layer_sizes': (100, 20), 'solver': 'adam'}, {'alpha': 10, 'hidden_layer_sizes': (100, 20), 'solver': 'lbfgs'}, {'alpha': 10, 'hidden_layer_sizes': (250, 100), 'solver': 'adam'}, {'alpha': 10, 'hidden_layer_sizes': (250, 100), 'solver': 'lbfgs'}, {'alpha': 10, 'hidden_layer_sizes': (250, 30), 'solver': 'adam'}, {'alpha': 10, 'hidden_layer_sizes': (250, 30), 'solver': 'lbfgs'}], 'split0_test_score': array([0.62761506, 0.64016736, 0.67782427, 0.64853556, 0.67364017,
       0.66945607, 0.66527197, 0.67364017, 0.66945607, 0.68619247,
       0.64435146, 0.66108787, 0.66527197, 0.65271967, 0.66945607,
       0.64016736, 0.68619247, 0.64853556]), 'split1_test_score': array([0.61344538, 0.59243697, 0.63445378, 0.58823529, 0.6302521 ,
       0.60084034, 0.60084034, 0.60504202, 0.63445378, 0.58403361,
       0.60504202, 0.59663866, 0.58403361, 0.62184874, 0.64285714,
       0.60504202, 0.65546218, 0.6302521 ]), 'split2_test_score': array([0.68067227, 0.64285714, 0.68907563, 0.65546218, 0.67647059,
       0.60504202, 0.65546218, 0.61344538, 0.68487395, 0.62184874,
       0.66386555, 0.61764706, 0.66806723, 0.6512605 , 0.64285714,
       0.66386555, 0.6512605 , 0.66386555]), 'split3_test_score': array([0.71848739, 0.68487395, 0.70588235, 0.68907563, 0.7394958 ,
       0.68907563, 0.73109244, 0.70588235, 0.72268908, 0.68067227,
       0.71008403, 0.68487395, 0.7394958 , 0.69327731, 0.71848739,
       0.71428571, 0.71008403, 0.71428571]), 'split4_test_score': array([0.63865546, 0.6302521 , 0.64285714, 0.62184874, 0.63865546,
       0.66386555, 0.63865546, 0.64705882, 0.67647059, 0.60084034,
       0.59243697, 0.67226891, 0.66806723, 0.67647059, 0.64285714,
       0.64285714, 0.67647059, 0.62184874]), 'mean_test_score': array([0.65577511, 0.63811751, 0.67001864, 0.64063148, 0.67170282,
       0.64565592, 0.65826448, 0.64901375, 0.67758869, 0.63471749,
       0.64315601, 0.64650329, 0.66498717, 0.65911536, 0.66330298,
       0.65324356, 0.67589396, 0.65575753]), 'std_test_score': array([0.03855016, 0.02953441, 0.02725035, 0.03384498, 0.03855558,
       0.03589216, 0.04252744, 0.03753117, 0.02833771, 0.04157797,
       0.04227238, 0.03366912, 0.0492424 , 0.0243296 , 0.0294526 ,
       0.03589213, 0.02144583, 0.03269183]), 'rank_test_score': array([ 9, 17,  4, 16,  3, 14,  8, 12,  1, 18, 15, 13,  5,  7,  6, 11,  2,
       10], dtype=int32)}
MLPClassifier(alpha=0.72, hidden_layer_sizes=(250, 100))
{'alpha': 0.72, 'hidden_layer_sizes': (250, 100), 'solver': 'adam'}
